#
# A fatal error has been detected by the Java Runtime Environment:
#
#  SIGSEGV (0xb) at pc=0x00007ff81ac7ce2f, pid=3972, tid=68867
#
# JRE version: Java(TM) SE Runtime Environment 18.9 (11.0.21+9) (build 11.0.21+9-LTS-193)
# Java VM: Java HotSpot(TM) 64-Bit Server VM 18.9 (11.0.21+9-LTS-193, mixed mode, tiered, compressed oops, g1 gc, bsd-amd64)
# Problematic frame:
# C  [libobjc.A.dylib+0x9e2f]  objc_release+0x1f
#
# No core dump will be written. Core dumps have been disabled. To enable core dumping, try "ulimit -c unlimited" before starting Java again
#
# If you would like to submit a bug report, please visit:
#   https://bugreport.java.com/bugreport/crash.jsp
# The crash happened outside the Java Virtual Machine in native code.
# See problematic frame for where to report the bug.
#

---------------  S U M M A R Y ------------

Command Line: -Dfile.encoding=UTF-8 -Duser.country=JP -Duser.language=ja -Duser.variant com.frappagames.gdx2048.desktop.DesktopLauncher

Host: Macmini7,1 x86_64 2600 MHz, 4 cores, 8G, Darwin 21.6.0
Time: Thu Jan  2 15:56:18 2025 JST elapsed time: 10.003455 seconds (0d 0h 0m 10s)

---------------  T H R E A D  ---------------

Current thread (0x00007fa464a2d800):  JavaThread "LWJGL Application" [_thread_in_native, id=68867, stack(0x0000700006ddc000,0x0000700006edc000)]

Stack: [0x0000700006ddc000,0x0000700006edc000],  sp=0x0000700006edb428,  free space=1021k
Native frames: (J=compiled Java code, j=interpreted, Vv=VM code, C=native code)
C  [libobjc.A.dylib+0x9e2f]  objc_release+0x1f
C  [libobjc.A.dylib+0xad6f]  objc_autoreleasePoolPop+0xa8
C  [CoreFoundation+0x41ada]  _CFAutoreleasePoolPop+0x16
C  [Foundation+0x1e991]  -[NSAutoreleasePool release]+0x85
C  [liblwjgl.dylib+0x16cce]  Java_org_lwjgl_opengl_MacOSXContextImplementation_setView+0x10e
j  org.lwjgl.opengl.MacOSXContextImplementation.setView(Ljava/nio/ByteBuffer;Ljava/nio/ByteBuffer;)V+0
j  org.lwjgl.opengl.MacOSXContextImplementation.makeCurrent(Lorg/lwjgl/opengl/PeerInfo;Ljava/nio/ByteBuffer;)V+7
j  org.lwjgl.opengl.ContextGL.makeCurrent()V+46
j  org.lwjgl.opengl.DrawableGL.makeCurrent()V+14
j  org.lwjgl.opengl.Display.makeCurrent()V+3
j  org.lwjgl.opengl.Display.makeCurrentAndSetSwapInterval()V+0
j  org.lwjgl.opengl.Display.create(Lorg/lwjgl/opengl/PixelFormat;Lorg/lwjgl/opengl/Drawable;Lorg/lwjgl/opengl/ContextAttribs;)V+108
j  org.lwjgl.opengl.Display.create(Lorg/lwjgl/opengl/PixelFormat;)V+12
j  com.badlogic.gdx.backends.lwjgl.LwjglGraphics.createDisplayPixelFormat(ZII)V+243
j  com.badlogic.gdx.backends.lwjgl.LwjglGraphics.setupDisplay()V+592
j  com.badlogic.gdx.backends.lwjgl.LwjglApplication.mainLoop()V+9
j  com.badlogic.gdx.backends.lwjgl.LwjglApplication$1.run()V+27
v  ~StubRoutines::call_stub
V  [libjvm.dylib+0x394215]  _ZN9JavaCalls11call_helperEP9JavaValueRK12methodHandleP17JavaCallArgumentsP6Thread+0x207
V  [libjvm.dylib+0x39365a]  _ZN9JavaCalls12call_virtualEP9JavaValueP5KlassP6SymbolS5_P17JavaCallArgumentsP6Thread+0xea
V  [libjvm.dylib+0x39371a]  _ZN9JavaCalls12call_virtualEP9JavaValue6HandleP5KlassP6SymbolS6_P6Thread+0x62
V  [libjvm.dylib+0x41cc0e]  _ZL12thread_entryP10JavaThreadP6Thread+0x78
V  [libjvm.dylib+0x73ebf4]  _ZN10JavaThread17thread_main_innerEv+0x82
V  [libjvm.dylib+0x73ea4e]  _ZN10JavaThread3runEv+0x126
V  [libjvm.dylib+0x73c914]  _ZN6Thread8call_runEv+0x68
V  [libjvm.dylib+0x6421ff]  _ZL19thread_native_entryP6Thread+0x122
C  [libsystem_pthread.dylib+0x64e1]  _pthread_start+0x7d
C  [libsystem_pthread.dylib+0x1f6b]  thread_start+0xf

Java frames: (J=compiled Java code, j=interpreted, Vv=VM code)
j  org.lwjgl.opengl.MacOSXContextImplementation.setView(Ljava/nio/ByteBuffer;Ljava/nio/ByteBuffer;)V+0
j  org.lwjgl.opengl.MacOSXContextImplementation.makeCurrent(Lorg/lwjgl/opengl/PeerInfo;Ljava/nio/ByteBuffer;)V+7
j  org.lwjgl.opengl.ContextGL.makeCurrent()V+46
j  org.lwjgl.opengl.DrawableGL.makeCurrent()V+14
j  org.lwjgl.opengl.Display.makeCurrent()V+3
j  org.lwjgl.opengl.Display.makeCurrentAndSetSwapInterval()V+0
j  org.lwjgl.opengl.Display.create(Lorg/lwjgl/opengl/PixelFormat;Lorg/lwjgl/opengl/Drawable;Lorg/lwjgl/opengl/ContextAttribs;)V+108
j  org.lwjgl.opengl.Display.create(Lorg/lwjgl/opengl/PixelFormat;)V+12
j  com.badlogic.gdx.backends.lwjgl.LwjglGraphics.createDisplayPixelFormat(ZII)V+243
j  com.badlogic.gdx.backends.lwjgl.LwjglGraphics.setupDisplay()V+592
j  com.badlogic.gdx.backends.lwjgl.LwjglApplication.mainLoop()V+9
j  com.badlogic.gdx.backends.lwjgl.LwjglApplication$1.run()V+27
v  ~StubRoutines::call_stub

siginfo: si_signo: 11 (SIGSEGV), si_code: 1 (SEGV_MAPERR), si_addr: 0x0000395175f315b0

Register to memory mapping:

RAX=0x0000b95175f31590 is an unknown value
RBX=0x0000000000000001 is an unknown value
RCX=0x0000395175f31590 is an unknown value
RDX=0x0 is NULL
RSP=0x0000700006edb428 is pointing into the stack for thread: 0x00007fa464a2d800
RBP=0x0000700006edb460 is pointing into the stack for thread: 0x00007fa464a2d800
RSI=0x00007ff83524e1cf: <offset 0x1a5db1cf> in /usr/lib/libobjc.A.dylib at 0x00007ff81ac73000
RDI=0x0000600003e41590 points into unknown readable memory: 0x0000b95175f31590 | 90 15 f3 75 51 b9 00 00
R8 =0x00007fa462af02c8 points into unknown readable memory: 0x0000000000000000 | 00 00 00 00 00 00 00 00
R9 =0x0 is NULL
R10=0x0000600000203330 points into unknown readable memory: 0x00006000002033c0 | c0 33 20 00 00 60 00 00
R11=0x00007ff81d8b76a4: -[NSResponder release]+0 in /System/Library/Frameworks/AppKit.framework/Versions/C/AppKit at 0x00007ff81d8ac000
R12=0x0000600003e41590 points into unknown readable memory: 0x0000b95175f31590 | 90 15 f3 75 51 b9 00 00
R13=0xa3a3a3a3a3a3a3a3 is an unknown value
R14=0x00007fa462214068 points into unknown readable memory: 0x0000000000000000 | 00 00 00 00 00 00 00 00
R15=0x00007fa462214000 points into unknown readable memory: 0x4f545541a1a1a1a1 | a1 a1 a1 a1 41 55 54 4f


Registers:
RAX=0x0000b95175f31590, RBX=0x0000000000000001, RCX=0x0000395175f31590, RDX=0x0000000000000000
RSP=0x0000700006edb428, RBP=0x0000700006edb460, RSI=0x00007ff83524e1cf, RDI=0x0000600003e41590
R8 =0x00007fa462af02c8, R9 =0x0000000000000000, R10=0x0000600000203330, R11=0x00007ff81d8b76a4
R12=0x0000600003e41590, R13=0xa3a3a3a3a3a3a3a3, R14=0x00007fa462214068, R15=0x00007fa462214000
RIP=0x00007ff81ac7ce2f, EFLAGS=0x0000000000010206, ERR=0x0000000000000004
  TRAPNO=0x000000000000000e

Top of Stack: (sp=0x0000700006edb428)
0x0000700006edb428:   00007ff81ac80dea eaeb3ebcae3200d5
0x0000700006edb438:   00007fa462214000 0000600003e38c30
0x0000700006edb448:   000000012c32a7d8 00007ff83524e1cf
0x0000700006edb458:   0000600003e38c30 0000700006edb480
0x0000700006edb468:   00007ff81ac7dd6f eaeb3ebcae3200d5
0x0000700006edb478:   00007fa462214068 0000700006edb4a0
0x0000700006edb488:   00007ff81ae6fada eaeb3ebcae3200d5
0x0000700006edb498:   0000600001418960 0000700006edb4e0
0x0000700006edb4a8:   00007ff81bcc9991 00007ff85ace67a0
0x0000700006edb4b8:   0000000000000000 eaeb3ebcae3200d5
0x0000700006edb4c8:   0000600001418960 0000600003e40600
0x0000700006edb4d8:   00007fa464a2db48 0000700006edb510
0x0000700006edb4e8:   000000012c20dcce 000000012c32a7e0
0x0000700006edb4f8:   0000000000000000 0000700006edb5a8
0x0000700006edb508:   00007fa464a2d800 0000700006edb580
0x0000700006edb518:   000000010f904710 0000700006edb580
0x0000700006edb528:   000000010f90445e 000000010f904416
0x0000700006edb538:   0000700006edb538 000000012c32a7d8
0x0000700006edb548:   0000700006edb5a8 000000012c32ad48
0x0000700006edb558:   0000000000000000 0000000787798248
0x0000700006edb568:   000000012c32a7e0 0000000000000000
0x0000700006edb578:   0000700006edb5a0 0000700006edb5f8
0x0000700006edb588:   000000010f8fef67 0000000787798248
0x0000700006edb598:   000000010f9017b8 00000007877a4d28
0x0000700006edb5a8:   000000078774f608 0000700006edb5b0
0x0000700006edb5b8:   000000012c32a6df 0000700006edb628
0x0000700006edb5c8:   000000012c32ad48 0000000000000000
0x0000700006edb5d8:   0000000787798248 000000012c32a750
0x0000700006edb5e8:   0000700006edb5a0 0000700006edb618
0x0000700006edb5f8:   0000700006edb688 000000010f8fefac
0x0000700006edb608:   0000000000000000 000000078774f608
0x0000700006edb618:   00000007877a4d28 000000078774f548 

Instructions: (pc=0x00007ff81ac7ce2f)
0x00007ff81ac7ce0f:   c3 48 85 ff 74 76 89 f8 83 e0 01 48 85 c0 75 6c
0x00007ff81ac7ce1f:   48 8b 07 48 b9 f8 ff ff ff ff 7f 00 00 48 21 c1
0x00007ff81ac7ce2f:   48 8b 51 20 f6 c2 04 74 54 a8 01 74 72 48 b9 00
0x00007ff81ac7ce3f:   00 00 00 00 00 80 00 48 ba 00 00 00 00 00 00 00 

Stack slot to memory mapping:
stack at sp + 0 slots: 0x00007ff81ac80dea: _ZN19AutoreleasePoolPage12releaseUntilEPP11objc_object+0xa4 in /usr/lib/libobjc.A.dylib at 0x00007ff81ac73000
stack at sp + 1 slots: 0xeaeb3ebcae3200d5 is an unknown value
stack at sp + 2 slots: 0x00007fa462214000 points into unknown readable memory: 0x4f545541a1a1a1a1 | a1 a1 a1 a1 41 55 54 4f
stack at sp + 3 slots: 0x0000600003e38c30 points into unknown readable memory: 0x011dfff85c3cb8f9 | f9 b8 3c 5c f8 ff 1d 01
stack at sp + 4 slots: 0x000000012c32a7d8 is pointing into metadata
stack at sp + 5 slots: 0x00007ff83524e1cf: <offset 0x1a5db1cf> in /usr/lib/libobjc.A.dylib at 0x00007ff81ac73000
stack at sp + 6 slots: 0x0000600003e38c30 points into unknown readable memory: 0x011dfff85c3cb8f9 | f9 b8 3c 5c f8 ff 1d 01
stack at sp + 7 slots: 0x0000700006edb480 is pointing into the stack for thread: 0x00007fa464a2d800


---------------  P R O C E S S  ---------------

Threads class SMR info:
_java_thread_list=0x0000600003054d40, length=12, elements={
0x00007fa462868000, 0x00007fa46286d000, 0x00007fa46209f000, 0x00007fa4620a2800,
0x00007fa4620a3000, 0x00007fa462869000, 0x00007fa462872000, 0x00007fa4628cd800,
0x00007fa46303b000, 0x00007fa462995000, 0x00007fa464a2d800, 0x00007fa462a24000
}

Java Threads: ( => current thread )
  0x00007fa462868000 JavaThread "Reference Handler" daemon [_thread_blocked, id=18947, stack(0x0000700005fa6000,0x00007000060a6000)]
  0x00007fa46286d000 JavaThread "Finalizer" daemon [_thread_blocked, id=14851, stack(0x00007000060a9000,0x00007000061a9000)]
  0x00007fa46209f000 JavaThread "Signal Dispatcher" daemon [_thread_blocked, id=17155, stack(0x00007000062b2000,0x00007000063b2000)]
  0x00007fa4620a2800 JavaThread "Service Thread" daemon [_thread_blocked, id=21763, stack(0x00007000063b5000,0x00007000064b5000)]
  0x00007fa4620a3000 JavaThread "C2 CompilerThread0" daemon [_thread_blocked, id=43011, stack(0x00007000064b8000,0x00007000065b8000)]
  0x00007fa462869000 JavaThread "C1 CompilerThread0" daemon [_thread_blocked, id=42243, stack(0x00007000065bb000,0x00007000066bb000)]
  0x00007fa462872000 JavaThread "Sweeper thread" daemon [_thread_blocked, id=41731, stack(0x00007000066be000,0x00007000067be000)]
  0x00007fa4628cd800 JavaThread "Common-Cleaner" daemon [_thread_blocked, id=22787, stack(0x00007000068c4000,0x00007000069c4000)]
  0x00007fa46303b000 JavaThread "AppKit Thread" daemon [_thread_in_native, id=259, stack(0x00007ff7bcb55000,0x00007ff7bd355000)]
  0x00007fa462995000 JavaThread "AWT-Shutdown" [_thread_blocked, id=28419, stack(0x00007000069c7000,0x0000700006ac7000)]
=>0x00007fa464a2d800 JavaThread "LWJGL Application" [_thread_in_native, id=68867, stack(0x0000700006ddc000,0x0000700006edc000)]
  0x00007fa462a24000 JavaThread "DestroyJavaVM" [_thread_blocked, id=9731, stack(0x0000700005891000,0x0000700005991000)]

Other Threads:
  0x00007fa46209a000 VMThread "VM Thread" [stack: 0x0000700005ea3000,0x0000700005fa3000] [id=19459]
  0x00007fa46281a800 WatcherThread [stack: 0x00007000067c1000,0x00007000068c1000] [id=41219]
  0x00007fa46201b000 GCTaskThread "GC Thread#0" [stack: 0x0000700005994000,0x0000700005a94000] [id=11779]
  0x00007fa462043800 ConcurrentGCThread "G1 Main Marker" [stack: 0x0000700005a97000,0x0000700005b97000] [id=12035]
  0x00007fa462812000 ConcurrentGCThread "G1 Conc#0" [stack: 0x0000700005b9a000,0x0000700005c9a000] [id=12547]
  0x00007fa462094000 ConcurrentGCThread "G1 Refine#0" [stack: 0x0000700005c9d000,0x0000700005d9d000] [id=20483]
  0x00007fa462095000 ConcurrentGCThread "G1 Young RemSet Sampling" [stack: 0x0000700005da0000,0x0000700005ea0000] [id=20227]

Threads with active compile tasks:

VM state:not at safepoint (normal execution)

VM Mutex/Monitor currently owned by a thread: None

Heap address: 0x0000000780000000, size: 2048 MB, Compressed Oops mode: Zero based, Oop shift amount: 3
Narrow klass base: 0x0000000800000000, Narrow klass shift: 0
Compressed class space size: 1073741824 Address: 0x0000000800000000

Heap:
 garbage-first heap   total 131072K, used 11264K [0x0000000780000000, 0x0000000800000000)
  region size 1024K, 9 young (9216K), 0 survivors (0K)
 Metaspace       used 9363K, capacity 9475K, committed 9728K, reserved 1058816K
  class space    used 863K, capacity 927K, committed 1024K, reserved 1048576K
Heap Regions: E=young(eden), S=young(survivor), O=old, HS=humongous(starts), HC=humongous(continues), CS=collection set, F=free, A=archive, TAMS=top-at-mark-start (previous, next)
|   0|0x0000000780000000, 0x0000000780100000, 0x0000000780100000|100%|HS|  |TAMS 0x0000000780000000, 0x0000000780000000| Complete 
|   1|0x0000000780100000, 0x0000000780200000, 0x0000000780200000|100%|HC|  |TAMS 0x0000000780100000, 0x0000000780100000| Complete 
|   2|0x0000000780200000, 0x0000000780300000, 0x0000000780300000|100%|HS|  |TAMS 0x0000000780200000, 0x0000000780200000| Complete 
|   3|0x0000000780300000, 0x0000000780300000, 0x0000000780400000|  0%| F|  |TAMS 0x0000000780300000, 0x0000000780300000| Untracked 
|   4|0x0000000780400000, 0x0000000780400000, 0x0000000780500000|  0%| F|  |TAMS 0x0000000780400000, 0x0000000780400000| Untracked 
|   5|0x0000000780500000, 0x0000000780500000, 0x0000000780600000|  0%| F|  |TAMS 0x0000000780500000, 0x0000000780500000| Untracked 
|   6|0x0000000780600000, 0x0000000780600000, 0x0000000780700000|  0%| F|  |TAMS 0x0000000780600000, 0x0000000780600000| Untracked 
|   7|0x0000000780700000, 0x0000000780700000, 0x0000000780800000|  0%| F|  |TAMS 0x0000000780700000, 0x0000000780700000| Untracked 
|   8|0x0000000780800000, 0x0000000780800000, 0x0000000780900000|  0%| F|  |TAMS 0x0000000780800000, 0x0000000780800000| Untracked 
|   9|0x0000000780900000, 0x0000000780900000, 0x0000000780a00000|  0%| F|  |TAMS 0x0000000780900000, 0x0000000780900000| Untracked 
|  10|0x0000000780a00000, 0x0000000780a00000, 0x0000000780b00000|  0%| F|  |TAMS 0x0000000780a00000, 0x0000000780a00000| Untracked 
|  11|0x0000000780b00000, 0x0000000780b00000, 0x0000000780c00000|  0%| F|  |TAMS 0x0000000780b00000, 0x0000000780b00000| Untracked 
|  12|0x0000000780c00000, 0x0000000780c00000, 0x0000000780d00000|  0%| F|  |TAMS 0x0000000780c00000, 0x0000000780c00000| Untracked 
|  13|0x0000000780d00000, 0x0000000780d00000, 0x0000000780e00000|  0%| F|  |TAMS 0x0000000780d00000, 0x0000000780d00000| Untracked 
|  14|0x0000000780e00000, 0x0000000780e00000, 0x0000000780f00000|  0%| F|  |TAMS 0x0000000780e00000, 0x0000000780e00000| Untracked 
|  15|0x0000000780f00000, 0x0000000780f00000, 0x0000000781000000|  0%| F|  |TAMS 0x0000000780f00000, 0x0000000780f00000| Untracked 
|  16|0x0000000781000000, 0x0000000781000000, 0x0000000781100000|  0%| F|  |TAMS 0x0000000781000000, 0x0000000781000000| Untracked 
|  17|0x0000000781100000, 0x0000000781100000, 0x0000000781200000|  0%| F|  |TAMS 0x0000000781100000, 0x0000000781100000| Untracked 
|  18|0x0000000781200000, 0x0000000781200000, 0x0000000781300000|  0%| F|  |TAMS 0x0000000781200000, 0x0000000781200000| Untracked 
|  19|0x0000000781300000, 0x0000000781300000, 0x0000000781400000|  0%| F|  |TAMS 0x0000000781300000, 0x0000000781300000| Untracked 
|  20|0x0000000781400000, 0x0000000781400000, 0x0000000781500000|  0%| F|  |TAMS 0x0000000781400000, 0x0000000781400000| Untracked 
|  21|0x0000000781500000, 0x0000000781500000, 0x0000000781600000|  0%| F|  |TAMS 0x0000000781500000, 0x0000000781500000| Untracked 
|  22|0x0000000781600000, 0x0000000781600000, 0x0000000781700000|  0%| F|  |TAMS 0x0000000781600000, 0x0000000781600000| Untracked 
|  23|0x0000000781700000, 0x0000000781700000, 0x0000000781800000|  0%| F|  |TAMS 0x0000000781700000, 0x0000000781700000| Untracked 
|  24|0x0000000781800000, 0x0000000781800000, 0x0000000781900000|  0%| F|  |TAMS 0x0000000781800000, 0x0000000781800000| Untracked 
|  25|0x0000000781900000, 0x0000000781900000, 0x0000000781a00000|  0%| F|  |TAMS 0x0000000781900000, 0x0000000781900000| Untracked 
|  26|0x0000000781a00000, 0x0000000781a00000, 0x0000000781b00000|  0%| F|  |TAMS 0x0000000781a00000, 0x0000000781a00000| Untracked 
|  27|0x0000000781b00000, 0x0000000781b00000, 0x0000000781c00000|  0%| F|  |TAMS 0x0000000781b00000, 0x0000000781b00000| Untracked 
|  28|0x0000000781c00000, 0x0000000781c00000, 0x0000000781d00000|  0%| F|  |TAMS 0x0000000781c00000, 0x0000000781c00000| Untracked 
|  29|0x0000000781d00000, 0x0000000781d00000, 0x0000000781e00000|  0%| F|  |TAMS 0x0000000781d00000, 0x0000000781d00000| Untracked 
|  30|0x0000000781e00000, 0x0000000781e00000, 0x0000000781f00000|  0%| F|  |TAMS 0x0000000781e00000, 0x0000000781e00000| Untracked 
|  31|0x0000000781f00000, 0x0000000781f00000, 0x0000000782000000|  0%| F|  |TAMS 0x0000000781f00000, 0x0000000781f00000| Untracked 
|  32|0x0000000782000000, 0x0000000782000000, 0x0000000782100000|  0%| F|  |TAMS 0x0000000782000000, 0x0000000782000000| Untracked 
|  33|0x0000000782100000, 0x0000000782100000, 0x0000000782200000|  0%| F|  |TAMS 0x0000000782100000, 0x0000000782100000| Untracked 
|  34|0x0000000782200000, 0x0000000782200000, 0x0000000782300000|  0%| F|  |TAMS 0x0000000782200000, 0x0000000782200000| Untracked 
|  35|0x0000000782300000, 0x0000000782300000, 0x0000000782400000|  0%| F|  |TAMS 0x0000000782300000, 0x0000000782300000| Untracked 
|  36|0x0000000782400000, 0x0000000782400000, 0x0000000782500000|  0%| F|  |TAMS 0x0000000782400000, 0x0000000782400000| Untracked 
|  37|0x0000000782500000, 0x0000000782500000, 0x0000000782600000|  0%| F|  |TAMS 0x0000000782500000, 0x0000000782500000| Untracked 
|  38|0x0000000782600000, 0x0000000782600000, 0x0000000782700000|  0%| F|  |TAMS 0x0000000782600000, 0x0000000782600000| Untracked 
|  39|0x0000000782700000, 0x0000000782700000, 0x0000000782800000|  0%| F|  |TAMS 0x0000000782700000, 0x0000000782700000| Untracked 
|  40|0x0000000782800000, 0x0000000782800000, 0x0000000782900000|  0%| F|  |TAMS 0x0000000782800000, 0x0000000782800000| Untracked 
|  41|0x0000000782900000, 0x0000000782900000, 0x0000000782a00000|  0%| F|  |TAMS 0x0000000782900000, 0x0000000782900000| Untracked 
|  42|0x0000000782a00000, 0x0000000782a00000, 0x0000000782b00000|  0%| F|  |TAMS 0x0000000782a00000, 0x0000000782a00000| Untracked 
|  43|0x0000000782b00000, 0x0000000782b00000, 0x0000000782c00000|  0%| F|  |TAMS 0x0000000782b00000, 0x0000000782b00000| Untracked 
|  44|0x0000000782c00000, 0x0000000782c00000, 0x0000000782d00000|  0%| F|  |TAMS 0x0000000782c00000, 0x0000000782c00000| Untracked 
|  45|0x0000000782d00000, 0x0000000782d00000, 0x0000000782e00000|  0%| F|  |TAMS 0x0000000782d00000, 0x0000000782d00000| Untracked 
|  46|0x0000000782e00000, 0x0000000782e00000, 0x0000000782f00000|  0%| F|  |TAMS 0x0000000782e00000, 0x0000000782e00000| Untracked 
|  47|0x0000000782f00000, 0x0000000782f00000, 0x0000000783000000|  0%| F|  |TAMS 0x0000000782f00000, 0x0000000782f00000| Untracked 
|  48|0x0000000783000000, 0x0000000783000000, 0x0000000783100000|  0%| F|  |TAMS 0x0000000783000000, 0x0000000783000000| Untracked 
|  49|0x0000000783100000, 0x0000000783100000, 0x0000000783200000|  0%| F|  |TAMS 0x0000000783100000, 0x0000000783100000| Untracked 
|  50|0x0000000783200000, 0x0000000783200000, 0x0000000783300000|  0%| F|  |TAMS 0x0000000783200000, 0x0000000783200000| Untracked 
|  51|0x0000000783300000, 0x0000000783300000, 0x0000000783400000|  0%| F|  |TAMS 0x0000000783300000, 0x0000000783300000| Untracked 
|  52|0x0000000783400000, 0x0000000783400000, 0x0000000783500000|  0%| F|  |TAMS 0x0000000783400000, 0x0000000783400000| Untracked 
|  53|0x0000000783500000, 0x0000000783500000, 0x0000000783600000|  0%| F|  |TAMS 0x0000000783500000, 0x0000000783500000| Untracked 
|  54|0x0000000783600000, 0x0000000783600000, 0x0000000783700000|  0%| F|  |TAMS 0x0000000783600000, 0x0000000783600000| Untracked 
|  55|0x0000000783700000, 0x0000000783700000, 0x0000000783800000|  0%| F|  |TAMS 0x0000000783700000, 0x0000000783700000| Untracked 
|  56|0x0000000783800000, 0x0000000783800000, 0x0000000783900000|  0%| F|  |TAMS 0x0000000783800000, 0x0000000783800000| Untracked 
|  57|0x0000000783900000, 0x0000000783900000, 0x0000000783a00000|  0%| F|  |TAMS 0x0000000783900000, 0x0000000783900000| Untracked 
|  58|0x0000000783a00000, 0x0000000783a00000, 0x0000000783b00000|  0%| F|  |TAMS 0x0000000783a00000, 0x0000000783a00000| Untracked 
|  59|0x0000000783b00000, 0x0000000783b00000, 0x0000000783c00000|  0%| F|  |TAMS 0x0000000783b00000, 0x0000000783b00000| Untracked 
|  60|0x0000000783c00000, 0x0000000783c00000, 0x0000000783d00000|  0%| F|  |TAMS 0x0000000783c00000, 0x0000000783c00000| Untracked 
|  61|0x0000000783d00000, 0x0000000783d00000, 0x0000000783e00000|  0%| F|  |TAMS 0x0000000783d00000, 0x0000000783d00000| Untracked 
|  62|0x0000000783e00000, 0x0000000783e00000, 0x0000000783f00000|  0%| F|  |TAMS 0x0000000783e00000, 0x0000000783e00000| Untracked 
|  63|0x0000000783f00000, 0x0000000783f00000, 0x0000000784000000|  0%| F|  |TAMS 0x0000000783f00000, 0x0000000783f00000| Untracked 
|  64|0x0000000784000000, 0x0000000784000000, 0x0000000784100000|  0%| F|  |TAMS 0x0000000784000000, 0x0000000784000000| Untracked 
|  65|0x0000000784100000, 0x0000000784100000, 0x0000000784200000|  0%| F|  |TAMS 0x0000000784100000, 0x0000000784100000| Untracked 
|  66|0x0000000784200000, 0x0000000784200000, 0x0000000784300000|  0%| F|  |TAMS 0x0000000784200000, 0x0000000784200000| Untracked 
|  67|0x0000000784300000, 0x0000000784300000, 0x0000000784400000|  0%| F|  |TAMS 0x0000000784300000, 0x0000000784300000| Untracked 
|  68|0x0000000784400000, 0x0000000784400000, 0x0000000784500000|  0%| F|  |TAMS 0x0000000784400000, 0x0000000784400000| Untracked 
|  69|0x0000000784500000, 0x0000000784500000, 0x0000000784600000|  0%| F|  |TAMS 0x0000000784500000, 0x0000000784500000| Untracked 
|  70|0x0000000784600000, 0x0000000784600000, 0x0000000784700000|  0%| F|  |TAMS 0x0000000784600000, 0x0000000784600000| Untracked 
|  71|0x0000000784700000, 0x0000000784700000, 0x0000000784800000|  0%| F|  |TAMS 0x0000000784700000, 0x0000000784700000| Untracked 
|  72|0x0000000784800000, 0x0000000784800000, 0x0000000784900000|  0%| F|  |TAMS 0x0000000784800000, 0x0000000784800000| Untracked 
|  73|0x0000000784900000, 0x0000000784900000, 0x0000000784a00000|  0%| F|  |TAMS 0x0000000784900000, 0x0000000784900000| Untracked 
|  74|0x0000000784a00000, 0x0000000784a00000, 0x0000000784b00000|  0%| F|  |TAMS 0x0000000784a00000, 0x0000000784a00000| Untracked 
|  75|0x0000000784b00000, 0x0000000784b00000, 0x0000000784c00000|  0%| F|  |TAMS 0x0000000784b00000, 0x0000000784b00000| Untracked 
|  76|0x0000000784c00000, 0x0000000784c00000, 0x0000000784d00000|  0%| F|  |TAMS 0x0000000784c00000, 0x0000000784c00000| Untracked 
|  77|0x0000000784d00000, 0x0000000784d00000, 0x0000000784e00000|  0%| F|  |TAMS 0x0000000784d00000, 0x0000000784d00000| Untracked 
|  78|0x0000000784e00000, 0x0000000784e00000, 0x0000000784f00000|  0%| F|  |TAMS 0x0000000784e00000, 0x0000000784e00000| Untracked 
|  79|0x0000000784f00000, 0x0000000784f00000, 0x0000000785000000|  0%| F|  |TAMS 0x0000000784f00000, 0x0000000784f00000| Untracked 
|  80|0x0000000785000000, 0x0000000785000000, 0x0000000785100000|  0%| F|  |TAMS 0x0000000785000000, 0x0000000785000000| Untracked 
|  81|0x0000000785100000, 0x0000000785100000, 0x0000000785200000|  0%| F|  |TAMS 0x0000000785100000, 0x0000000785100000| Untracked 
|  82|0x0000000785200000, 0x0000000785200000, 0x0000000785300000|  0%| F|  |TAMS 0x0000000785200000, 0x0000000785200000| Untracked 
|  83|0x0000000785300000, 0x0000000785300000, 0x0000000785400000|  0%| F|  |TAMS 0x0000000785300000, 0x0000000785300000| Untracked 
|  84|0x0000000785400000, 0x0000000785400000, 0x0000000785500000|  0%| F|  |TAMS 0x0000000785400000, 0x0000000785400000| Untracked 
|  85|0x0000000785500000, 0x0000000785500000, 0x0000000785600000|  0%| F|  |TAMS 0x0000000785500000, 0x0000000785500000| Untracked 
|  86|0x0000000785600000, 0x0000000785600000, 0x0000000785700000|  0%| F|  |TAMS 0x0000000785600000, 0x0000000785600000| Untracked 
|  87|0x0000000785700000, 0x0000000785700000, 0x0000000785800000|  0%| F|  |TAMS 0x0000000785700000, 0x0000000785700000| Untracked 
|  88|0x0000000785800000, 0x0000000785800000, 0x0000000785900000|  0%| F|  |TAMS 0x0000000785800000, 0x0000000785800000| Untracked 
|  89|0x0000000785900000, 0x0000000785900000, 0x0000000785a00000|  0%| F|  |TAMS 0x0000000785900000, 0x0000000785900000| Untracked 
|  90|0x0000000785a00000, 0x0000000785a00000, 0x0000000785b00000|  0%| F|  |TAMS 0x0000000785a00000, 0x0000000785a00000| Untracked 
|  91|0x0000000785b00000, 0x0000000785b00000, 0x0000000785c00000|  0%| F|  |TAMS 0x0000000785b00000, 0x0000000785b00000| Untracked 
|  92|0x0000000785c00000, 0x0000000785c00000, 0x0000000785d00000|  0%| F|  |TAMS 0x0000000785c00000, 0x0000000785c00000| Untracked 
|  93|0x0000000785d00000, 0x0000000785d00000, 0x0000000785e00000|  0%| F|  |TAMS 0x0000000785d00000, 0x0000000785d00000| Untracked 
|  94|0x0000000785e00000, 0x0000000785e00000, 0x0000000785f00000|  0%| F|  |TAMS 0x0000000785e00000, 0x0000000785e00000| Untracked 
|  95|0x0000000785f00000, 0x0000000785f00000, 0x0000000786000000|  0%| F|  |TAMS 0x0000000785f00000, 0x0000000785f00000| Untracked 
|  96|0x0000000786000000, 0x0000000786000000, 0x0000000786100000|  0%| F|  |TAMS 0x0000000786000000, 0x0000000786000000| Untracked 
|  97|0x0000000786100000, 0x0000000786100000, 0x0000000786200000|  0%| F|  |TAMS 0x0000000786100000, 0x0000000786100000| Untracked 
|  98|0x0000000786200000, 0x0000000786200000, 0x0000000786300000|  0%| F|  |TAMS 0x0000000786200000, 0x0000000786200000| Untracked 
|  99|0x0000000786300000, 0x0000000786300000, 0x0000000786400000|  0%| F|  |TAMS 0x0000000786300000, 0x0000000786300000| Untracked 
| 100|0x0000000786400000, 0x0000000786400000, 0x0000000786500000|  0%| F|  |TAMS 0x0000000786400000, 0x0000000786400000| Untracked 
| 101|0x0000000786500000, 0x0000000786500000, 0x0000000786600000|  0%| F|  |TAMS 0x0000000786500000, 0x0000000786500000| Untracked 
| 102|0x0000000786600000, 0x0000000786600000, 0x0000000786700000|  0%| F|  |TAMS 0x0000000786600000, 0x0000000786600000| Untracked 
| 103|0x0000000786700000, 0x0000000786700000, 0x0000000786800000|  0%| F|  |TAMS 0x0000000786700000, 0x0000000786700000| Untracked 
| 104|0x0000000786800000, 0x0000000786800000, 0x0000000786900000|  0%| F|  |TAMS 0x0000000786800000, 0x0000000786800000| Untracked 
| 105|0x0000000786900000, 0x0000000786900000, 0x0000000786a00000|  0%| F|  |TAMS 0x0000000786900000, 0x0000000786900000| Untracked 
| 106|0x0000000786a00000, 0x0000000786a00000, 0x0000000786b00000|  0%| F|  |TAMS 0x0000000786a00000, 0x0000000786a00000| Untracked 
| 107|0x0000000786b00000, 0x0000000786b00000, 0x0000000786c00000|  0%| F|  |TAMS 0x0000000786b00000, 0x0000000786b00000| Untracked 
| 108|0x0000000786c00000, 0x0000000786c00000, 0x0000000786d00000|  0%| F|  |TAMS 0x0000000786c00000, 0x0000000786c00000| Untracked 
| 109|0x0000000786d00000, 0x0000000786d00000, 0x0000000786e00000|  0%| F|  |TAMS 0x0000000786d00000, 0x0000000786d00000| Untracked 
| 110|0x0000000786e00000, 0x0000000786e00000, 0x0000000786f00000|  0%| F|  |TAMS 0x0000000786e00000, 0x0000000786e00000| Untracked 
| 111|0x0000000786f00000, 0x0000000786f00000, 0x0000000787000000|  0%| F|  |TAMS 0x0000000786f00000, 0x0000000786f00000| Untracked 
| 112|0x0000000787000000, 0x0000000787000000, 0x0000000787100000|  0%| F|  |TAMS 0x0000000787000000, 0x0000000787000000| Untracked 
| 113|0x0000000787100000, 0x0000000787100000, 0x0000000787200000|  0%| F|  |TAMS 0x0000000787100000, 0x0000000787100000| Untracked 
| 114|0x0000000787200000, 0x0000000787200000, 0x0000000787300000|  0%| F|  |TAMS 0x0000000787200000, 0x0000000787200000| Untracked 
| 115|0x0000000787300000, 0x0000000787300000, 0x0000000787400000|  0%| F|  |TAMS 0x0000000787300000, 0x0000000787300000| Untracked 
| 116|0x0000000787400000, 0x0000000787400000, 0x0000000787500000|  0%| F|  |TAMS 0x0000000787400000, 0x0000000787400000| Untracked 
| 117|0x0000000787500000, 0x0000000787500000, 0x0000000787600000|  0%| F|  |TAMS 0x0000000787500000, 0x0000000787500000| Untracked 
| 118|0x0000000787600000, 0x0000000787600000, 0x0000000787700000|  0%| F|  |TAMS 0x0000000787600000, 0x0000000787600000| Untracked 
| 119|0x0000000787700000, 0x00000007877d90b8, 0x0000000787800000| 84%| E|  |TAMS 0x0000000787700000, 0x0000000787700000| Complete 
| 120|0x0000000787800000, 0x0000000787900000, 0x0000000787900000|100%| E|CS|TAMS 0x0000000787800000, 0x0000000787800000| Complete 
| 121|0x0000000787900000, 0x0000000787a00000, 0x0000000787a00000|100%| E|CS|TAMS 0x0000000787900000, 0x0000000787900000| Complete 
| 122|0x0000000787a00000, 0x0000000787b00000, 0x0000000787b00000|100%| E|CS|TAMS 0x0000000787a00000, 0x0000000787a00000| Complete 
| 123|0x0000000787b00000, 0x0000000787c00000, 0x0000000787c00000|100%| E|CS|TAMS 0x0000000787b00000, 0x0000000787b00000| Complete 
| 124|0x0000000787c00000, 0x0000000787d00000, 0x0000000787d00000|100%| E|CS|TAMS 0x0000000787c00000, 0x0000000787c00000| Complete 
| 125|0x0000000787d00000, 0x0000000787e00000, 0x0000000787e00000|100%| E|CS|TAMS 0x0000000787d00000, 0x0000000787d00000| Complete 
| 126|0x0000000787e00000, 0x0000000787f00000, 0x0000000787f00000|100%| E|CS|TAMS 0x0000000787e00000, 0x0000000787e00000| Complete 
| 127|0x0000000787f00000, 0x0000000788000000, 0x0000000788000000|100%| E|CS|TAMS 0x0000000787f00000, 0x0000000787f00000| Complete 

Card table byte_map: [0x0000000103393000,0x0000000103793000] _byte_map_base: 0x00000000ff793000

Marking Bits (Prev, Next): (CMBitMap*) 0x00007fa46203ac18, (CMBitMap*) 0x00007fa46203ac50
 Prev Bits: [0x0000000104c23000, 0x0000000106c23000)
 Next Bits: [0x000000011e8f5000, 0x00000001208f5000)

Polling page: 0x0000000102cd2000

Metaspace:

Usage:
  Non-class:      8.35 MB capacity,     8.30 MB (>99%) used,    35.13 KB ( <1%) free+waste,    13.00 KB ( <1%) overhead. 
      Class:    927.00 KB capacity,   863.28 KB ( 93%) used,    57.34 KB (  6%) free+waste,     6.38 KB ( <1%) overhead. 
       Both:      9.25 MB capacity,     9.14 MB ( 99%) used,    92.48 KB ( <1%) free+waste,    19.38 KB ( <1%) overhead. 

Virtual space:
  Non-class space:       10.00 MB reserved,       8.50 MB ( 85%) committed 
      Class space:        1.00 GB reserved,       1.00 MB ( <1%) committed 
             Both:        1.01 GB reserved,       9.50 MB ( <1%) committed 

Chunk freelists:
   Non-Class:  9.50 KB
       Class:  128 bytes
        Both:  9.62 KB

CodeHeap 'non-profiled nmethods': size=120032Kb used=181Kb max_used=181Kb free=119850Kb
 bounds [0x00000001173bd000, 0x000000011762d000, 0x000000011e8f5000]
CodeHeap 'profiled nmethods': size=120032Kb used=1120Kb max_used=1120Kb free=118911Kb
 bounds [0x000000010fe85000, 0x00000001100f5000, 0x00000001173bd000]
CodeHeap 'non-nmethods': size=5696Kb used=1080Kb max_used=1085Kb free=4616Kb
 bounds [0x000000010f8f5000, 0x000000010fb65000, 0x000000010fe85000]
 total_blobs=1067 nmethods=672 adapters=308
 compilation: enabled
              stopped_count=0, restarted_count=0
 full_count=0

Compilation events (10 events):
Event: 9.726 Thread 0x00007fa462869000  668       3       java.lang.ClassLoader::loadClass (7 bytes)
Event: 9.726 Thread 0x00007fa462869000 nmethod 668 0x000000010ff9b210 code [0x000000010ff9b3c0, 0x000000010ff9b580]
Event: 9.726 Thread 0x00007fa462869000  669       3       jdk.internal.loader.ClassLoaders$AppClassLoader::loadClass (40 bytes)
Event: 9.727 Thread 0x00007fa462869000 nmethod 669 0x000000010ff9b610 code [0x000000010ff9b860, 0x000000010ff9c110]
Event: 9.822 Thread 0x00007fa462869000  670       3       java.lang.Short::<init> (10 bytes)
Event: 9.822 Thread 0x00007fa462869000 nmethod 670 0x000000010ff9c490 code [0x000000010ff9c640, 0x000000010ff9c7f0]
Event: 9.822 Thread 0x00007fa462869000  671       3       java.lang.Integer::valueOf (32 bytes)
Event: 9.822 Thread 0x00007fa462869000 nmethod 671 0x000000010ff9c910 code [0x000000010ff9cae0, 0x000000010ff9cdf0]
Event: 9.822 Thread 0x00007fa462869000  672       3       java.nio.Buffer::remaining (20 bytes)
Event: 9.822 Thread 0x00007fa462869000 nmethod 672 0x000000010ff9cf90 code [0x000000010ff9d140, 0x000000010ff9d290]

GC Heap History (0 events):
No events

Deoptimization events (3 events):
Event: 2.260 Thread 0x00007fa462012800 Uncommon trap: reason=unstable_if action=reinterpret pc=0x00000001173c9ef0 method=java.lang.String.startsWith(Ljava/lang/String;I)Z @ 1 c2
Event: 2.265 Thread 0x00007fa462012800 Uncommon trap: reason=unstable_if action=reinterpret pc=0x00000001173cad00 method=java.lang.StringLatin1.indexOf([BI[BII)I @ 91 c2
Event: 3.128 Thread 0x00007fa462012800 Uncommon trap: reason=unstable_if action=reinterpret pc=0x00000001173c189c method=java.lang.String.hashCode()I @ 14 c2

Classes redefined (0 events):
No events

Internal exceptions (10 events):
Event: 8.054 Thread 0x00007fa462012800 Exception <a 'java/security/PrivilegedActionException'{0x00000007879dc158}> (0x00000007879dc158) thrown at [open/src/hotspot/share/prims/jvm.cpp, line 1305]
Event: 8.054 Thread 0x00007fa462012800 Exception <a 'java/security/PrivilegedActionException'{0x00000007879dccd8}> (0x00000007879dccd8) thrown at [open/src/hotspot/share/prims/jvm.cpp, line 1305]
Event: 8.538 Thread 0x00007fa462012800 Exception <a 'org/lwjgl/LWJGLException'{0x0000000787832908}: Could not load OpenAL library> (0x0000000787832908) thrown at [open/src/hotspot/share/prims/jni.cpp, line 632]
Event: 8.538 Thread 0x00007fa462012800 Exception <a 'org/lwjgl/LWJGLException'{0x0000000787832de0}: Could not load OpenAL library> (0x0000000787832de0) thrown at [open/src/hotspot/share/prims/jni.cpp, line 632]
Event: 8.538 Thread 0x00007fa462012800 Exception <a 'org/lwjgl/LWJGLException'{0x0000000787833278}: Could not load OpenAL library> (0x0000000787833278) thrown at [open/src/hotspot/share/prims/jni.cpp, line 632]
Event: 8.538 Thread 0x00007fa462012800 Exception <a 'org/lwjgl/LWJGLException'{0x0000000787833730}: Could not load OpenAL library> (0x0000000787833730) thrown at [open/src/hotspot/share/prims/jni.cpp, line 632]
Event: 8.538 Thread 0x00007fa462012800 Exception <a 'org/lwjgl/LWJGLException'{0x0000000787833be0}: Could not load OpenAL library> (0x0000000787833be0) thrown at [open/src/hotspot/share/prims/jni.cpp, line 632]
Event: 8.539 Thread 0x00007fa462012800 Exception <a 'org/lwjgl/LWJGLException'{0x0000000787834048}: Could not load OpenAL library> (0x0000000787834048) thrown at [open/src/hotspot/share/prims/jni.cpp, line 632]
Event: 8.539 Thread 0x00007fa462012800 Exception <a 'org/lwjgl/LWJGLException'{0x0000000787834490}: Could not load OpenAL library> (0x0000000787834490) thrown at [open/src/hotspot/share/prims/jni.cpp, line 632]
Event: 8.539 Thread 0x00007fa462012800 Exception <a 'org/lwjgl/LWJGLException'{0x00000007878349d8}: Could not load OpenAL library> (0x00000007878349d8) thrown at [open/src/hotspot/share/prims/jni.cpp, line 632]

Events (10 events):
Event: 9.850 loading class org/lwjgl/opengl/ContextImplementation
Event: 9.850 loading class org/lwjgl/opengl/ContextImplementation done
Event: 9.850 loading class org/lwjgl/opengl/MacOSXContextImplementation
Event: 9.850 loading class org/lwjgl/opengl/MacOSXContextImplementation done
Event: 9.851 loading class org/lwjgl/opengl/GLContext
Event: 9.851 loading class org/lwjgl/opengl/GLContext done
Event: 9.862 loading class java/lang/NumberFormatException
Event: 9.862 loading class java/lang/NumberFormatException done
Event: 9.862 loading class org/lwjgl/opengl/GLContext$CapabilitiesCacheEntry
Event: 9.862 loading class org/lwjgl/opengl/GLContext$CapabilitiesCacheEntry done


Dynamic libraries:
0x0000000102cd4000 	/Library/Java/JavaVirtualMachines/jdk-11.jdk/Contents/Home/lib/jli/libjli.dylib
0x00007ff831c79000 	/System/Library/Frameworks/Cocoa.framework/Versions/A/Cocoa
0x00007ff81d8ac000 	/System/Library/Frameworks/AppKit.framework/Versions/C/AppKit
0x00007ff820dc2000 	/System/Library/Frameworks/CoreData.framework/Versions/A/CoreData
0x00007ff81bcab000 	/System/Library/Frameworks/Foundation.framework/Versions/C/Foundation
0x00007ff825be5000 	/usr/lib/libSystem.B.dylib
0x00007ff81e73c000 	/System/Library/PrivateFrameworks/UIFoundation.framework/Versions/A/UIFoundation
0x00007ff82bb5f000 	/System/Library/PrivateFrameworks/RemoteViewServices.framework/Versions/A/RemoteViewServices
0x00007ff823e38000 	/System/Library/PrivateFrameworks/XCTTargetBootstrap.framework/Versions/A/XCTTargetBootstrap
0x00007ff8279f5000 	/System/Library/PrivateFrameworks/InternationalSupport.framework/Versions/A/InternationalSupport
0x00007ff827a7f000 	/System/Library/PrivateFrameworks/UserActivity.framework/Versions/A/UserActivity
0x00007ff826dcd000 	/usr/lib/libspindump.dylib
0x00007ff81e9cb000 	/System/Library/Frameworks/UniformTypeIdentifiers.framework/Versions/A/UniformTypeIdentifiers
0x00007ff82255d000 	/usr/lib/libapp_launch_measurement.dylib
0x00007ff821794000 	/System/Library/PrivateFrameworks/CoreAnalytics.framework/Versions/A/CoreAnalytics
0x00007ff822560000 	/System/Library/PrivateFrameworks/CoreAutoLayout.framework/Versions/A/CoreAutoLayout
0x00007ff823790000 	/System/Library/Frameworks/Metal.framework/Versions/A/Metal
0x00007ff8244bf000 	/usr/lib/liblangid.dylib
0x00007ff823e3d000 	/System/Library/PrivateFrameworks/CoreSVG.framework/Versions/A/CoreSVG
0x00007ff81fdb6000 	/System/Library/PrivateFrameworks/SkyLight.framework/Versions/A/SkyLight
0x00007ff820155000 	/System/Library/Frameworks/CoreGraphics.framework/Versions/A/CoreGraphics
0x00007ff82c221000 	/System/Library/Frameworks/Accelerate.framework/Versions/A/Accelerate
0x00007ff82684c000 	/System/Library/PrivateFrameworks/IconServices.framework/Versions/A/IconServices
0x00007ff823775000 	/System/Library/Frameworks/IOSurface.framework/Versions/A/IOSurface
0x00007ff8217c2000 	/usr/lib/libDiagnosticMessagesClient.dylib
0x00007ff825b05000 	/usr/lib/libz.1.dylib
0x00007ff82f91d000 	/System/Library/Frameworks/ApplicationServices.framework/Versions/A/ApplicationServices
0x00007ff823e24000 	/System/Library/PrivateFrameworks/DFRFoundation.framework/Versions/A/DFRFoundation
0x00007ff81d190000 	/usr/lib/libicucore.A.dylib
0x00007ff8287eb000 	/System/Library/Frameworks/AudioToolbox.framework/Versions/A/AudioToolbox
0x00007ff827a01000 	/System/Library/PrivateFrameworks/DataDetectorsCore.framework/Versions/A/DataDetectorsCore
0x00007ff923f05000 	/System/Library/PrivateFrameworks/TextInput.framework/Versions/A/TextInput
0x00007ff81fd39000 	/usr/lib/libMobileGestalt.dylib
0x00007ff823b30000 	/System/Library/Frameworks/Carbon.framework/Versions/A/Frameworks/HIToolbox.framework/Versions/A/HIToolbox
0x00007ff821f5f000 	/System/Library/Frameworks/QuartzCore.framework/Versions/A/QuartzCore
0x00007ff81ce35000 	/System/Library/Frameworks/Security.framework/Versions/A/Security
0x00007ff82bb97000 	/System/Library/Frameworks/Carbon.framework/Versions/A/Frameworks/SpeechRecognition.framework/Versions/A/SpeechRecognition
0x00007ff8222bd000 	/System/Library/PrivateFrameworks/CoreUI.framework/Versions/A/CoreUI
0x00007ff81c6ff000 	/System/Library/Frameworks/CoreAudio.framework/Versions/A/CoreAudio
0x00007ff8218b1000 	/System/Library/Frameworks/DiskArbitration.framework/Versions/A/DiskArbitration
0x00007ff8271be000 	/System/Library/PrivateFrameworks/MultitouchSupport.framework/Versions/A/MultitouchSupport
0x00007ff81fd38000 	/usr/lib/libenergytrace.dylib
0x00007ff81d794000 	/System/Library/Frameworks/IOKit.framework/Versions/A/IOKit
0x00007ff82bf89000 	/System/Library/Frameworks/CoreServices.framework/Versions/A/CoreServices
0x00007ff8224f7000 	/System/Library/PrivateFrameworks/PerformanceAnalysis.framework/Versions/A/PerformanceAnalysis
0x00007ffa33bd3000 	/System/Library/Frameworks/OpenGL.framework/Versions/A/OpenGL
0x00007ff825121000 	/System/Library/PrivateFrameworks/MobileKeyBag.framework/Versions/A/MobileKeyBag
0x00007ff81ac73000 	/usr/lib/libobjc.A.dylib
0x00007ff820821000 	/System/Library/Frameworks/ColorSync.framework/Versions/A/ColorSync
0x00007ff81ae2e000 	/System/Library/Frameworks/CoreFoundation.framework/Versions/A/CoreFoundation
0x00007ff8240b5000 	/System/Library/Frameworks/CoreImage.framework/Versions/A/CoreImage
0x00007ff81c513000 	/System/Library/Frameworks/CoreText.framework/Versions/A/CoreText
0x00007ff823e6d000 	/System/Library/Frameworks/ImageIO.framework/Versions/A/ImageIO
0x00007ff825beb000 	/System/Library/PrivateFrameworks/SoftLinking.framework/Versions/A/SoftLinking
0x00007ff8225a8000 	/usr/lib/libxml2.2.dylib
0x00007ff81ad3a000 	/usr/lib/libc++.1.dylib
0x00007ff825e6f000 	/usr/lib/libcompression.dylib
0x00007ff827928000 	/System/Library/PrivateFrameworks/TextureIO.framework/Versions/A/TextureIO
0x00007ff82655d000 	/usr/lib/libate.dylib
0x00007ff825be0000 	/usr/lib/system/libcache.dylib
0x00007ff825b9c000 	/usr/lib/system/libcommonCrypto.dylib
0x00007ff825bc5000 	/usr/lib/system/libcompiler_rt.dylib
0x00007ff825bbb000 	/usr/lib/system/libcopyfile.dylib
0x00007ff81ab6e000 	/usr/lib/system/libcorecrypto.dylib
0x00007ff81ac2c000 	/usr/lib/system/libdispatch.dylib
0x00007ff81aded000 	/usr/lib/system/libdyld.dylib
0x00007ff825bd7000 	/usr/lib/system/libkeymgr.dylib
0x00007ff825b7a000 	/usr/lib/system/libmacho.dylib
0x00007ff8251fb000 	/usr/lib/system/libquarantine.dylib
0x00007ff825bd5000 	/usr/lib/system/libremovefile.dylib
0x00007ff81fd86000 	/usr/lib/system/libsystem_asl.dylib
0x00007ff81ab17000 	/usr/lib/system/libsystem_blocks.dylib
0x00007ff81acb1000 	/usr/lib/system/libsystem_c.dylib
0x00007ff825bcd000 	/usr/lib/system/libsystem_collections.dylib
0x00007ff8244af000 	/usr/lib/system/libsystem_configuration.dylib
0x00007ff823758000 	/usr/lib/system/libsystem_containermanager.dylib
0x00007ff8258b2000 	/usr/lib/system/libsystem_coreservices.dylib
0x00007ff81d424000 	/usr/lib/system/libsystem_darwin.dylib
0x00007ff825bd8000 	/usr/lib/system/libsystem_dnssd.dylib
0x00007ff81acae000 	/usr/lib/system/libsystem_featureflags.dylib
0x00007ff81ae03000 	/usr/lib/system/libsystem_info.dylib
0x00007ff825b18000 	/usr/lib/system/libsystem_m.dylib
0x00007ff81ac00000 	/usr/lib/system/libsystem_malloc.dylib
0x00007ff81fd21000 	/usr/lib/system/libsystem_networkextension.dylib
0x00007ff81d84e000 	/usr/lib/system/libsystem_notify.dylib
0x00007ff82be5c000 	/usr/lib/system/libsystem_product_info_filter.dylib
0x00007ff8244b3000 	/usr/lib/system/libsystem_sandbox.dylib
0x00007ff825bd2000 	/usr/lib/system/libsystem_secinit.dylib
0x00007ff81ada9000 	/usr/lib/system/libsystem_kernel.dylib
0x00007ff81adf9000 	/usr/lib/system/libsystem_platform.dylib
0x00007ff81ade1000 	/usr/lib/system/libsystem_pthread.dylib
0x00007ff8215d4000 	/usr/lib/system/libsystem_symptoms.dylib
0x00007ff81ab55000 	/usr/lib/system/libsystem_trace.dylib
0x00007ff825ba8000 	/usr/lib/system/libunwind.dylib
0x00007ff81ab19000 	/usr/lib/system/libxpc.dylib
0x00007ff81ad93000 	/usr/lib/libc++abi.dylib
0x00007ff825bb3000 	/usr/lib/liboah.dylib
0x00007ff826339000 	/usr/lib/liblzma.5.dylib
0x00007ff81b9bd000 	/System/Library/Frameworks/SystemConfiguration.framework/Versions/A/SystemConfiguration
0x00007ff825be7000 	/usr/lib/libfakelink.dylib
0x00007ff81f892000 	/System/Library/Frameworks/CFNetwork.framework/Versions/A/CFNetwork
0x00007ff825d28000 	/usr/lib/libarchive.2.dylib
0x00007ff8244bb000 	/System/Library/PrivateFrameworks/AppleSystemInfo.framework/Versions/A/AppleSystemInfo
0x00007ff825222000 	/usr/lib/libbsm.0.dylib
0x00007ff81eea1000 	/usr/lib/libnetwork.dylib
0x00007ff825b80000 	/usr/lib/system/libkxld.dylib
0x00007ff824e55000 	/System/Library/PrivateFrameworks/IOMobileFramebuffer.framework/Versions/A/IOMobileFramebuffer
0x00007ffb33589000 	/usr/lib/libCoreEntitlements.dylib
0x00007ff825894000 	/System/Library/PrivateFrameworks/AppleFSCompression.framework/Versions/A/AppleFSCompression
0x00007ff82520a000 	/usr/lib/libcoretls.dylib
0x00007ff826353000 	/usr/lib/libcoretls_cfhelpers.dylib
0x00007ff825e69000 	/usr/lib/libpam.2.dylib
0x00007ff8211f3000 	/usr/lib/libsqlite3.dylib
0x00007ff8263c2000 	/usr/lib/libxar.1.dylib
0x00007ff8258a4000 	/usr/lib/libbz2.1.0.dylib
0x00007ff825bec000 	/usr/lib/libpcap.A.dylib
0x00007ff8215cc000 	/usr/lib/libdns_services.dylib
0x00007ff825e39000 	/usr/lib/libapple_nghttp2.dylib
0x00007ff825c26000 	/usr/lib/libiconv.2.dylib
0x00007ff825b79000 	/usr/lib/libcharset.1.dylib
0x00007ff82252b000 	/System/Library/Frameworks/CoreServices.framework/Versions/A/Frameworks/FSEvents.framework/Versions/A/FSEvents
0x00007ff81d42e000 	/System/Library/Frameworks/CoreServices.framework/Versions/A/Frameworks/CarbonCore.framework/Versions/A/CarbonCore
0x00007ff821815000 	/System/Library/Frameworks/CoreServices.framework/Versions/A/Frameworks/Metadata.framework/Versions/A/Metadata
0x00007ff8258b7000 	/System/Library/Frameworks/CoreServices.framework/Versions/A/Frameworks/OSServices.framework/Versions/A/OSServices
0x00007ff825dae000 	/System/Library/Frameworks/CoreServices.framework/Versions/A/Frameworks/SearchKit.framework/Versions/A/SearchKit
0x00007ff82155e000 	/System/Library/Frameworks/CoreServices.framework/Versions/A/Frameworks/AE.framework/Versions/A/AE
0x00007ff81b331000 	/System/Library/Frameworks/CoreServices.framework/Versions/A/Frameworks/LaunchServices.framework/Versions/A/LaunchServices
0x00007ff8262ea000 	/System/Library/Frameworks/CoreServices.framework/Versions/A/Frameworks/DictionaryServices.framework/Versions/A/DictionaryServices
0x00007ff822538000 	/System/Library/Frameworks/CoreServices.framework/Versions/A/Frameworks/SharedFileList.framework/Versions/A/SharedFileList
0x00007ff8251fe000 	/usr/lib/libCheckFix.dylib
0x00007ff81fd9d000 	/System/Library/PrivateFrameworks/TCC.framework/Versions/A/TCC
0x00007ff8244c1000 	/System/Library/PrivateFrameworks/CoreNLP.framework/Versions/A/CoreNLP
0x00007ff8217c5000 	/System/Library/PrivateFrameworks/MetadataUtilities.framework/Versions/A/MetadataUtilities
0x00007ff81ba6e000 	/usr/lib/libmecabra.dylib
0x00007ff825232000 	/usr/lib/libmecab.dylib
0x00007ff81ba39000 	/usr/lib/libCRFSuite.dylib
0x00007ff82528c000 	/usr/lib/libgermantok.dylib
0x00007ff825e14000 	/usr/lib/libThaiTokenizer.dylib
0x00007ff8218b8000 	/System/Library/Frameworks/Accelerate.framework/Versions/A/Frameworks/vImage.framework/Versions/A/vImage
0x00007ff82bf60000 	/System/Library/Frameworks/Accelerate.framework/Versions/A/Frameworks/vecLib.framework/Versions/A/vecLib
0x00007ff826403000 	/System/Library/Frameworks/Accelerate.framework/Versions/A/Frameworks/vecLib.framework/Versions/A/libvMisc.dylib
0x00007ff824c80000 	/System/Library/Frameworks/Accelerate.framework/Versions/A/Frameworks/vecLib.framework/Versions/A/libvDSP.dylib
0x00007ff81b6ad000 	/System/Library/Frameworks/Accelerate.framework/Versions/A/Frameworks/vecLib.framework/Versions/A/libBLAS.dylib
0x00007ff825f4c000 	/System/Library/Frameworks/Accelerate.framework/Versions/A/Frameworks/vecLib.framework/Versions/A/libLAPACK.dylib
0x00007ff82528f000 	/System/Library/Frameworks/Accelerate.framework/Versions/A/Frameworks/vecLib.framework/Versions/A/libLinearAlgebra.dylib
0x00007ff825e51000 	/System/Library/Frameworks/Accelerate.framework/Versions/A/Frameworks/vecLib.framework/Versions/A/libSparseBLAS.dylib
0x00007ff825f46000 	/System/Library/Frameworks/Accelerate.framework/Versions/A/Frameworks/vecLib.framework/Versions/A/libQuadrature.dylib
0x00007ff8245ac000 	/System/Library/Frameworks/Accelerate.framework/Versions/A/Frameworks/vecLib.framework/Versions/A/libBNNS.dylib
0x00007ff81b947000 	/System/Library/Frameworks/Accelerate.framework/Versions/A/Frameworks/vecLib.framework/Versions/A/libSparse.dylib
0x00007ff8245a5000 	/System/Library/PrivateFrameworks/LinguisticData.framework/Versions/A/LinguisticData
0x00007ff81b8fd000 	/System/Library/PrivateFrameworks/Lexicon.framework/Versions/A/Lexicon
0x00007ff8263fc000 	/usr/lib/libChineseTokenizer.dylib
0x00007ff81c068000 	/System/Library/PrivateFrameworks/LanguageModeling.framework/Versions/A/LanguageModeling
0x00007ff825e16000 	/System/Library/PrivateFrameworks/AppleSauce.framework/Versions/A/AppleSauce
0x00007ff824e43000 	/System/Library/PrivateFrameworks/CoreEmoji.framework/Versions/A/CoreEmoji
0x00007ff825d17000 	/usr/lib/libcmph.dylib
0x00007ff82250f000 	/System/Library/Frameworks/OpenDirectory.framework/Versions/A/Frameworks/CFOpenDirectory.framework/Versions/A/CFOpenDirectory
0x00007ff822503000 	/System/Library/Frameworks/OpenDirectory.framework/Versions/A/OpenDirectory
0x00007ff826355000 	/System/Library/PrivateFrameworks/APFS.framework/Versions/A/APFS
0x00007ff825159000 	/System/Library/Frameworks/SecurityFoundation.framework/Versions/A/SecurityFoundation
0x00007ff8263d0000 	/usr/lib/libutil.dylib
0x00007ff81d758000 	/System/Library/PrivateFrameworks/CoreServicesStore.framework/Versions/A/CoreServicesStore
0x00007ff8263d4000 	/usr/lib/libxslt.1.dylib
0x00007ff8251e6000 	/System/Library/PrivateFrameworks/BackgroundTaskManagement.framework/Versions/A/BackgroundTaskManagement
0x00007ff827848000 	/System/Library/Frameworks/ImageIO.framework/Versions/A/Resources/libRadiance.dylib
0x00007ff827851000 	/System/Library/Frameworks/ImageIO.framework/Versions/A/Resources/libJPEG.dylib
0x00007ff82779d000 	/System/Library/Frameworks/ImageIO.framework/Versions/A/Resources/libPng.dylib
0x00007ff8277be000 	/System/Library/Frameworks/ImageIO.framework/Versions/A/Resources/libTIFF.dylib
0x00007ff8278b1000 	/System/Library/Frameworks/ImageIO.framework/Versions/A/Resources/libGIF.dylib
0x00007ff8270d7000 	/System/Library/Frameworks/ImageIO.framework/Versions/A/Resources/libJP2.dylib
0x00007ff826812000 	/usr/lib/libexpat.1.dylib
0x00007ff82708c000 	/System/Library/PrivateFrameworks/AppleJPEG.framework/Versions/A/AppleJPEG
0x00007ff8239f5000 	/System/Library/PrivateFrameworks/FontServices.framework/libFontParser.dylib
0x00007ff821508000 	/System/Library/PrivateFrameworks/RunningBoardServices.framework/Versions/A/RunningBoardServices
0x00007ff832234000 	/System/Library/PrivateFrameworks/IOSurfaceAccelerator.framework/Versions/A/IOSurfaceAccelerator
0x00007ff8271ba000 	/System/Library/PrivateFrameworks/WatchdogClient.framework/Versions/A/WatchdogClient
0x00007ff81c156000 	/System/Library/Frameworks/CoreDisplay.framework/Versions/A/CoreDisplay
0x00007ff8238f3000 	/System/Library/Frameworks/CoreMedia.framework/Versions/A/CoreMedia
0x00007ff823787000 	/System/Library/PrivateFrameworks/IOAccelerator.framework/Versions/A/IOAccelerator
0x00007ff82268c000 	/System/Library/Frameworks/CoreVideo.framework/Versions/A/CoreVideo
0x00007ff825e67000 	/System/Library/Frameworks/MetalPerformanceShaders.framework/Versions/A/MetalPerformanceShaders
0x00007ff8271f7000 	/System/Library/Frameworks/VideoToolbox.framework/Versions/A/VideoToolbox
0x00007ff821452000 	/System/Library/PrivateFrameworks/BaseBoard.framework/Versions/A/BaseBoard
0x00007ff8211d9000 	/System/Library/PrivateFrameworks/ProtocolBuffer.framework/Versions/A/ProtocolBuffer
0x00007ff827841000 	/System/Library/PrivateFrameworks/GPUWrangler.framework/Versions/A/GPUWrangler
0x00007ff827825000 	/System/Library/PrivateFrameworks/IOPresentment.framework/Versions/A/IOPresentment
0x00007ff82784b000 	/System/Library/PrivateFrameworks/DSExternalDisplay.framework/Versions/A/DSExternalDisplay
0x00007ffa33bc7000 	/System/Library/Frameworks/OpenGL.framework/Versions/A/Libraries/libCoreFSCache.dylib
0x00007ffb20c9c000 	/System/Library/PrivateFrameworks/GPUCompiler.framework/Versions/31001/Libraries/libGPUCompilerUtils.dylib
0x00007ff8278b6000 	/System/Library/PrivateFrameworks/CMCaptureCore.framework/Versions/A/CMCaptureCore
0x00007ff826dbb000 	/System/Library/PrivateFrameworks/AppServerSupport.framework/Versions/A/AppServerSupport
0x00007ff829084000 	/System/Library/PrivateFrameworks/perfdata.framework/Versions/A/perfdata
0x00007ff81c282000 	/System/Library/PrivateFrameworks/AudioToolboxCore.framework/Versions/A/AudioToolboxCore
0x00007ff8238d1000 	/System/Library/PrivateFrameworks/caulk.framework/Versions/A/caulk
0x00007ff828996000 	/usr/lib/libAudioStatistics.dylib
0x00007ff92068a000 	/System/Library/PrivateFrameworks/SystemPolicy.framework/Versions/A/SystemPolicy
0x00007ff828bf1000 	/usr/lib/libSMC.dylib
0x00007ff831b2c000 	/System/Library/Frameworks/CoreMIDI.framework/Versions/A/CoreMIDI
0x00007ff82776c000 	/usr/lib/libAudioToolboxUtility.dylib
0x00007ff91c8aa000 	/System/Library/PrivateFrameworks/OSAServicesClient.framework/Versions/A/OSAServicesClient
0x00007ff829091000 	/usr/lib/libperfcheck.dylib
0x00007ff92113b000 	/usr/lib/libmis.dylib
0x00007ffa33c22000 	/System/Library/Frameworks/OpenGL.framework/Versions/A/Libraries/libGLU.dylib
0x00007ffa33be6000 	/System/Library/Frameworks/OpenGL.framework/Versions/A/Libraries/libGFXShared.dylib
0x00007ffa33def000 	/System/Library/Frameworks/OpenGL.framework/Versions/A/Libraries/libGL.dylib
0x00007ffa33bef000 	/System/Library/Frameworks/OpenGL.framework/Versions/A/Libraries/libGLImage.dylib
0x00007ffa33be3000 	/System/Library/Frameworks/OpenGL.framework/Versions/A/Libraries/libCVMSPluginSupport.dylib
0x00007ffa33bce000 	/System/Library/Frameworks/OpenGL.framework/Versions/A/Libraries/libCoreVMClient.dylib
0x00007ff82443d000 	/System/Library/Frameworks/MetalPerformanceShaders.framework/Versions/A/Frameworks/MPSCore.framework/Versions/A/MPSCore
0x00007ff8257ff000 	/System/Library/Frameworks/MetalPerformanceShaders.framework/Versions/A/Frameworks/MPSImage.framework/Versions/A/MPSImage
0x00007ff8252a5000 	/System/Library/Frameworks/MetalPerformanceShaders.framework/Versions/A/Frameworks/MPSNeuralNetwork.framework/Versions/A/MPSNeuralNetwork
0x00007ff825719000 	/System/Library/Frameworks/MetalPerformanceShaders.framework/Versions/A/Frameworks/MPSMatrix.framework/Versions/A/MPSMatrix
0x00007ff8254d4000 	/System/Library/Frameworks/MetalPerformanceShaders.framework/Versions/A/Frameworks/MPSRayIntersector.framework/Versions/A/MPSRayIntersector
0x00007ff825751000 	/System/Library/Frameworks/MetalPerformanceShaders.framework/Versions/A/Frameworks/MPSNDArray.framework/Versions/A/MPSNDArray
0x00007ffa396a7000 	/System/Library/Frameworks/MetalPerformanceShaders.framework/Versions/A/Frameworks/MPSFunctions.framework/Versions/A/MPSFunctions
0x00007ff81b589000 	/System/Library/PrivateFrameworks/MetalTools.framework/Versions/A/MetalTools
0x00007ff8244b9000 	/System/Library/PrivateFrameworks/AggregateDictionary.framework/Versions/A/AggregateDictionary
0x00007ff8265f4000 	/usr/lib/libIOReport.dylib
0x00007ffa351fe000 	/System/Library/Frameworks/OpenCL.framework/Versions/A/OpenCL
0x00007ff826959000 	/System/Library/PrivateFrameworks/FaceCore.framework/Versions/A/FaceCore
0x00007ff82694a000 	/System/Library/PrivateFrameworks/GraphVisualizer.framework/Versions/A/GraphVisualizer
0x00007ffb20ba7000 	/System/Library/PrivateFrameworks/FontServices.framework/Versions/A/FontServices
0x00007ff826d73000 	/System/Library/PrivateFrameworks/OTSVG.framework/Versions/A/OTSVG
0x00007ff822272000 	/System/Library/Frameworks/ApplicationServices.framework/Versions/A/Frameworks/ATS.framework/Versions/A/Resources/libFontRegistry.dylib
0x00007ff826dc3000 	/System/Library/PrivateFrameworks/FontServices.framework/libhvf.dylib
0x00007ffb20ba8000 	/System/Library/PrivateFrameworks/FontServices.framework/libXTFontStaticRegistryData.dylib
0x00007ff8267c2000 	/System/Library/PrivateFrameworks/AppleVA.framework/Versions/A/AppleVA
0x00007ff8289b6000 	/System/Library/Frameworks/ApplicationServices.framework/Versions/A/Frameworks/ATS.framework/Versions/A/ATS
0x00007ff82091f000 	/System/Library/Frameworks/ApplicationServices.framework/Versions/A/Frameworks/HIServices.framework/Versions/A/HIServices
0x00007ff8278c0000 	/System/Library/Frameworks/ApplicationServices.framework/Versions/A/Frameworks/PrintCore.framework/Versions/A/PrintCore
0x00007ff828d44000 	/System/Library/Frameworks/ApplicationServices.framework/Versions/A/Frameworks/QD.framework/Versions/A/QD
0x00007ff828d3c000 	/System/Library/Frameworks/ApplicationServices.framework/Versions/A/Frameworks/ColorSyncLegacy.framework/Versions/A/ColorSyncLegacy
0x00007ff8289a6000 	/System/Library/Frameworks/ApplicationServices.framework/Versions/A/Frameworks/SpeechSynthesis.framework/Versions/A/SpeechSynthesis
0x00007ff827881000 	/System/Library/Frameworks/ApplicationServices.framework/Versions/A/Frameworks/ATSUI.framework/Versions/A/ATSUI
0x00007ff828cd1000 	/usr/lib/libcups.2.dylib
0x00007ff8290a0000 	/System/Library/Frameworks/Kerberos.framework/Versions/A/Kerberos
0x00007ff8290af000 	/System/Library/Frameworks/GSS.framework/Versions/A/GSS
0x00007ff828a22000 	/usr/lib/libresolv.9.dylib
0x00007ff826dd2000 	/System/Library/PrivateFrameworks/Heimdal.framework/Versions/A/Heimdal
0x00007ff82fcaf000 	/System/Library/Frameworks/Kerberos.framework/Versions/A/Libraries/libHeimdalProxy.dylib
0x00007ff8215dc000 	/System/Library/Frameworks/Network.framework/Versions/A/Network
0x00007ff82682d000 	/usr/lib/libheimdal-asn1.dylib
0x00007ff8290fa000 	/System/Library/PrivateFrameworks/CommonAuth.framework/Versions/A/CommonAuth
0x00007ff828928000 	/System/Library/PrivateFrameworks/AudioSession.framework/Versions/A/AudioSession
0x00007ff8268bd000 	/System/Library/PrivateFrameworks/MediaExperience.framework/Versions/A/MediaExperience
0x00007ff8287ba000 	/System/Library/PrivateFrameworks/AudioSession.framework/libSessionUtility.dylib
0x00007ff828d50000 	/System/Library/PrivateFrameworks/AudioResourceArbitration.framework/Versions/A/AudioResourceArbitration
0x00007ff82cdd3000 	/System/Library/PrivateFrameworks/PowerLog.framework/Versions/A/PowerLog
0x00007ff826836000 	/System/Library/PrivateFrameworks/IconFoundation.framework/Versions/A/IconFoundation
0x00007ff82bb87000 	/System/Library/PrivateFrameworks/SpeechRecognitionCore.framework/Versions/A/SpeechRecognitionCore
0x00007ffa20643000 	/System/Library/CoreServices/Encodings/libJapaneseConverter.dylib
0x0000000103a67000 	/Library/Java/JavaVirtualMachines/jdk-11.jdk/Contents/Home/lib/server/libjvm.dylib
0x0000000102d0a000 	/Library/Java/JavaVirtualMachines/jdk-11.jdk/Contents/Home/lib/libverify.dylib
0x0000000102d4d000 	/Library/Java/JavaVirtualMachines/jdk-11.jdk/Contents/Home/lib/libjava.dylib
0x0000000102d1e000 	/Library/Java/JavaVirtualMachines/jdk-11.jdk/Contents/Home/lib/libjimage.dylib
0x0000000102d3d000 	/Library/Java/JavaVirtualMachines/jdk-11.jdk/Contents/Home/lib/libzip.dylib
0x00000001037fb000 	/Library/Java/JavaVirtualMachines/jdk-11.jdk/Contents/Home/lib/libnio.dylib
0x0000000103832000 	/Library/Java/JavaVirtualMachines/jdk-11.jdk/Contents/Home/lib/libnet.dylib
0x000000010388b000 	/private/var/folders/0r/b1_lsbz908x1qv7hr1m66z580000gn/T/libgdxsawanotaijun/5c7c35de/libgdx64.dylib
0x000000010394c000 	/Library/Java/JavaVirtualMachines/jdk-11.jdk/Contents/Home/lib/libawt.dylib
0x00000001039f4000 	/Library/Java/JavaVirtualMachines/jdk-11.jdk/Contents/Home/lib/libmlib_image.dylib
0x00007ffa39610000 	/System/Library/Frameworks/JavaRuntimeSupport.framework/Versions/A/JavaRuntimeSupport
0x00007ff9201ae000 	/System/Library/Frameworks/Carbon.framework/Versions/A/Carbon
0x00007ff82e04e000 	/System/Library/PrivateFrameworks/CoreSymbolication.framework/Versions/A/CoreSymbolication
0x00007ff8335f3000 	/System/Library/Frameworks/Carbon.framework/Versions/A/Frameworks/CommonPanels.framework/Versions/A/CommonPanels
0x00007ff82f684000 	/System/Library/Frameworks/Carbon.framework/Versions/A/Frameworks/Help.framework/Versions/A/Help
0x00007ff8335f7000 	/System/Library/Frameworks/Carbon.framework/Versions/A/Frameworks/ImageCapture.framework/Versions/A/ImageCapture
0x00007ff8335c7000 	/System/Library/Frameworks/Carbon.framework/Versions/A/Frameworks/OpenScripting.framework/Versions/A/OpenScripting
0x00007ff8335ef000 	/System/Library/Frameworks/Carbon.framework/Versions/A/Frameworks/Ink.framework/Versions/A/Ink
0x00007ff9201aa000 	/System/Library/Frameworks/Carbon.framework/Versions/A/Frameworks/Print.framework/Versions/A/Print
0x00007ff8335eb000 	/System/Library/Frameworks/Carbon.framework/Versions/A/Frameworks/SecurityHI.framework/Versions/A/SecurityHI
0x00007ff82e013000 	/System/Library/PrivateFrameworks/DebugSymbols.framework/Versions/A/DebugSymbols
0x0000000107521000 	/Library/Java/JavaVirtualMachines/jdk-11.jdk/Contents/Home/lib/libawt_lwawt.dylib
0x00000001038c7000 	/Library/Java/JavaVirtualMachines/jdk-11.jdk/Contents/Home/lib/libosxapp.dylib
0x00007ff91f478000 	/System/Library/Frameworks/ExceptionHandling.framework/Versions/A/ExceptionHandling
0x00000001077d9000 	/Library/Java/JavaVirtualMachines/jdk-11.jdk/Contents/Home/lib/libfontmanager.dylib
0x0000000107625000 	/Library/Java/JavaVirtualMachines/jdk-11.jdk/Contents/Home/lib/libfreetype.dylib
0x00007ff81d71a000 	/System/Library/PrivateFrameworks/CoreServicesInternal.framework/Versions/A/CoreServicesInternal
0x00007ff82d3c4000 	/System/Library/Frameworks/FileProvider.framework/Versions/A/FileProvider
0x00007ff8213bf000 	/System/Library/Frameworks/Accounts.framework/Versions/A/Accounts
0x00007ff82d53d000 	/System/Library/PrivateFrameworks/GenerationalStorage.framework/Versions/A/GenerationalStorage
0x00007ff82cdc8000 	/System/Library/PrivateFrameworks/SymptomDiagnosticReporter.framework/Versions/A/SymptomDiagnosticReporter
0x00007ff81e9df000 	/System/Library/PrivateFrameworks/DesktopServicesPriv.framework/Versions/A/DesktopServicesPriv
0x00007ff81d85d000 	/usr/lib/libsandbox.1.dylib
0x00007ff82270b000 	/System/Library/PrivateFrameworks/UserManagement.framework/Versions/A/UserManagement
0x00007ff828d31000 	/System/Library/PrivateFrameworks/NetAuth.framework/Versions/A/NetAuth
0x00007ff829c40000 	/System/Library/PrivateFrameworks/Sharing.framework/Versions/A/Sharing
0x00007ff8226de000 	/System/Library/PrivateFrameworks/login.framework/Versions/A/Frameworks/loginsupport.framework/Versions/A/loginsupport
0x00007ff82f1b2000 	/System/Library/PrivateFrameworks/Apple80211.framework/Versions/A/Apple80211
0x00007ff8258e4000 	/System/Library/PrivateFrameworks/AuthKit.framework/Versions/A/AuthKit
0x00007ff824f39000 	/System/Library/PrivateFrameworks/CoreUtils.framework/Versions/A/CoreUtils
0x00007ff824e60000 	/System/Library/Frameworks/CoreWLAN.framework/Versions/A/CoreWLAN
0x00007ff829d9f000 	/System/Library/Frameworks/IOBluetooth.framework/Versions/A/IOBluetooth
0x00007ff82f21a000 	/System/Library/PrivateFrameworks/CoreWiFi.framework/Versions/A/CoreWiFi
0x00007ff82dbe7000 	/System/Library/PrivateFrameworks/FrontBoardServices.framework/Versions/A/FrontBoardServices
0x00007ff82dc78000 	/System/Library/PrivateFrameworks/BoardServices.framework/Versions/A/BoardServices
0x00007ff825148000 	/System/Library/PrivateFrameworks/AssertionServices.framework/Versions/A/AssertionServices
0x00007ff82f39d000 	/System/Library/PrivateFrameworks/BackBoardServices.framework/Versions/A/BackBoardServices
0x00007ff82918b000 	/System/Library/PrivateFrameworks/CorePhoneNumbers.framework/Versions/A/CorePhoneNumbers
0x00007ff828a4f000 	/System/Library/PrivateFrameworks/MultiverseSupport.framework/Versions/A/MultiverseSupport
0x00007ff82f611000 	/System/Library/PrivateFrameworks/RemoteServiceDiscovery.framework/Versions/A/RemoteServiceDiscovery
0x00007ff82cee5000 	/System/Library/PrivateFrameworks/DiskManagement.framework/Versions/A/DiskManagement
0x00007ff82cdf9000 	/System/Library/PrivateFrameworks/AppleIDAuthSupport.framework/Versions/A/AppleIDAuthSupport
0x00007ffb1b523000 	/System/Library/PrivateFrameworks/AAAFoundation.framework/Versions/A/AAAFoundation
0x00007ff82916c000 	/System/Library/PrivateFrameworks/KeychainCircle.framework/Versions/A/KeychainCircle
0x00007ff82f621000 	/System/Library/PrivateFrameworks/RemoteXPC.framework/Versions/A/RemoteXPC
0x00007ff82ceb1000 	/System/Library/PrivateFrameworks/MediaKit.framework/Versions/A/MediaKit
0x00007ff82ce05000 	/System/Library/Frameworks/DiscRecording.framework/Versions/A/DiscRecording
0x00007ff82673a000 	/usr/lib/libCoreStorage.dylib
0x00007ff82f68c000 	/usr/lib/libcsfde.dylib
0x00007ff829e6c000 	/System/Library/PrivateFrameworks/ProtectedCloudStorage.framework/Versions/A/ProtectedCloudStorage
0x00007ff82f688000 	/System/Library/PrivateFrameworks/EFILogin.framework/Versions/A/EFILogin
0x00007ff82d563000 	/System/Library/PrivateFrameworks/OctagonTrust.framework/Versions/A/OctagonTrust
0x00007ffb1fe0b000 	/System/Library/PrivateFrameworks/CoreUtilsExtras.framework/Versions/A/CoreUtilsExtras
0x00007ff82cd2c000 	/System/Library/Frameworks/CoreBluetooth.framework/Versions/A/CoreBluetooth
0x00007ff82fd34000 	/System/Library/Frameworks/AudioUnit.framework/Versions/A/AudioUnit
0x00007ff826732000 	/usr/lib/libMatch.1.dylib
0x00007ff927f3b000 	/System/Library/CoreServices/RawCamera.bundle/Contents/MacOS/RawCamera
0x00007ff82910a000 	/System/Library/PrivateFrameworks/MobileAsset.framework/Versions/A/MobileAsset
0x00007ff82fd5b000 	/System/Library/PrivateFrameworks/StreamingZip.framework/Versions/A/StreamingZip
0x00007ffb1d0ff000 	/System/Library/PrivateFrameworks/CMPhoto.framework/Versions/A/CMPhoto
0x00007ff82dee9000 	/System/Library/PrivateFrameworks/AppleVPA.framework/Versions/A/AppleVPA
0x00007ff827aea000 	/System/Library/Frameworks/MediaToolbox.framework/Versions/A/MediaToolbox
0x00007ff82d394000 	/System/Library/PrivateFrameworks/CoreAVCHD.framework/Versions/A/CoreAVCHD
0x00007ff82c269000 	/System/Library/Frameworks/MediaAccessibility.framework/Versions/A/MediaAccessibility
0x00007ff82d390000 	/System/Library/PrivateFrameworks/Mangrove.framework/Versions/A/Mangrove
0x00007ff82c274000 	/System/Library/PrivateFrameworks/AlgosScoreFramework.framework/Versions/A/AlgosScoreFramework
0x00007ff82cfd5000 	/System/Library/PrivateFrameworks/CoreAUC.framework/Versions/A/CoreAUC
0x00007ff925764000 	/System/Library/Frameworks/Accelerate.framework/Versions/A/Frameworks/vImage.framework/Versions/A/Libraries/libCGInterfaces.dylib
0x00000001074f0000 	/usr/lib/libobjc-trampolines.dylib
0x00007ff822403000 	/System/Library/PrivateFrameworks/ViewBridge.framework/Versions/A/ViewBridge
0x000000012c1f7000 	/private/var/folders/0r/b1_lsbz908x1qv7hr1m66z580000gn/T/libgdxsawanotaijun/f7649394/liblwjgl.dylib
0x000000012c175000 	/Library/Java/JavaVirtualMachines/jdk-11.jdk/Contents/Home/lib/libjawt.dylib
0x000000012c185000 	/private/var/folders/0r/b1_lsbz908x1qv7hr1m66z580000gn/T/libgdxsawanotaijun/f7649394/openal.dylib
0x000000012c560000 	/System/Library/Components/CoreAudio.component/Contents/MacOS/CoreAudio
0x000000012c2ac000 	/System/Library/Extensions/AppleHDA.kext/Contents/PlugIns/AppleHDAHALPlugIn.bundle/Contents/MacOS/AppleHDAHALPlugIn
0x00007ffa3a88c000 	/System/Library/Frameworks/OpenAL.framework/Versions/A/OpenAL
0x000000012d9bf000 	/System/Library/Components/AudioDSP.component/Contents/MacOS/AudioDSP
0x00007ff9204a2000 	/System/Library/Frameworks/AVFoundation.framework/Versions/A/AVFoundation
0x00007ffa382be000 	/System/Library/Frameworks/AVFAudio.framework/Versions/A/AVFAudio
0x00007ff82d9f7000 	/System/Library/PrivateFrameworks/AVFCore.framework/Versions/A/AVFCore
0x00007ff834cb3000 	/System/Library/PrivateFrameworks/AVFCapture.framework/Versions/A/AVFCapture
0x00007ff91f115000 	/System/Library/PrivateFrameworks/AirPlaySync.framework/Versions/A/AirPlaySync
0x00007ffb1d0e8000 	/System/Library/PrivateFrameworks/CMImaging.framework/Versions/A/CMImaging
0x00007ff834e05000 	/System/Library/PrivateFrameworks/Quagga.framework/Versions/A/Quagga
0x00007ff91ab17000 	/System/Library/PrivateFrameworks/CMCapture.framework/Versions/A/CMCapture
0x00007ff828b11000 	/System/Library/Frameworks/CoreMediaIO.framework/Versions/A/CoreMediaIO
0x00007ff82fe5c000 	/System/Library/PrivateFrameworks/Espresso.framework/Versions/A/Espresso
0x00007ff82f725000 	/System/Library/PrivateFrameworks/AppSupport.framework/Versions/A/AppSupport
0x00007ffa26839000 	/System/Library/PrivateFrameworks/ANECompiler.framework/Versions/A/ANECompiler
0x00007ff831aac000 	/System/Library/PrivateFrameworks/AppleNeuralEngine.framework/Versions/A/AppleNeuralEngine
0x00007ffb2369c000 	/System/Library/PrivateFrameworks/MIL.framework/Versions/A/MIL
0x00007ffa396ba000 	/System/Library/Frameworks/MetalPerformanceShadersGraph.framework/Versions/A/MetalPerformanceShadersGraph
0x00007ff8309fb000 	/System/Library/PrivateFrameworks/ANEServices.framework/Versions/A/ANEServices
0x00007ff924f0b000 	/usr/lib/libncurses.5.4.dylib
0x00007ffb3351d000 	/usr/lib/libAudioDSPCore.dylib
0x00007ffa33dfa000 	/System/Library/Frameworks/OpenGL.framework/Versions/A/Resources/GLEngine.bundle/GLEngine
0x00007ffa33c60000 	/System/Library/Frameworks/OpenGL.framework/Versions/A/Libraries/libGLProgrammability.dylib
0x00007ffa2eba5000 	/System/Library/Extensions/AppleIntelHD5000GraphicsGLDriver.bundle/Contents/MacOS/AppleIntelHD5000GraphicsGLDriver
0x00007ff92b2db000 	/System/Library/PrivateFrameworks/GPUSupport.framework/Versions/A/Libraries/libGPUSupportMercury.dylib
0x00007ffa33f84000 	/System/Library/Frameworks/OpenGL.framework/Versions/A/Resources/GLRendererFloat.bundle/GLRendererFloat
0x00007ff826e8a000 	/System/Library/PrivateFrameworks/login.framework/Versions/A/login


VM Arguments:
jvm_args: -Dfile.encoding=UTF-8 -Duser.country=JP -Duser.language=ja -Duser.variant 
java_command: com.frappagames.gdx2048.desktop.DesktopLauncher
java_class_path (initial): /Users/sawanotaijun/Downloads/android/libgdx13/gdx2048/desktop/build/classes/java/main:/Users/sawanotaijun/Downloads/android/libgdx13/gdx2048/desktop/build/resources/main:/Users/sawanotaijun/.gradle/caches/modules-2/files-2.1/com.badlogicgames.gdx/gdx-backend-lwjgl/1.12.0/cd2ccf53d2c0ae63cc821c3d7b9969cd16b66da8/gdx-backend-lwjgl-1.12.0.jar:/Users/sawanotaijun/.gradle/caches/modules-2/files-2.1/com.badlogicgames.gdx/gdx-platform/1.12.0/47e1147f66a38eb0fad40582df5175f6326ce5b8/gdx-platform-1.12.0-natives-desktop.jar:/Users/sawanotaijun/.gradle/caches/modules-2/files-2.1/com.badlogicgames.gdx/gdx-box2d-platform/1.12.0/7b6b430c4a58354e86722759298472948f341f3b/gdx-box2d-platform-1.12.0-natives-desktop.jar:/Users/sawanotaijun/.gradle/caches/modules-2/files-2.1/de.tomgrill.gdxdialogs/gdx-dialogs-desktop/1.2.5/233048054a845d7a59d86c54e9d74f95749f74b5/gdx-dialogs-desktop-1.2.5.jar:/Users/sawanotaijun/.gradle/caches/modules-2/files-2.1/com.badlogicgames.gdx/gdx-freetype-platform/1.12.0/d123cfd023644940ddbb195c36215c656fa26569/gdx-freetype-platform-1.12.0-natives-desktop.jar:/Users/sawanotaijun/Downloads/android/libgdx13/gdx2048/core/build/libs/core-1.0.0.jar:/Users/sawanotaijun/.gradle/caches/modules-2/files-2.1/de.tomgrill.gdxdialogs/gdx-dialogs-core/1.2.5/c55ef7e82d013ea7d99a66dcbdc24cfa7127337e/gdx-dialogs-core-1.2.5.jar:/Users/sawanotaijun/.gradle/caches/modules-2/files-2.1/com.github.antzGames/gdx-ode4j/master-SNAPSHOT/694742ea02ad6d289b7f5af89c6293eafdfd7a98/gdx-ode4j-master-SNAPSHOT.jar:/Users/sawanotaijun/.gradle/caches/modules-2/files-2.1/com.badlogicgames.gdx/gdx-box2d/1.12.0/aea4c00da8a8faad8cfe6345d804277229e70aba/gdx-box2d-1.12.0.jar:/Users/sawanotaijun/.gradle/caches/modules-2/files-2.1/com.kotcrab.vis/vis-ui/1.3.0/639741faa66a560197ee06a9412949402c831796/vis-ui-1.3.0.jar:/Users/sawanotaijun/.gradle/caches/modules-2/files-2.1/com.badlogicgames.gdx/gdx-freetype/1.12.0/5c9ce57d7e95c35dead37f674d23c023c1a4167d/gdx-freetype-1.12.0.jar:/
Launcher Type: SUN_STANDARD

[Global flags]
     intx CICompilerCount                          = 3                                         {product} {ergonomic}
     uint ConcGCThreads                            = 1                                         {product} {ergonomic}
     uint G1ConcRefinementThreads                  = 4                                         {product} {ergonomic}
   size_t G1HeapRegionSize                         = 1048576                                   {product} {ergonomic}
    uintx GCDrainStackTargetSize                   = 64                                        {product} {ergonomic}
   size_t InitialHeapSize                          = 134217728                                 {product} {ergonomic}
   size_t MarkStackSize                            = 4194304                                   {product} {ergonomic}
   size_t MaxHeapSize                              = 2147483648                                {product} {ergonomic}
   size_t MaxNewSize                               = 1287651328                                {product} {ergonomic}
   size_t MinHeapDeltaBytes                        = 1048576                                   {product} {ergonomic}
    uintx NonNMethodCodeHeapSize                   = 5830732                                {pd product} {ergonomic}
    uintx NonProfiledCodeHeapSize                  = 122913754                              {pd product} {ergonomic}
    uintx ProfiledCodeHeapSize                     = 122913754                              {pd product} {ergonomic}
    uintx ReservedCodeCacheSize                    = 251658240                              {pd product} {ergonomic}
     bool SegmentedCodeCache                       = true                                      {product} {ergonomic}
     bool UseCompressedClassPointers               = true                                 {lp64_product} {ergonomic}
     bool UseCompressedOops                        = true                                 {lp64_product} {ergonomic}
     bool UseG1GC                                  = true                                      {product} {ergonomic}

Logging:
Log output configuration:
 #0: stdout all=warning uptime,level,tags
 #1: stderr all=off uptime,level,tags

Environment Variables:
JAVA_HOME=/Library/Java/JavaVirtualMachines/jdk-11.jdk/Contents/Home/
PATH=/Library/Frameworks/Python.framework/Versions/3.7/bin:/Users/sawanotaijun/Downloads/android-sdk-macosx/tools:/Users/sawanotaijun/Downloads/android-sdk-macosx/platform-tools:/Users/sawanotaijun/Downloads/android-sdk-macosx:/Users/sawanotaijun/Downloads/android/cocos/cocos2d-x-3.17.2/templates:/Users/sawanotaijun/Downloads/android/cocos:/Users/sawanotaijun/Downloads/android/cocos/cocos2d-x-3.17.2/tools/cocos2d-console/bin:/Users/sawanotaijun/Documents/workspace/j2swift/bin:/Users/sawanotaijun/.rbenv/shims:/Users/sawanotaijun/.rbenv/bin:/Users/sawanotaijun/Downloads/j2objc/j2objc-master/dist:/Users/sawanotaijun/Download/libgdx-1/sources:/Users/sawanotaijun/Download/libgdx-1:/Users/sawanotaijun/.rbenv/shims/ruby:/Users/sawanotaijun/.gem/ruby/2.7.0/bin:/Users/sawanotaijun/Downloads/apache-maven-3.3.9/bin:/Users/sawanotaijun/bin:~/bin:/Users/sawanotaijun/.nodebrew/current/bin:/Users/sawanotaijun/Downloads/android-sdk-macosx/platform-tools/:/Users/sawanotaijun/scripts:/Users/sawanotaijun/Downloads/android/cocos/cocos2d-x-3.17.2/templates:/Users/sawanotaijun/Downloads/android/cocos:/Users/sawanotaijun/Downloads/android/cocos/cocos2d-x-3.17.2/tools/cocos2d-console/bin:/usr/local/bin:/usr/bin:/bin:/usr/sbin:/sbin:/usr/local/share/dotnet:/opt/X11/bin:~/.dotnet/tools:/Library/Apple/usr/bin:/Library/Frameworks/Mono.framework/Versions/Current/Commands:/Applications/Xamarin Workbooks.app/Contents/SharedSupport/path-bin:/usr/bin:/bin:/Users/sawanotaijun/bin:~/bin:/Users/sawanotaijun/.nodebrew/current/bin:/Users/sawanotaijun/Downloads/android-sdk-macosx/platform-tools/:/Users/sawanotaijun/scripts:/Users/sawanotaijun/Downloads/android/cocos/cocos2d-x-3.17.2/templates:/Users/sawanotaijun/Downloads/android/cocos:/Users/sawanotaijun/Downloads/android/cocos/cocos2d-x-3.17.2/tools/cocos2d-console/bin:/usr/local/bin:/usr/bin:/bin:/usr/sbin:/sbin:/usr/local/share/dotnet:/opt/X11/bin:~/.dotnet/tools:/Library/Apple/usr/bin:/Library/Frameworks/Mono.framework/Versions/Current/Commands:/Applic
LD_LIBRARY_PATH=/Library/Developer/CommandLineTools/SDKs/MacOSX10.14.sdk/System/Library/Frameworks/Foundation.framework/Versions/C/Headers/:/usr/local/lib:/usr/lib
SHELL=/bin/zsh
DISPLAY=/private/tmp/com.apple.launchd.lz32R4Lrk1/org.macosforge.xquartz:0

Signal Handlers:
SIGSEGV: [libjvm.dylib+0x791ee6], sa_mask[0]=11111111011111110111111111111111, sa_flags=SA_ONSTACK|SA_RESTART|SA_SIGINFO
SIGBUS: [libjvm.dylib+0x791ee6], sa_mask[0]=11111111011111110111111111111111, sa_flags=SA_RESTART|SA_SIGINFO
SIGFPE: [libjvm.dylib+0x791ee6], sa_mask[0]=11111111011111110111111111111111, sa_flags=SA_RESTART|SA_SIGINFO
SIGPIPE: [libjvm.dylib+0x6441d8], sa_mask[0]=11111111011111110111111111111111, sa_flags=SA_RESTART|SA_SIGINFO
SIGXFSZ: [libjvm.dylib+0x6441d8], sa_mask[0]=11111111011111110111111111111111, sa_flags=SA_RESTART|SA_SIGINFO
SIGILL: [libjvm.dylib+0x791ee6], sa_mask[0]=11111111011111110111111111111111, sa_flags=SA_RESTART|SA_SIGINFO
SIGUSR2: [libjvm.dylib+0x6447ec], sa_mask[0]=00100000000000000000000000000000, sa_flags=SA_RESTART|SA_SIGINFO
SIGHUP: [libjvm.dylib+0x64320b], sa_mask[0]=11111111011111110111111111111111, sa_flags=SA_RESTART|SA_SIGINFO
SIGINT: [libjvm.dylib+0x64320b], sa_mask[0]=11111111011111110111111111111111, sa_flags=SA_RESTART|SA_SIGINFO
SIGTERM: [libjvm.dylib+0x64320b], sa_mask[0]=11111111011111110111111111111111, sa_flags=SA_RESTART|SA_SIGINFO
SIGQUIT: [libjvm.dylib+0x64320b], sa_mask[0]=11111111011111110111111111111111, sa_flags=SA_RESTART|SA_SIGINFO


---------------  S Y S T E M  ---------------

OS:uname:Darwin 21.6.0 Darwin Kernel Version 21.6.0: Mon Jun 24 00:56:10 PDT 2024; root:xnu-8020.240.18.709.2~1/RELEASE_X86_64 x86_64
rlimit: STACK 8192k, CORE 0k, NPROC 1392, NOFILE 10240, AS infinity, DATA infinity, FSIZE infinity
load average:2.49 2.57 2.94

CPU:total 4 (initial active 4) (2 cores per cpu, 2 threads per core) family 6 model 69 stepping 1 microcode 0x26, cmov, cx8, fxsr, mmx, sse, sse2, sse3, ssse3, sse4.1, sse4.2, popcnt, avx, avx2, aes, clmul, erms, lzcnt, ht, tsc, tscinvbit, bmi1, bmi2, fma

Memory: 4k page, physical 8388608k(152016k free)

vm_info: Java HotSpot(TM) 64-Bit Server VM (11.0.21+9-LTS-193) for bsd-amd64 JRE (11.0.21+9-LTS-193), built on Sep 13 2023 10:08:23 by "mach5one" with gcc Apple LLVM 12.0.0 (clang-1200.0.32.29)

END.
