#
# A fatal error has been detected by the Java Runtime Environment:
#
#  SIGILL (0x4) at pc=0x00007ff8219389ea, pid=19254, tid=259
#
# JRE version: Java(TM) SE Runtime Environment 18.9 (11.0.21+9) (build 11.0.21+9-LTS-193)
# Java VM: Java HotSpot(TM) 64-Bit Server VM 18.9 (11.0.21+9-LTS-193, mixed mode, tiered, compressed oops, g1 gc, bsd-amd64)
# Problematic frame:
# C  [AppKit+0x3bb9ea]  -[NSApplication _crashOnException:]+0x139
#
# No core dump will be written. Core dumps have been disabled. To enable core dumping, try "ulimit -c unlimited" before starting Java again
#
# If you would like to submit a bug report, please visit:
#   https://bugreport.java.com/bugreport/crash.jsp
# The crash happened outside the Java Virtual Machine in native code.
# See problematic frame for where to report the bug.
#

---------------  S U M M A R Y ------------

Command Line: -Dfile.encoding=UTF-8 -Duser.country=JP -Duser.language=ja -Duser.variant com.frappagames.gdx2048.desktop.DesktopLauncher

Host: Macmini7,1 x86_64 2600 MHz, 4 cores, 8G, Darwin 21.6.0
Time: Sun Jan 19 21:54:40 2025 JST elapsed time: 9.991022 seconds (0d 0h 0m 9s)

---------------  T H R E A D  ---------------

Current thread (0x00007faa7b8de000):  JavaThread "AppKit Thread" daemon [_thread_in_native, id=259, stack(0x00007ff7b60a0000,0x00007ff7b68a0000)]

Stack: [0x00007ff7b60a0000,0x00007ff7b68a0000],  sp=0x00007ff7b6899410,  free space=8165k
Native frames: (J=compiled Java code, j=interpreted, Vv=VM code, C=native code)
C  [AppKit+0x3bb9ea]  -[NSApplication _crashOnException:]+0x139
C  [AppKit+0x1aafad]  __62+[CATransaction(NSCATransaction) NS_setFlushesWithDisplayLink]_block_invoke+0x359
C  [AppKit+0x8f2d3c]  ___NSRunLoopObserverCreateWithHandler_block_invoke+0x29
C  [CoreFoundation+0x7f450]  __CFRUNLOOP_IS_CALLING_OUT_TO_AN_OBSERVER_CALLBACK_FUNCTION__+0x17
C  [CoreFoundation+0x7f2e2]  __CFRunLoopDoObservers+0x21f
C  [CoreFoundation+0x7e774]  __CFRunLoopRun+0x348
C  [CoreFoundation+0x7dd6c]  CFRunLoopRunSpecific+0x232
C  [HIToolbox+0x2e5e6]  RunCurrentEventLoopInMode+0x124
C  [HIToolbox+0x2e34a]  ReceiveNextEventCommon+0x252
C  [HIToolbox+0x2e0e5]  _BlockUntilNextEventMatchingListInModeWithFilter+0x46
C  [AppKit+0x3eaa9]  _DPSNextEvent+0x39f
C  [AppKit+0x3d166]  -[NSApplication(NSEvent) _nextEventMatchingEventMask:untilDate:inMode:dequeue:]+0x572
C  [libosxapp.dylib+0x46c9]  -[NSApplicationAWT nextEventMatchingMask:untilDate:inMode:dequeue:]+0x79
C  [AppKit+0x2f818]  -[NSApplication run]+0x24a
C  [libosxapp.dylib+0x44ae]  +[NSApplicationAWT runAWTLoopWithApp:]+0xa5
C  [libawt_lwawt.dylib+0x6997b]  +[AWTStarter starter:headless:]+0x1f0
C  [libosxapp.dylib+0x6025]  +[ThreadUtilities invokeBlockCopy:]+0xf
C  [Foundation+0x81337]  __NSThreadPerformPerform+0xb3
C  [CoreFoundation+0x800ab]  __CFRUNLOOP_IS_CALLING_OUT_TO_A_SOURCE0_PERFORM_FUNCTION__+0x11
C  [CoreFoundation+0x80013]  __CFRunLoopDoSource0+0xb4
C  [CoreFoundation+0x7fd8d]  __CFRunLoopDoSources0+0xf2
C  [CoreFoundation+0x7e7a8]  __CFRunLoopRun+0x37c
C  [CoreFoundation+0x7dd6c]  CFRunLoopRunSpecific+0x232
C  [libjli.dylib+0x78a4]  CreateExecutionEnvironment+0x17d
C  [libjli.dylib+0x3cab]  JLI_Launch+0x507
C  [java+0xf7c]  main+0x16c
C  0x00000001113a752e


siginfo: si_signo: 4 (SIGILL), si_code: 1 (ILL_ILLOPC), si_addr: 0x00007ff8219389ea

Register to memory mapping:

RAX=0x00007faa7b204200 points into unknown readable memory: 0x65726f4320202030 | 30 20 20 20 43 6f 72 65
RBX=0x00007ff81e94b200: objc_msgSend+0 in /usr/lib/libobjc.A.dylib at 0x00007ff81e944000
RCX=0xd5523e4be89c00a3 is an unknown value
RDX=0x0000000000000e01 is an unknown value
RSP=0x00007ff7b6899410 is pointing into the stack for thread: 0x00007faa7b8de000
RBP=0x00007ff7b6899440 is pointing into the stack for thread: 0x00007faa7b8de000
RSI=0x0000000000000f1a is an unknown value
RDI=0x00007ff7b6898fb0 is pointing into the stack for thread: 0x00007faa7b8de000
R8 =0x000000000000011a is an unknown value
R9 =0x00007ff7b68989f0 is pointing into the stack for thread: 0x00007faa7b8de000
R10=0x000000000000011a is an unknown value
R11=0x00007faa7b20511a points into unknown readable memory: 00 00 16 00 05 00
R12=0x00007faa7b00c068 points into unknown readable memory: 0x0000000000000000 | 00 00 00 00 00 00 00 00
R13=0x0000600003cf08c0 points into unknown readable memory: 0x011dfff860073081 | 81 30 07 60 f8 ff 1d 01
R14=0x00006000003a5e90 points into unknown readable memory: 0x021dfff860073a31 | 31 3a 07 60 f8 ff 1d 02
R15=0x00007ff838f24349: <offset 0x1a5e0349> in /usr/lib/libobjc.A.dylib at 0x00007ff81e944000


Registers:
RAX=0x00007faa7b204200, RBX=0x00007ff81e94b200, RCX=0xd5523e4be89c00a3, RDX=0x0000000000000e01
RSP=0x00007ff7b6899410, RBP=0x00007ff7b6899440, RSI=0x0000000000000f1a, RDI=0x00007ff7b6898fb0
R8 =0x000000000000011a, R9 =0x00007ff7b68989f0, R10=0x000000000000011a, R11=0x00007faa7b20511a
R12=0x00007faa7b00c068, R13=0x0000600003cf08c0, R14=0x00006000003a5e90, R15=0x00007ff838f24349
RIP=0x00007ff8219389ea, EFLAGS=0x0000000000010202, ERR=0x0000000000000000
  TRAPNO=0x0000000000000006

Top of Stack: (sp=0x00007ff7b6899410)
0x00007ff7b6899410:   003a5ef008420102 3ff0000000006000
0x00007ff7b6899420:   4091e40000000000 00007faa7af2b370
0x00007ff7b6899430:   00006000018c55c0 0000600003cf08c0
0x00007ff7b6899440:   00007ff7b6899580 00007ff821727fad
0x00007ff7b6899450:   00007ff81e94b200 00006000026d3720
0x00007ff7b6899460:   00007ff7b68994c0 00007ff8215d5de7
0x00007ff7b6899470:   0000600000da47e0 0000600000da4800
0x00007ff7b6899480:   00007ff7b68994c0 00007ff8215d5c78
0x00007ff7b6899490:   d5523e4be89c00a3 00006000026d3720
0x00007ff7b68994a0:   00006000026d3720 00006000003debb0
0x00007ff7b68994b0:   00000000000000c8 0000600000da47e0
0x00007ff7b68994c0:   00007ff7b68995d0 00007ff8215d431e
0x00007ff7b68994d0:   000000010aeb5901 00007faa7b8de000
0x00007ff7b68994e0:   00007ff7b6899500 000000010ac7732a
0x00007ff7b68994f0:   0000000000000103 0000000000000000
0x00007ff7b6899500:   00006000031f8600 0000000000000000
0x00007ff7b6899510:   0000000000000103 0000000000000000
0x00007ff7b6899520:   00006000031f8600 0000000000000000
0x00007ff7b6899530:   00007faa7ba6be00 0000000000000000
0x00007ff7b6899540:   ffff9fffffc21450 0000000000000380
0x00007ff7b6899550:   d5523e4be89c00a3 00006000003a5b90
0x00007ff7b6899560:   00007faa7b00c068 0000600003cf08c0
0x00007ff7b6899570:   0000000000000002 0000600003cf08c0
0x00007ff7b6899580:   00007ff7b68995b0 00007ff821e6fd3c
0x00007ff7b6899590:   00006000003a5b90 00007ff81eb7e910
0x00007ff7b68995a0:   0000000000000002 0000000000000000
0x00007ff7b68995b0:   00007ff7b68995c0 00007ff81eb7e450
0x00007ff7b68995c0:   00007ff7b6899680 00007ff81eb7e2e2
0x00007ff7b68995d0:   0000600003cf08c0 0000000000000020
0x00007ff7b68995e0:   00007ff860072d38 00007ff81eb7e175
0x00007ff7b68995f0:   00007ff8617cbc70 0000000500002d8a
0x00007ff7b6899600:   00007ff7b68995f0 00007ff7b68995d0 

Instructions: (pc=0x00007ff8219389ea)
0x00007ff8219389ca:   48 89 c7 ff 15 b5 b3 07 3d 48 8b 35 66 e3 9a 3e
0x00007ff8219389da:   48 89 c7 ff 15 a5 b3 07 3d 48 89 05 be dc a0 3e
0x00007ff8219389ea:   0f 0b 48 8d 3d 8d 61 72 3e 48 8d 35 9e bc 09 3d
0x00007ff8219389fa:   e8 57 02 7d 00 e9 cb fe ff ff 48 8d 3d 75 61 72 

Stack slot to memory mapping:
stack at sp + 0 slots: 0x003a5ef008420102 is an unknown value
stack at sp + 1 slots: 0x3ff0000000006000 is an unknown value
stack at sp + 2 slots: 0x4091e40000000000 is an unknown value
stack at sp + 3 slots: 0x00007faa7af2b370 points into unknown readable memory: 0x434c4e47432b2b00 | 00 2b 2b 43 47 4e 4c 43
stack at sp + 4 slots: 0x00006000018c55c0 points into unknown readable memory: 0x00007ff860209ba0 | a0 9b 20 60 f8 7f 00 00
stack at sp + 5 slots: 0x0000600003cf08c0 points into unknown readable memory: 0x011dfff860073081 | 81 30 07 60 f8 ff 1d 01
stack at sp + 6 slots: 0x00007ff7b6899580 is pointing into the stack for thread: 0x00007faa7b8de000
stack at sp + 7 slots: 0x00007ff821727fad: __62+[CATransaction(NSCATransaction) NS_setFlushesWithDisplayLink]_block_invoke+0x359 in /System/Library/Frameworks/AppKit.framework/Versions/C/AppKit at 0x00007ff82157d000


---------------  P R O C E S S  ---------------

Threads class SMR info:
_java_thread_list=0x0000600000dbc2a0, length=12, elements={
0x00007faa7b848000, 0x00007faa7b84d000, 0x00007faa7b0a8800, 0x00007faa7b0b9800,
0x00007faa7b84f000, 0x00007faa7d01a000, 0x00007faa7b850000, 0x00007faa7b883800,
0x00007faa7b8de000, 0x00007faa7b8be800, 0x00007faa7b97e800, 0x00007faa7b901000
}

Java Threads: ( => current thread )
  0x00007faa7b848000 JavaThread "Reference Handler" daemon [_thread_blocked, id=18947, stack(0x000070000d569000,0x000070000d669000)]
  0x00007faa7b84d000 JavaThread "Finalizer" daemon [_thread_blocked, id=18691, stack(0x000070000d66c000,0x000070000d76c000)]
  0x00007faa7b0a8800 JavaThread "Signal Dispatcher" daemon [_thread_blocked, id=16899, stack(0x000070000d875000,0x000070000d975000)]
  0x00007faa7b0b9800 JavaThread "Service Thread" daemon [_thread_blocked, id=21763, stack(0x000070000d978000,0x000070000da78000)]
  0x00007faa7b84f000 JavaThread "C2 CompilerThread0" daemon [_thread_blocked, id=42755, stack(0x000070000da7b000,0x000070000db7b000)]
  0x00007faa7d01a000 JavaThread "C1 CompilerThread0" daemon [_thread_blocked, id=22531, stack(0x000070000db7e000,0x000070000dc7e000)]
  0x00007faa7b850000 JavaThread "Sweeper thread" daemon [_thread_blocked, id=22787, stack(0x000070000dc81000,0x000070000dd81000)]
  0x00007faa7b883800 JavaThread "Common-Cleaner" daemon [_thread_blocked, id=23299, stack(0x000070000de87000,0x000070000df87000)]
=>0x00007faa7b8de000 JavaThread "AppKit Thread" daemon [_thread_in_native, id=259, stack(0x00007ff7b60a0000,0x00007ff7b68a0000)]
  0x00007faa7b8be800 JavaThread "AWT-Shutdown" [_thread_blocked, id=33795, stack(0x000070000df8a000,0x000070000e08a000)]
  0x00007faa7b97e800 JavaThread "LWJGL Application" [_thread_in_native, id=59651, stack(0x000070000e39f000,0x000070000e49f000)]
  0x00007faa7b901000 JavaThread "DestroyJavaVM" [_thread_blocked, id=6147, stack(0x000070000ce54000,0x000070000cf54000)]

Other Threads:
  0x00007faa7b09f000 VMThread "VM Thread" [stack: 0x000070000d466000,0x000070000d566000] [id=13827]
  0x00007faa7b858800 WatcherThread [stack: 0x000070000dd84000,0x000070000de84000] [id=23043]
  0x00007faa7b010000 GCTaskThread "GC Thread#0" [stack: 0x000070000cf57000,0x000070000d057000] [id=11267]
  0x00007faa7b032800 ConcurrentGCThread "G1 Main Marker" [stack: 0x000070000d05a000,0x000070000d15a000] [id=11779]
  0x00007faa7d009000 ConcurrentGCThread "G1 Conc#0" [stack: 0x000070000d15d000,0x000070000d25d000] [id=20483]
  0x00007faa7b073800 ConcurrentGCThread "G1 Refine#0" [stack: 0x000070000d260000,0x000070000d360000] [id=12547]
  0x00007faa7b074000 ConcurrentGCThread "G1 Young RemSet Sampling" [stack: 0x000070000d363000,0x000070000d463000] [id=19971]

Threads with active compile tasks:

VM state:not at safepoint (normal execution)

VM Mutex/Monitor currently owned by a thread: None

Heap address: 0x0000000780000000, size: 2048 MB, Compressed Oops mode: Zero based, Oop shift amount: 3
Narrow klass base: 0x0000000800000000, Narrow klass shift: 0
Compressed class space size: 1073741824 Address: 0x0000000800000000

Heap:
 garbage-first heap   total 131072K, used 14336K [0x0000000780000000, 0x0000000800000000)
  region size 1024K, 12 young (12288K), 0 survivors (0K)
 Metaspace       used 10623K, capacity 10860K, committed 11264K, reserved 1058816K
  class space    used 913K, capacity 993K, committed 1024K, reserved 1048576K
Heap Regions: E=young(eden), S=young(survivor), O=old, HS=humongous(starts), HC=humongous(continues), CS=collection set, F=free, A=archive, TAMS=top-at-mark-start (previous, next)
|   0|0x0000000780000000, 0x0000000780100000, 0x0000000780100000|100%|HS|  |TAMS 0x0000000780000000, 0x0000000780000000| Complete 
|   1|0x0000000780100000, 0x0000000780200000, 0x0000000780200000|100%|HC|  |TAMS 0x0000000780100000, 0x0000000780100000| Complete 
|   2|0x0000000780200000, 0x0000000780300000, 0x0000000780300000|100%|HS|  |TAMS 0x0000000780200000, 0x0000000780200000| Complete 
|   3|0x0000000780300000, 0x0000000780300000, 0x0000000780400000|  0%| F|  |TAMS 0x0000000780300000, 0x0000000780300000| Untracked 
|   4|0x0000000780400000, 0x0000000780400000, 0x0000000780500000|  0%| F|  |TAMS 0x0000000780400000, 0x0000000780400000| Untracked 
|   5|0x0000000780500000, 0x0000000780500000, 0x0000000780600000|  0%| F|  |TAMS 0x0000000780500000, 0x0000000780500000| Untracked 
|   6|0x0000000780600000, 0x0000000780600000, 0x0000000780700000|  0%| F|  |TAMS 0x0000000780600000, 0x0000000780600000| Untracked 
|   7|0x0000000780700000, 0x0000000780700000, 0x0000000780800000|  0%| F|  |TAMS 0x0000000780700000, 0x0000000780700000| Untracked 
|   8|0x0000000780800000, 0x0000000780800000, 0x0000000780900000|  0%| F|  |TAMS 0x0000000780800000, 0x0000000780800000| Untracked 
|   9|0x0000000780900000, 0x0000000780900000, 0x0000000780a00000|  0%| F|  |TAMS 0x0000000780900000, 0x0000000780900000| Untracked 
|  10|0x0000000780a00000, 0x0000000780a00000, 0x0000000780b00000|  0%| F|  |TAMS 0x0000000780a00000, 0x0000000780a00000| Untracked 
|  11|0x0000000780b00000, 0x0000000780b00000, 0x0000000780c00000|  0%| F|  |TAMS 0x0000000780b00000, 0x0000000780b00000| Untracked 
|  12|0x0000000780c00000, 0x0000000780c00000, 0x0000000780d00000|  0%| F|  |TAMS 0x0000000780c00000, 0x0000000780c00000| Untracked 
|  13|0x0000000780d00000, 0x0000000780d00000, 0x0000000780e00000|  0%| F|  |TAMS 0x0000000780d00000, 0x0000000780d00000| Untracked 
|  14|0x0000000780e00000, 0x0000000780e00000, 0x0000000780f00000|  0%| F|  |TAMS 0x0000000780e00000, 0x0000000780e00000| Untracked 
|  15|0x0000000780f00000, 0x0000000780f00000, 0x0000000781000000|  0%| F|  |TAMS 0x0000000780f00000, 0x0000000780f00000| Untracked 
|  16|0x0000000781000000, 0x0000000781000000, 0x0000000781100000|  0%| F|  |TAMS 0x0000000781000000, 0x0000000781000000| Untracked 
|  17|0x0000000781100000, 0x0000000781100000, 0x0000000781200000|  0%| F|  |TAMS 0x0000000781100000, 0x0000000781100000| Untracked 
|  18|0x0000000781200000, 0x0000000781200000, 0x0000000781300000|  0%| F|  |TAMS 0x0000000781200000, 0x0000000781200000| Untracked 
|  19|0x0000000781300000, 0x0000000781300000, 0x0000000781400000|  0%| F|  |TAMS 0x0000000781300000, 0x0000000781300000| Untracked 
|  20|0x0000000781400000, 0x0000000781400000, 0x0000000781500000|  0%| F|  |TAMS 0x0000000781400000, 0x0000000781400000| Untracked 
|  21|0x0000000781500000, 0x0000000781500000, 0x0000000781600000|  0%| F|  |TAMS 0x0000000781500000, 0x0000000781500000| Untracked 
|  22|0x0000000781600000, 0x0000000781600000, 0x0000000781700000|  0%| F|  |TAMS 0x0000000781600000, 0x0000000781600000| Untracked 
|  23|0x0000000781700000, 0x0000000781700000, 0x0000000781800000|  0%| F|  |TAMS 0x0000000781700000, 0x0000000781700000| Untracked 
|  24|0x0000000781800000, 0x0000000781800000, 0x0000000781900000|  0%| F|  |TAMS 0x0000000781800000, 0x0000000781800000| Untracked 
|  25|0x0000000781900000, 0x0000000781900000, 0x0000000781a00000|  0%| F|  |TAMS 0x0000000781900000, 0x0000000781900000| Untracked 
|  26|0x0000000781a00000, 0x0000000781a00000, 0x0000000781b00000|  0%| F|  |TAMS 0x0000000781a00000, 0x0000000781a00000| Untracked 
|  27|0x0000000781b00000, 0x0000000781b00000, 0x0000000781c00000|  0%| F|  |TAMS 0x0000000781b00000, 0x0000000781b00000| Untracked 
|  28|0x0000000781c00000, 0x0000000781c00000, 0x0000000781d00000|  0%| F|  |TAMS 0x0000000781c00000, 0x0000000781c00000| Untracked 
|  29|0x0000000781d00000, 0x0000000781d00000, 0x0000000781e00000|  0%| F|  |TAMS 0x0000000781d00000, 0x0000000781d00000| Untracked 
|  30|0x0000000781e00000, 0x0000000781e00000, 0x0000000781f00000|  0%| F|  |TAMS 0x0000000781e00000, 0x0000000781e00000| Untracked 
|  31|0x0000000781f00000, 0x0000000781f00000, 0x0000000782000000|  0%| F|  |TAMS 0x0000000781f00000, 0x0000000781f00000| Untracked 
|  32|0x0000000782000000, 0x0000000782000000, 0x0000000782100000|  0%| F|  |TAMS 0x0000000782000000, 0x0000000782000000| Untracked 
|  33|0x0000000782100000, 0x0000000782100000, 0x0000000782200000|  0%| F|  |TAMS 0x0000000782100000, 0x0000000782100000| Untracked 
|  34|0x0000000782200000, 0x0000000782200000, 0x0000000782300000|  0%| F|  |TAMS 0x0000000782200000, 0x0000000782200000| Untracked 
|  35|0x0000000782300000, 0x0000000782300000, 0x0000000782400000|  0%| F|  |TAMS 0x0000000782300000, 0x0000000782300000| Untracked 
|  36|0x0000000782400000, 0x0000000782400000, 0x0000000782500000|  0%| F|  |TAMS 0x0000000782400000, 0x0000000782400000| Untracked 
|  37|0x0000000782500000, 0x0000000782500000, 0x0000000782600000|  0%| F|  |TAMS 0x0000000782500000, 0x0000000782500000| Untracked 
|  38|0x0000000782600000, 0x0000000782600000, 0x0000000782700000|  0%| F|  |TAMS 0x0000000782600000, 0x0000000782600000| Untracked 
|  39|0x0000000782700000, 0x0000000782700000, 0x0000000782800000|  0%| F|  |TAMS 0x0000000782700000, 0x0000000782700000| Untracked 
|  40|0x0000000782800000, 0x0000000782800000, 0x0000000782900000|  0%| F|  |TAMS 0x0000000782800000, 0x0000000782800000| Untracked 
|  41|0x0000000782900000, 0x0000000782900000, 0x0000000782a00000|  0%| F|  |TAMS 0x0000000782900000, 0x0000000782900000| Untracked 
|  42|0x0000000782a00000, 0x0000000782a00000, 0x0000000782b00000|  0%| F|  |TAMS 0x0000000782a00000, 0x0000000782a00000| Untracked 
|  43|0x0000000782b00000, 0x0000000782b00000, 0x0000000782c00000|  0%| F|  |TAMS 0x0000000782b00000, 0x0000000782b00000| Untracked 
|  44|0x0000000782c00000, 0x0000000782c00000, 0x0000000782d00000|  0%| F|  |TAMS 0x0000000782c00000, 0x0000000782c00000| Untracked 
|  45|0x0000000782d00000, 0x0000000782d00000, 0x0000000782e00000|  0%| F|  |TAMS 0x0000000782d00000, 0x0000000782d00000| Untracked 
|  46|0x0000000782e00000, 0x0000000782e00000, 0x0000000782f00000|  0%| F|  |TAMS 0x0000000782e00000, 0x0000000782e00000| Untracked 
|  47|0x0000000782f00000, 0x0000000782f00000, 0x0000000783000000|  0%| F|  |TAMS 0x0000000782f00000, 0x0000000782f00000| Untracked 
|  48|0x0000000783000000, 0x0000000783000000, 0x0000000783100000|  0%| F|  |TAMS 0x0000000783000000, 0x0000000783000000| Untracked 
|  49|0x0000000783100000, 0x0000000783100000, 0x0000000783200000|  0%| F|  |TAMS 0x0000000783100000, 0x0000000783100000| Untracked 
|  50|0x0000000783200000, 0x0000000783200000, 0x0000000783300000|  0%| F|  |TAMS 0x0000000783200000, 0x0000000783200000| Untracked 
|  51|0x0000000783300000, 0x0000000783300000, 0x0000000783400000|  0%| F|  |TAMS 0x0000000783300000, 0x0000000783300000| Untracked 
|  52|0x0000000783400000, 0x0000000783400000, 0x0000000783500000|  0%| F|  |TAMS 0x0000000783400000, 0x0000000783400000| Untracked 
|  53|0x0000000783500000, 0x0000000783500000, 0x0000000783600000|  0%| F|  |TAMS 0x0000000783500000, 0x0000000783500000| Untracked 
|  54|0x0000000783600000, 0x0000000783600000, 0x0000000783700000|  0%| F|  |TAMS 0x0000000783600000, 0x0000000783600000| Untracked 
|  55|0x0000000783700000, 0x0000000783700000, 0x0000000783800000|  0%| F|  |TAMS 0x0000000783700000, 0x0000000783700000| Untracked 
|  56|0x0000000783800000, 0x0000000783800000, 0x0000000783900000|  0%| F|  |TAMS 0x0000000783800000, 0x0000000783800000| Untracked 
|  57|0x0000000783900000, 0x0000000783900000, 0x0000000783a00000|  0%| F|  |TAMS 0x0000000783900000, 0x0000000783900000| Untracked 
|  58|0x0000000783a00000, 0x0000000783a00000, 0x0000000783b00000|  0%| F|  |TAMS 0x0000000783a00000, 0x0000000783a00000| Untracked 
|  59|0x0000000783b00000, 0x0000000783b00000, 0x0000000783c00000|  0%| F|  |TAMS 0x0000000783b00000, 0x0000000783b00000| Untracked 
|  60|0x0000000783c00000, 0x0000000783c00000, 0x0000000783d00000|  0%| F|  |TAMS 0x0000000783c00000, 0x0000000783c00000| Untracked 
|  61|0x0000000783d00000, 0x0000000783d00000, 0x0000000783e00000|  0%| F|  |TAMS 0x0000000783d00000, 0x0000000783d00000| Untracked 
|  62|0x0000000783e00000, 0x0000000783e00000, 0x0000000783f00000|  0%| F|  |TAMS 0x0000000783e00000, 0x0000000783e00000| Untracked 
|  63|0x0000000783f00000, 0x0000000783f00000, 0x0000000784000000|  0%| F|  |TAMS 0x0000000783f00000, 0x0000000783f00000| Untracked 
|  64|0x0000000784000000, 0x0000000784000000, 0x0000000784100000|  0%| F|  |TAMS 0x0000000784000000, 0x0000000784000000| Untracked 
|  65|0x0000000784100000, 0x0000000784100000, 0x0000000784200000|  0%| F|  |TAMS 0x0000000784100000, 0x0000000784100000| Untracked 
|  66|0x0000000784200000, 0x0000000784200000, 0x0000000784300000|  0%| F|  |TAMS 0x0000000784200000, 0x0000000784200000| Untracked 
|  67|0x0000000784300000, 0x0000000784300000, 0x0000000784400000|  0%| F|  |TAMS 0x0000000784300000, 0x0000000784300000| Untracked 
|  68|0x0000000784400000, 0x0000000784400000, 0x0000000784500000|  0%| F|  |TAMS 0x0000000784400000, 0x0000000784400000| Untracked 
|  69|0x0000000784500000, 0x0000000784500000, 0x0000000784600000|  0%| F|  |TAMS 0x0000000784500000, 0x0000000784500000| Untracked 
|  70|0x0000000784600000, 0x0000000784600000, 0x0000000784700000|  0%| F|  |TAMS 0x0000000784600000, 0x0000000784600000| Untracked 
|  71|0x0000000784700000, 0x0000000784700000, 0x0000000784800000|  0%| F|  |TAMS 0x0000000784700000, 0x0000000784700000| Untracked 
|  72|0x0000000784800000, 0x0000000784800000, 0x0000000784900000|  0%| F|  |TAMS 0x0000000784800000, 0x0000000784800000| Untracked 
|  73|0x0000000784900000, 0x0000000784900000, 0x0000000784a00000|  0%| F|  |TAMS 0x0000000784900000, 0x0000000784900000| Untracked 
|  74|0x0000000784a00000, 0x0000000784a00000, 0x0000000784b00000|  0%| F|  |TAMS 0x0000000784a00000, 0x0000000784a00000| Untracked 
|  75|0x0000000784b00000, 0x0000000784b00000, 0x0000000784c00000|  0%| F|  |TAMS 0x0000000784b00000, 0x0000000784b00000| Untracked 
|  76|0x0000000784c00000, 0x0000000784c00000, 0x0000000784d00000|  0%| F|  |TAMS 0x0000000784c00000, 0x0000000784c00000| Untracked 
|  77|0x0000000784d00000, 0x0000000784d00000, 0x0000000784e00000|  0%| F|  |TAMS 0x0000000784d00000, 0x0000000784d00000| Untracked 
|  78|0x0000000784e00000, 0x0000000784e00000, 0x0000000784f00000|  0%| F|  |TAMS 0x0000000784e00000, 0x0000000784e00000| Untracked 
|  79|0x0000000784f00000, 0x0000000784f00000, 0x0000000785000000|  0%| F|  |TAMS 0x0000000784f00000, 0x0000000784f00000| Untracked 
|  80|0x0000000785000000, 0x0000000785000000, 0x0000000785100000|  0%| F|  |TAMS 0x0000000785000000, 0x0000000785000000| Untracked 
|  81|0x0000000785100000, 0x0000000785100000, 0x0000000785200000|  0%| F|  |TAMS 0x0000000785100000, 0x0000000785100000| Untracked 
|  82|0x0000000785200000, 0x0000000785200000, 0x0000000785300000|  0%| F|  |TAMS 0x0000000785200000, 0x0000000785200000| Untracked 
|  83|0x0000000785300000, 0x0000000785300000, 0x0000000785400000|  0%| F|  |TAMS 0x0000000785300000, 0x0000000785300000| Untracked 
|  84|0x0000000785400000, 0x0000000785400000, 0x0000000785500000|  0%| F|  |TAMS 0x0000000785400000, 0x0000000785400000| Untracked 
|  85|0x0000000785500000, 0x0000000785500000, 0x0000000785600000|  0%| F|  |TAMS 0x0000000785500000, 0x0000000785500000| Untracked 
|  86|0x0000000785600000, 0x0000000785600000, 0x0000000785700000|  0%| F|  |TAMS 0x0000000785600000, 0x0000000785600000| Untracked 
|  87|0x0000000785700000, 0x0000000785700000, 0x0000000785800000|  0%| F|  |TAMS 0x0000000785700000, 0x0000000785700000| Untracked 
|  88|0x0000000785800000, 0x0000000785800000, 0x0000000785900000|  0%| F|  |TAMS 0x0000000785800000, 0x0000000785800000| Untracked 
|  89|0x0000000785900000, 0x0000000785900000, 0x0000000785a00000|  0%| F|  |TAMS 0x0000000785900000, 0x0000000785900000| Untracked 
|  90|0x0000000785a00000, 0x0000000785a00000, 0x0000000785b00000|  0%| F|  |TAMS 0x0000000785a00000, 0x0000000785a00000| Untracked 
|  91|0x0000000785b00000, 0x0000000785b00000, 0x0000000785c00000|  0%| F|  |TAMS 0x0000000785b00000, 0x0000000785b00000| Untracked 
|  92|0x0000000785c00000, 0x0000000785c00000, 0x0000000785d00000|  0%| F|  |TAMS 0x0000000785c00000, 0x0000000785c00000| Untracked 
|  93|0x0000000785d00000, 0x0000000785d00000, 0x0000000785e00000|  0%| F|  |TAMS 0x0000000785d00000, 0x0000000785d00000| Untracked 
|  94|0x0000000785e00000, 0x0000000785e00000, 0x0000000785f00000|  0%| F|  |TAMS 0x0000000785e00000, 0x0000000785e00000| Untracked 
|  95|0x0000000785f00000, 0x0000000785f00000, 0x0000000786000000|  0%| F|  |TAMS 0x0000000785f00000, 0x0000000785f00000| Untracked 
|  96|0x0000000786000000, 0x0000000786000000, 0x0000000786100000|  0%| F|  |TAMS 0x0000000786000000, 0x0000000786000000| Untracked 
|  97|0x0000000786100000, 0x0000000786100000, 0x0000000786200000|  0%| F|  |TAMS 0x0000000786100000, 0x0000000786100000| Untracked 
|  98|0x0000000786200000, 0x0000000786200000, 0x0000000786300000|  0%| F|  |TAMS 0x0000000786200000, 0x0000000786200000| Untracked 
|  99|0x0000000786300000, 0x0000000786300000, 0x0000000786400000|  0%| F|  |TAMS 0x0000000786300000, 0x0000000786300000| Untracked 
| 100|0x0000000786400000, 0x0000000786400000, 0x0000000786500000|  0%| F|  |TAMS 0x0000000786400000, 0x0000000786400000| Untracked 
| 101|0x0000000786500000, 0x0000000786500000, 0x0000000786600000|  0%| F|  |TAMS 0x0000000786500000, 0x0000000786500000| Untracked 
| 102|0x0000000786600000, 0x0000000786600000, 0x0000000786700000|  0%| F|  |TAMS 0x0000000786600000, 0x0000000786600000| Untracked 
| 103|0x0000000786700000, 0x0000000786700000, 0x0000000786800000|  0%| F|  |TAMS 0x0000000786700000, 0x0000000786700000| Untracked 
| 104|0x0000000786800000, 0x0000000786800000, 0x0000000786900000|  0%| F|  |TAMS 0x0000000786800000, 0x0000000786800000| Untracked 
| 105|0x0000000786900000, 0x0000000786900000, 0x0000000786a00000|  0%| F|  |TAMS 0x0000000786900000, 0x0000000786900000| Untracked 
| 106|0x0000000786a00000, 0x0000000786a00000, 0x0000000786b00000|  0%| F|  |TAMS 0x0000000786a00000, 0x0000000786a00000| Untracked 
| 107|0x0000000786b00000, 0x0000000786b00000, 0x0000000786c00000|  0%| F|  |TAMS 0x0000000786b00000, 0x0000000786b00000| Untracked 
| 108|0x0000000786c00000, 0x0000000786c00000, 0x0000000786d00000|  0%| F|  |TAMS 0x0000000786c00000, 0x0000000786c00000| Untracked 
| 109|0x0000000786d00000, 0x0000000786d00000, 0x0000000786e00000|  0%| F|  |TAMS 0x0000000786d00000, 0x0000000786d00000| Untracked 
| 110|0x0000000786e00000, 0x0000000786e00000, 0x0000000786f00000|  0%| F|  |TAMS 0x0000000786e00000, 0x0000000786e00000| Untracked 
| 111|0x0000000786f00000, 0x0000000786f00000, 0x0000000787000000|  0%| F|  |TAMS 0x0000000786f00000, 0x0000000786f00000| Untracked 
| 112|0x0000000787000000, 0x0000000787000000, 0x0000000787100000|  0%| F|  |TAMS 0x0000000787000000, 0x0000000787000000| Untracked 
| 113|0x0000000787100000, 0x0000000787100000, 0x0000000787200000|  0%| F|  |TAMS 0x0000000787100000, 0x0000000787100000| Untracked 
| 114|0x0000000787200000, 0x0000000787200000, 0x0000000787300000|  0%| F|  |TAMS 0x0000000787200000, 0x0000000787200000| Untracked 
| 115|0x0000000787300000, 0x0000000787300000, 0x0000000787400000|  0%| F|  |TAMS 0x0000000787300000, 0x0000000787300000| Untracked 
| 116|0x0000000787400000, 0x00000007874c0238, 0x0000000787500000| 75%| E|  |TAMS 0x0000000787400000, 0x0000000787400000| Complete 
| 117|0x0000000787500000, 0x0000000787600000, 0x0000000787600000|100%| E|CS|TAMS 0x0000000787500000, 0x0000000787500000| Complete 
| 118|0x0000000787600000, 0x0000000787700000, 0x0000000787700000|100%| E|CS|TAMS 0x0000000787600000, 0x0000000787600000| Complete 
| 119|0x0000000787700000, 0x0000000787800000, 0x0000000787800000|100%| E|CS|TAMS 0x0000000787700000, 0x0000000787700000| Complete 
| 120|0x0000000787800000, 0x0000000787900000, 0x0000000787900000|100%| E|CS|TAMS 0x0000000787800000, 0x0000000787800000| Complete 
| 121|0x0000000787900000, 0x0000000787a00000, 0x0000000787a00000|100%| E|CS|TAMS 0x0000000787900000, 0x0000000787900000| Complete 
| 122|0x0000000787a00000, 0x0000000787b00000, 0x0000000787b00000|100%| E|CS|TAMS 0x0000000787a00000, 0x0000000787a00000| Complete 
| 123|0x0000000787b00000, 0x0000000787c00000, 0x0000000787c00000|100%| E|CS|TAMS 0x0000000787b00000, 0x0000000787b00000| Complete 
| 124|0x0000000787c00000, 0x0000000787d00000, 0x0000000787d00000|100%| E|CS|TAMS 0x0000000787c00000, 0x0000000787c00000| Complete 
| 125|0x0000000787d00000, 0x0000000787e00000, 0x0000000787e00000|100%| E|CS|TAMS 0x0000000787d00000, 0x0000000787d00000| Complete 
| 126|0x0000000787e00000, 0x0000000787f00000, 0x0000000787f00000|100%| E|CS|TAMS 0x0000000787e00000, 0x0000000787e00000| Complete 
| 127|0x0000000787f00000, 0x0000000788000000, 0x0000000788000000|100%| E|CS|TAMS 0x0000000787f00000, 0x0000000787f00000| Complete 

Card table byte_map: [0x0000000109e48000,0x000000010a248000] _byte_map_base: 0x0000000106248000

Marking Bits (Prev, Next): (CMBitMap*) 0x00007faa7b029e18, (CMBitMap*) 0x00007faa7b029e50
 Prev Bits: [0x000000010b6d8000, 0x000000010d6d8000)
 Next Bits: [0x000000010d6d8000, 0x000000010f6d8000)

Polling page: 0x0000000109787000

Metaspace:

Usage:
  Non-class:      9.64 MB capacity,     9.48 MB ( 98%) used,   142.12 KB (  1%) free+waste,    14.50 KB ( <1%) overhead. 
      Class:    993.00 KB capacity,   913.31 KB ( 92%) used,    73.06 KB (  7%) free+waste,     6.62 KB ( <1%) overhead. 
       Both:     10.61 MB capacity,    10.37 MB ( 98%) used,   215.19 KB (  2%) free+waste,    21.12 KB ( <1%) overhead. 

Virtual space:
  Non-class space:       10.00 MB reserved,      10.00 MB (100%) committed 
      Class space:        1.00 GB reserved,       1.00 MB ( <1%) committed 
             Both:        1.01 GB reserved,      11.00 MB (  1%) committed 

Chunk freelists:
   Non-Class:  26.62 KB
       Class:  3.88 KB
        Both:  30.50 KB

CodeHeap 'non-profiled nmethods': size=120032Kb used=198Kb max_used=198Kb free=119833Kb
 bounds [0x00000001205f3000, 0x0000000120863000, 0x0000000127b2b000]
CodeHeap 'profiled nmethods': size=120032Kb used=1293Kb max_used=1293Kb free=118738Kb
 bounds [0x00000001190bb000, 0x000000011932b000, 0x00000001205f3000]
CodeHeap 'non-nmethods': size=5696Kb used=1139Kb max_used=1151Kb free=4556Kb
 bounds [0x0000000118b2b000, 0x0000000118d9b000, 0x00000001190bb000]
 total_blobs=1268 nmethods=774 adapters=407
 compilation: enabled
              stopped_count=0, restarted_count=0
 full_count=0

Compilation events (10 events):
Event: 8.852 Thread 0x00007faa7d01a000  769       3       java.util.jar.Attributes::getValue (9 bytes)
Event: 8.852 Thread 0x00007faa7d01a000 nmethod 769 0x00000001191fc190 code [0x00000001191fc340, 0x00000001191fc660]
Event: 9.113 Thread 0x00007faa7b84f000  770       4       java.lang.StringLatin1::replace (196 bytes)
Event: 9.124 Thread 0x00007faa7b84f000 nmethod 770 0x0000000120623e10 code [0x0000000120623fc0, 0x0000000120624538]
Event: 9.435 Thread 0x00007faa7d01a000  771       3       jdk.internal.ref.CleanerFactory::cleaner (4 bytes)
Event: 9.435 Thread 0x00007faa7d01a000 nmethod 771 0x00000001191fc790 code [0x00000001191fc920, 0x00000001191fca10]
Event: 9.450 Thread 0x00007faa7d01a000  772       3       java.util.WeakHashMap::put (162 bytes)
Event: 9.452 Thread 0x00007faa7d01a000 nmethod 772 0x00000001191fca90 code [0x00000001191fcd00, 0x00000001191fdcf0]
Event: 9.464 Thread 0x00007faa7d01a000  773       3       java.util.Collections$SetFromMap::add (22 bytes)
Event: 9.465 Thread 0x00007faa7d01a000 nmethod 773 0x00000001191fe210 code [0x00000001191fe3c0, 0x00000001191fe5e0]

GC Heap History (0 events):
No events

Deoptimization events (3 events):
Event: 0.320 Thread 0x00007faa7d008800 Uncommon trap: reason=unstable_if action=reinterpret pc=0x00000001205f761c method=java.lang.String.hashCode()I @ 14 c2
Event: 1.481 Thread 0x00007faa7d008800 Uncommon trap: reason=unstable_if action=reinterpret pc=0x00000001205ff9f0 method=java.lang.String.startsWith(Ljava/lang/String;I)Z @ 1 c2
Event: 1.486 Thread 0x00007faa7d008800 Uncommon trap: reason=unstable_if action=reinterpret pc=0x0000000120600800 method=java.lang.StringLatin1.indexOf([BI[BII)I @ 91 c2

Classes redefined (0 events):
No events

Internal exceptions (10 events):
Event: 6.261 Thread 0x00007faa7d008800 Exception <a 'java/security/PrivilegedActionException'{0x00000007879dc4f8}> (0x00000007879dc4f8) thrown at [open/src/hotspot/share/prims/jvm.cpp, line 1305]
Event: 6.261 Thread 0x00007faa7d008800 Exception <a 'java/security/PrivilegedActionException'{0x00000007879dd078}> (0x00000007879dd078) thrown at [open/src/hotspot/share/prims/jvm.cpp, line 1305]
Event: 6.956 Thread 0x00007faa7d008800 Exception <a 'org/lwjgl/LWJGLException'{0x0000000787832cc0}: Could not load OpenAL library> (0x0000000787832cc0) thrown at [open/src/hotspot/share/prims/jni.cpp, line 632]
Event: 6.956 Thread 0x00007faa7d008800 Exception <a 'org/lwjgl/LWJGLException'{0x0000000787833198}: Could not load OpenAL library> (0x0000000787833198) thrown at [open/src/hotspot/share/prims/jni.cpp, line 632]
Event: 6.956 Thread 0x00007faa7d008800 Exception <a 'org/lwjgl/LWJGLException'{0x0000000787833630}: Could not load OpenAL library> (0x0000000787833630) thrown at [open/src/hotspot/share/prims/jni.cpp, line 632]
Event: 6.956 Thread 0x00007faa7d008800 Exception <a 'org/lwjgl/LWJGLException'{0x0000000787833ae8}: Could not load OpenAL library> (0x0000000787833ae8) thrown at [open/src/hotspot/share/prims/jni.cpp, line 632]
Event: 6.956 Thread 0x00007faa7d008800 Exception <a 'org/lwjgl/LWJGLException'{0x0000000787833f98}: Could not load OpenAL library> (0x0000000787833f98) thrown at [open/src/hotspot/share/prims/jni.cpp, line 632]
Event: 6.956 Thread 0x00007faa7d008800 Exception <a 'org/lwjgl/LWJGLException'{0x0000000787834400}: Could not load OpenAL library> (0x0000000787834400) thrown at [open/src/hotspot/share/prims/jni.cpp, line 632]
Event: 6.956 Thread 0x00007faa7d008800 Exception <a 'org/lwjgl/LWJGLException'{0x0000000787834848}: Could not load OpenAL library> (0x0000000787834848) thrown at [open/src/hotspot/share/prims/jni.cpp, line 632]
Event: 6.956 Thread 0x00007faa7d008800 Exception <a 'org/lwjgl/LWJGLException'{0x0000000787834d90}: Could not load OpenAL library> (0x0000000787834d90) thrown at [open/src/hotspot/share/prims/jni.cpp, line 632]

Events (10 events):
Event: 9.462 loading class com/badlogic/gdx/graphics/glutils/VertexArray
Event: 9.462 loading class com/badlogic/gdx/graphics/glutils/VertexArray done
Event: 9.464 loading class com/badlogic/gdx/utils/BufferUtils
Event: 9.464 loading class com/badlogic/gdx/utils/BufferUtils done
Event: 9.520 loading class com/badlogic/gdx/graphics/glutils/IndexArray
Event: 9.520 loading class com/badlogic/gdx/graphics/glutils/IndexArray done
Event: 9.597 loading class java/nio/DirectShortBufferU
Event: 9.597 loading class java/nio/DirectShortBufferU done
Event: 9.597 loading class com/badlogic/gdx/graphics/glutils/ShaderProgram
Event: 9.597 loading class com/badlogic/gdx/graphics/glutils/ShaderProgram done


Dynamic libraries:
0x0000000109789000 	/Library/Java/JavaVirtualMachines/jdk-11.jdk/Contents/Home/lib/jli/libjli.dylib
0x00007ff83594a000 	/System/Library/Frameworks/Cocoa.framework/Versions/A/Cocoa
0x00007ff82157d000 	/System/Library/Frameworks/AppKit.framework/Versions/C/AppKit
0x00007ff824a93000 	/System/Library/Frameworks/CoreData.framework/Versions/A/CoreData
0x00007ff81f97c000 	/System/Library/Frameworks/Foundation.framework/Versions/C/Foundation
0x00007ff8298b6000 	/usr/lib/libSystem.B.dylib
0x00007ff82240d000 	/System/Library/PrivateFrameworks/UIFoundation.framework/Versions/A/UIFoundation
0x00007ff82f830000 	/System/Library/PrivateFrameworks/RemoteViewServices.framework/Versions/A/RemoteViewServices
0x00007ff827b09000 	/System/Library/PrivateFrameworks/XCTTargetBootstrap.framework/Versions/A/XCTTargetBootstrap
0x00007ff82b6c6000 	/System/Library/PrivateFrameworks/InternationalSupport.framework/Versions/A/InternationalSupport
0x00007ff82b750000 	/System/Library/PrivateFrameworks/UserActivity.framework/Versions/A/UserActivity
0x00007ff82aa9e000 	/usr/lib/libspindump.dylib
0x00007ff82269c000 	/System/Library/Frameworks/UniformTypeIdentifiers.framework/Versions/A/UniformTypeIdentifiers
0x00007ff82622e000 	/usr/lib/libapp_launch_measurement.dylib
0x00007ff825465000 	/System/Library/PrivateFrameworks/CoreAnalytics.framework/Versions/A/CoreAnalytics
0x00007ff826231000 	/System/Library/PrivateFrameworks/CoreAutoLayout.framework/Versions/A/CoreAutoLayout
0x00007ff827461000 	/System/Library/Frameworks/Metal.framework/Versions/A/Metal
0x00007ff828190000 	/usr/lib/liblangid.dylib
0x00007ff827b0e000 	/System/Library/PrivateFrameworks/CoreSVG.framework/Versions/A/CoreSVG
0x00007ff823a87000 	/System/Library/PrivateFrameworks/SkyLight.framework/Versions/A/SkyLight
0x00007ff823e26000 	/System/Library/Frameworks/CoreGraphics.framework/Versions/A/CoreGraphics
0x00007ff82fef2000 	/System/Library/Frameworks/Accelerate.framework/Versions/A/Accelerate
0x00007ff82a51d000 	/System/Library/PrivateFrameworks/IconServices.framework/Versions/A/IconServices
0x00007ff827446000 	/System/Library/Frameworks/IOSurface.framework/Versions/A/IOSurface
0x00007ff825493000 	/usr/lib/libDiagnosticMessagesClient.dylib
0x00007ff8297d6000 	/usr/lib/libz.1.dylib
0x00007ff8335ee000 	/System/Library/Frameworks/ApplicationServices.framework/Versions/A/ApplicationServices
0x00007ff827af5000 	/System/Library/PrivateFrameworks/DFRFoundation.framework/Versions/A/DFRFoundation
0x00007ff820e61000 	/usr/lib/libicucore.A.dylib
0x00007ff82c4bc000 	/System/Library/Frameworks/AudioToolbox.framework/Versions/A/AudioToolbox
0x00007ff82b6d2000 	/System/Library/PrivateFrameworks/DataDetectorsCore.framework/Versions/A/DataDetectorsCore
0x00007ff927bd6000 	/System/Library/PrivateFrameworks/TextInput.framework/Versions/A/TextInput
0x00007ff823a0a000 	/usr/lib/libMobileGestalt.dylib
0x00007ff827801000 	/System/Library/Frameworks/Carbon.framework/Versions/A/Frameworks/HIToolbox.framework/Versions/A/HIToolbox
0x00007ff825c30000 	/System/Library/Frameworks/QuartzCore.framework/Versions/A/QuartzCore
0x00007ff820b06000 	/System/Library/Frameworks/Security.framework/Versions/A/Security
0x00007ff82f868000 	/System/Library/Frameworks/Carbon.framework/Versions/A/Frameworks/SpeechRecognition.framework/Versions/A/SpeechRecognition
0x00007ff825f8e000 	/System/Library/PrivateFrameworks/CoreUI.framework/Versions/A/CoreUI
0x00007ff8203d0000 	/System/Library/Frameworks/CoreAudio.framework/Versions/A/CoreAudio
0x00007ff825582000 	/System/Library/Frameworks/DiskArbitration.framework/Versions/A/DiskArbitration
0x00007ff82ae8f000 	/System/Library/PrivateFrameworks/MultitouchSupport.framework/Versions/A/MultitouchSupport
0x00007ff823a09000 	/usr/lib/libenergytrace.dylib
0x00007ff821465000 	/System/Library/Frameworks/IOKit.framework/Versions/A/IOKit
0x00007ff82fc5a000 	/System/Library/Frameworks/CoreServices.framework/Versions/A/CoreServices
0x00007ff8261c8000 	/System/Library/PrivateFrameworks/PerformanceAnalysis.framework/Versions/A/PerformanceAnalysis
0x00007ffa378a4000 	/System/Library/Frameworks/OpenGL.framework/Versions/A/OpenGL
0x00007ff828df2000 	/System/Library/PrivateFrameworks/MobileKeyBag.framework/Versions/A/MobileKeyBag
0x00007ff81e944000 	/usr/lib/libobjc.A.dylib
0x00007ff8244f2000 	/System/Library/Frameworks/ColorSync.framework/Versions/A/ColorSync
0x00007ff81eaff000 	/System/Library/Frameworks/CoreFoundation.framework/Versions/A/CoreFoundation
0x00007ff827d86000 	/System/Library/Frameworks/CoreImage.framework/Versions/A/CoreImage
0x00007ff8201e4000 	/System/Library/Frameworks/CoreText.framework/Versions/A/CoreText
0x00007ff827b3e000 	/System/Library/Frameworks/ImageIO.framework/Versions/A/ImageIO
0x00007ff8298bc000 	/System/Library/PrivateFrameworks/SoftLinking.framework/Versions/A/SoftLinking
0x00007ff826279000 	/usr/lib/libxml2.2.dylib
0x00007ff81ea0b000 	/usr/lib/libc++.1.dylib
0x00007ff829b40000 	/usr/lib/libcompression.dylib
0x00007ff82b5f9000 	/System/Library/PrivateFrameworks/TextureIO.framework/Versions/A/TextureIO
0x00007ff82a22e000 	/usr/lib/libate.dylib
0x00007ff8298b1000 	/usr/lib/system/libcache.dylib
0x00007ff82986d000 	/usr/lib/system/libcommonCrypto.dylib
0x00007ff829896000 	/usr/lib/system/libcompiler_rt.dylib
0x00007ff82988c000 	/usr/lib/system/libcopyfile.dylib
0x00007ff81e83f000 	/usr/lib/system/libcorecrypto.dylib
0x00007ff81e8fd000 	/usr/lib/system/libdispatch.dylib
0x00007ff81eabe000 	/usr/lib/system/libdyld.dylib
0x00007ff8298a8000 	/usr/lib/system/libkeymgr.dylib
0x00007ff82984b000 	/usr/lib/system/libmacho.dylib
0x00007ff828ecc000 	/usr/lib/system/libquarantine.dylib
0x00007ff8298a6000 	/usr/lib/system/libremovefile.dylib
0x00007ff823a57000 	/usr/lib/system/libsystem_asl.dylib
0x00007ff81e7e8000 	/usr/lib/system/libsystem_blocks.dylib
0x00007ff81e982000 	/usr/lib/system/libsystem_c.dylib
0x00007ff82989e000 	/usr/lib/system/libsystem_collections.dylib
0x00007ff828180000 	/usr/lib/system/libsystem_configuration.dylib
0x00007ff827429000 	/usr/lib/system/libsystem_containermanager.dylib
0x00007ff829583000 	/usr/lib/system/libsystem_coreservices.dylib
0x00007ff8210f5000 	/usr/lib/system/libsystem_darwin.dylib
0x00007ff8298a9000 	/usr/lib/system/libsystem_dnssd.dylib
0x00007ff81e97f000 	/usr/lib/system/libsystem_featureflags.dylib
0x00007ff81ead4000 	/usr/lib/system/libsystem_info.dylib
0x00007ff8297e9000 	/usr/lib/system/libsystem_m.dylib
0x00007ff81e8d1000 	/usr/lib/system/libsystem_malloc.dylib
0x00007ff8239f2000 	/usr/lib/system/libsystem_networkextension.dylib
0x00007ff82151f000 	/usr/lib/system/libsystem_notify.dylib
0x00007ff82fb2d000 	/usr/lib/system/libsystem_product_info_filter.dylib
0x00007ff828184000 	/usr/lib/system/libsystem_sandbox.dylib
0x00007ff8298a3000 	/usr/lib/system/libsystem_secinit.dylib
0x00007ff81ea7a000 	/usr/lib/system/libsystem_kernel.dylib
0x00007ff81eaca000 	/usr/lib/system/libsystem_platform.dylib
0x00007ff81eab2000 	/usr/lib/system/libsystem_pthread.dylib
0x00007ff8252a5000 	/usr/lib/system/libsystem_symptoms.dylib
0x00007ff81e826000 	/usr/lib/system/libsystem_trace.dylib
0x00007ff829879000 	/usr/lib/system/libunwind.dylib
0x00007ff81e7ea000 	/usr/lib/system/libxpc.dylib
0x00007ff81ea64000 	/usr/lib/libc++abi.dylib
0x00007ff829884000 	/usr/lib/liboah.dylib
0x00007ff82a00a000 	/usr/lib/liblzma.5.dylib
0x00007ff81f68e000 	/System/Library/Frameworks/SystemConfiguration.framework/Versions/A/SystemConfiguration
0x00007ff8298b8000 	/usr/lib/libfakelink.dylib
0x00007ff823563000 	/System/Library/Frameworks/CFNetwork.framework/Versions/A/CFNetwork
0x00007ff8299f9000 	/usr/lib/libarchive.2.dylib
0x00007ff82818c000 	/System/Library/PrivateFrameworks/AppleSystemInfo.framework/Versions/A/AppleSystemInfo
0x00007ff828ef3000 	/usr/lib/libbsm.0.dylib
0x00007ff822b72000 	/usr/lib/libnetwork.dylib
0x00007ff829851000 	/usr/lib/system/libkxld.dylib
0x00007ff828b26000 	/System/Library/PrivateFrameworks/IOMobileFramebuffer.framework/Versions/A/IOMobileFramebuffer
0x00007ffb3725a000 	/usr/lib/libCoreEntitlements.dylib
0x00007ff829565000 	/System/Library/PrivateFrameworks/AppleFSCompression.framework/Versions/A/AppleFSCompression
0x00007ff828edb000 	/usr/lib/libcoretls.dylib
0x00007ff82a024000 	/usr/lib/libcoretls_cfhelpers.dylib
0x00007ff829b3a000 	/usr/lib/libpam.2.dylib
0x00007ff824ec4000 	/usr/lib/libsqlite3.dylib
0x00007ff82a093000 	/usr/lib/libxar.1.dylib
0x00007ff829575000 	/usr/lib/libbz2.1.0.dylib
0x00007ff8298bd000 	/usr/lib/libpcap.A.dylib
0x00007ff82529d000 	/usr/lib/libdns_services.dylib
0x00007ff829b0a000 	/usr/lib/libapple_nghttp2.dylib
0x00007ff8298f7000 	/usr/lib/libiconv.2.dylib
0x00007ff82984a000 	/usr/lib/libcharset.1.dylib
0x00007ff8261fc000 	/System/Library/Frameworks/CoreServices.framework/Versions/A/Frameworks/FSEvents.framework/Versions/A/FSEvents
0x00007ff8210ff000 	/System/Library/Frameworks/CoreServices.framework/Versions/A/Frameworks/CarbonCore.framework/Versions/A/CarbonCore
0x00007ff8254e6000 	/System/Library/Frameworks/CoreServices.framework/Versions/A/Frameworks/Metadata.framework/Versions/A/Metadata
0x00007ff829588000 	/System/Library/Frameworks/CoreServices.framework/Versions/A/Frameworks/OSServices.framework/Versions/A/OSServices
0x00007ff829a7f000 	/System/Library/Frameworks/CoreServices.framework/Versions/A/Frameworks/SearchKit.framework/Versions/A/SearchKit
0x00007ff82522f000 	/System/Library/Frameworks/CoreServices.framework/Versions/A/Frameworks/AE.framework/Versions/A/AE
0x00007ff81f002000 	/System/Library/Frameworks/CoreServices.framework/Versions/A/Frameworks/LaunchServices.framework/Versions/A/LaunchServices
0x00007ff829fbb000 	/System/Library/Frameworks/CoreServices.framework/Versions/A/Frameworks/DictionaryServices.framework/Versions/A/DictionaryServices
0x00007ff826209000 	/System/Library/Frameworks/CoreServices.framework/Versions/A/Frameworks/SharedFileList.framework/Versions/A/SharedFileList
0x00007ff828ecf000 	/usr/lib/libCheckFix.dylib
0x00007ff823a6e000 	/System/Library/PrivateFrameworks/TCC.framework/Versions/A/TCC
0x00007ff828192000 	/System/Library/PrivateFrameworks/CoreNLP.framework/Versions/A/CoreNLP
0x00007ff825496000 	/System/Library/PrivateFrameworks/MetadataUtilities.framework/Versions/A/MetadataUtilities
0x00007ff81f73f000 	/usr/lib/libmecabra.dylib
0x00007ff828f03000 	/usr/lib/libmecab.dylib
0x00007ff81f70a000 	/usr/lib/libCRFSuite.dylib
0x00007ff828f5d000 	/usr/lib/libgermantok.dylib
0x00007ff829ae5000 	/usr/lib/libThaiTokenizer.dylib
0x00007ff825589000 	/System/Library/Frameworks/Accelerate.framework/Versions/A/Frameworks/vImage.framework/Versions/A/vImage
0x00007ff82fc31000 	/System/Library/Frameworks/Accelerate.framework/Versions/A/Frameworks/vecLib.framework/Versions/A/vecLib
0x00007ff82a0d4000 	/System/Library/Frameworks/Accelerate.framework/Versions/A/Frameworks/vecLib.framework/Versions/A/libvMisc.dylib
0x00007ff828951000 	/System/Library/Frameworks/Accelerate.framework/Versions/A/Frameworks/vecLib.framework/Versions/A/libvDSP.dylib
0x00007ff81f37e000 	/System/Library/Frameworks/Accelerate.framework/Versions/A/Frameworks/vecLib.framework/Versions/A/libBLAS.dylib
0x00007ff829c1d000 	/System/Library/Frameworks/Accelerate.framework/Versions/A/Frameworks/vecLib.framework/Versions/A/libLAPACK.dylib
0x00007ff828f60000 	/System/Library/Frameworks/Accelerate.framework/Versions/A/Frameworks/vecLib.framework/Versions/A/libLinearAlgebra.dylib
0x00007ff829b22000 	/System/Library/Frameworks/Accelerate.framework/Versions/A/Frameworks/vecLib.framework/Versions/A/libSparseBLAS.dylib
0x00007ff829c17000 	/System/Library/Frameworks/Accelerate.framework/Versions/A/Frameworks/vecLib.framework/Versions/A/libQuadrature.dylib
0x00007ff82827d000 	/System/Library/Frameworks/Accelerate.framework/Versions/A/Frameworks/vecLib.framework/Versions/A/libBNNS.dylib
0x00007ff81f618000 	/System/Library/Frameworks/Accelerate.framework/Versions/A/Frameworks/vecLib.framework/Versions/A/libSparse.dylib
0x00007ff828276000 	/System/Library/PrivateFrameworks/LinguisticData.framework/Versions/A/LinguisticData
0x00007ff81f5ce000 	/System/Library/PrivateFrameworks/Lexicon.framework/Versions/A/Lexicon
0x00007ff82a0cd000 	/usr/lib/libChineseTokenizer.dylib
0x00007ff81fd39000 	/System/Library/PrivateFrameworks/LanguageModeling.framework/Versions/A/LanguageModeling
0x00007ff829ae7000 	/System/Library/PrivateFrameworks/AppleSauce.framework/Versions/A/AppleSauce
0x00007ff828b14000 	/System/Library/PrivateFrameworks/CoreEmoji.framework/Versions/A/CoreEmoji
0x00007ff8299e8000 	/usr/lib/libcmph.dylib
0x00007ff8261e0000 	/System/Library/Frameworks/OpenDirectory.framework/Versions/A/Frameworks/CFOpenDirectory.framework/Versions/A/CFOpenDirectory
0x00007ff8261d4000 	/System/Library/Frameworks/OpenDirectory.framework/Versions/A/OpenDirectory
0x00007ff82a026000 	/System/Library/PrivateFrameworks/APFS.framework/Versions/A/APFS
0x00007ff828e2a000 	/System/Library/Frameworks/SecurityFoundation.framework/Versions/A/SecurityFoundation
0x00007ff82a0a1000 	/usr/lib/libutil.dylib
0x00007ff821429000 	/System/Library/PrivateFrameworks/CoreServicesStore.framework/Versions/A/CoreServicesStore
0x00007ff82a0a5000 	/usr/lib/libxslt.1.dylib
0x00007ff828eb7000 	/System/Library/PrivateFrameworks/BackgroundTaskManagement.framework/Versions/A/BackgroundTaskManagement
0x00007ff82b519000 	/System/Library/Frameworks/ImageIO.framework/Versions/A/Resources/libRadiance.dylib
0x00007ff82b522000 	/System/Library/Frameworks/ImageIO.framework/Versions/A/Resources/libJPEG.dylib
0x00007ff82b46e000 	/System/Library/Frameworks/ImageIO.framework/Versions/A/Resources/libPng.dylib
0x00007ff82b48f000 	/System/Library/Frameworks/ImageIO.framework/Versions/A/Resources/libTIFF.dylib
0x00007ff82b582000 	/System/Library/Frameworks/ImageIO.framework/Versions/A/Resources/libGIF.dylib
0x00007ff82ada8000 	/System/Library/Frameworks/ImageIO.framework/Versions/A/Resources/libJP2.dylib
0x00007ff82a4e3000 	/usr/lib/libexpat.1.dylib
0x00007ff82ad5d000 	/System/Library/PrivateFrameworks/AppleJPEG.framework/Versions/A/AppleJPEG
0x00007ff8276c6000 	/System/Library/PrivateFrameworks/FontServices.framework/libFontParser.dylib
0x00007ff8251d9000 	/System/Library/PrivateFrameworks/RunningBoardServices.framework/Versions/A/RunningBoardServices
0x00007ff835f05000 	/System/Library/PrivateFrameworks/IOSurfaceAccelerator.framework/Versions/A/IOSurfaceAccelerator
0x00007ff82ae8b000 	/System/Library/PrivateFrameworks/WatchdogClient.framework/Versions/A/WatchdogClient
0x00007ff81fe27000 	/System/Library/Frameworks/CoreDisplay.framework/Versions/A/CoreDisplay
0x00007ff8275c4000 	/System/Library/Frameworks/CoreMedia.framework/Versions/A/CoreMedia
0x00007ff827458000 	/System/Library/PrivateFrameworks/IOAccelerator.framework/Versions/A/IOAccelerator
0x00007ff82635d000 	/System/Library/Frameworks/CoreVideo.framework/Versions/A/CoreVideo
0x00007ff829b38000 	/System/Library/Frameworks/MetalPerformanceShaders.framework/Versions/A/MetalPerformanceShaders
0x00007ff82aec8000 	/System/Library/Frameworks/VideoToolbox.framework/Versions/A/VideoToolbox
0x00007ff825123000 	/System/Library/PrivateFrameworks/BaseBoard.framework/Versions/A/BaseBoard
0x00007ff824eaa000 	/System/Library/PrivateFrameworks/ProtocolBuffer.framework/Versions/A/ProtocolBuffer
0x00007ff82b512000 	/System/Library/PrivateFrameworks/GPUWrangler.framework/Versions/A/GPUWrangler
0x00007ff82b4f6000 	/System/Library/PrivateFrameworks/IOPresentment.framework/Versions/A/IOPresentment
0x00007ff82b51c000 	/System/Library/PrivateFrameworks/DSExternalDisplay.framework/Versions/A/DSExternalDisplay
0x00007ffa37898000 	/System/Library/Frameworks/OpenGL.framework/Versions/A/Libraries/libCoreFSCache.dylib
0x00007ffb2496d000 	/System/Library/PrivateFrameworks/GPUCompiler.framework/Versions/31001/Libraries/libGPUCompilerUtils.dylib
0x00007ff82b587000 	/System/Library/PrivateFrameworks/CMCaptureCore.framework/Versions/A/CMCaptureCore
0x00007ff82aa8c000 	/System/Library/PrivateFrameworks/AppServerSupport.framework/Versions/A/AppServerSupport
0x00007ff82cd55000 	/System/Library/PrivateFrameworks/perfdata.framework/Versions/A/perfdata
0x00007ff81ff53000 	/System/Library/PrivateFrameworks/AudioToolboxCore.framework/Versions/A/AudioToolboxCore
0x00007ff8275a2000 	/System/Library/PrivateFrameworks/caulk.framework/Versions/A/caulk
0x00007ff82c667000 	/usr/lib/libAudioStatistics.dylib
0x00007ff92435b000 	/System/Library/PrivateFrameworks/SystemPolicy.framework/Versions/A/SystemPolicy
0x00007ff82c8c2000 	/usr/lib/libSMC.dylib
0x00007ff8357fd000 	/System/Library/Frameworks/CoreMIDI.framework/Versions/A/CoreMIDI
0x00007ff82b43d000 	/usr/lib/libAudioToolboxUtility.dylib
0x00007ff92057b000 	/System/Library/PrivateFrameworks/OSAServicesClient.framework/Versions/A/OSAServicesClient
0x00007ff82cd62000 	/usr/lib/libperfcheck.dylib
0x00007ff924e0c000 	/usr/lib/libmis.dylib
0x00007ffa378f3000 	/System/Library/Frameworks/OpenGL.framework/Versions/A/Libraries/libGLU.dylib
0x00007ffa378b7000 	/System/Library/Frameworks/OpenGL.framework/Versions/A/Libraries/libGFXShared.dylib
0x00007ffa37ac0000 	/System/Library/Frameworks/OpenGL.framework/Versions/A/Libraries/libGL.dylib
0x00007ffa378c0000 	/System/Library/Frameworks/OpenGL.framework/Versions/A/Libraries/libGLImage.dylib
0x00007ffa378b4000 	/System/Library/Frameworks/OpenGL.framework/Versions/A/Libraries/libCVMSPluginSupport.dylib
0x00007ffa3789f000 	/System/Library/Frameworks/OpenGL.framework/Versions/A/Libraries/libCoreVMClient.dylib
0x00007ff82810e000 	/System/Library/Frameworks/MetalPerformanceShaders.framework/Versions/A/Frameworks/MPSCore.framework/Versions/A/MPSCore
0x00007ff8294d0000 	/System/Library/Frameworks/MetalPerformanceShaders.framework/Versions/A/Frameworks/MPSImage.framework/Versions/A/MPSImage
0x00007ff828f76000 	/System/Library/Frameworks/MetalPerformanceShaders.framework/Versions/A/Frameworks/MPSNeuralNetwork.framework/Versions/A/MPSNeuralNetwork
0x00007ff8293ea000 	/System/Library/Frameworks/MetalPerformanceShaders.framework/Versions/A/Frameworks/MPSMatrix.framework/Versions/A/MPSMatrix
0x00007ff8291a5000 	/System/Library/Frameworks/MetalPerformanceShaders.framework/Versions/A/Frameworks/MPSRayIntersector.framework/Versions/A/MPSRayIntersector
0x00007ff829422000 	/System/Library/Frameworks/MetalPerformanceShaders.framework/Versions/A/Frameworks/MPSNDArray.framework/Versions/A/MPSNDArray
0x00007ffa3d378000 	/System/Library/Frameworks/MetalPerformanceShaders.framework/Versions/A/Frameworks/MPSFunctions.framework/Versions/A/MPSFunctions
0x00007ff81f25a000 	/System/Library/PrivateFrameworks/MetalTools.framework/Versions/A/MetalTools
0x00007ff82818a000 	/System/Library/PrivateFrameworks/AggregateDictionary.framework/Versions/A/AggregateDictionary
0x00007ff82a2c5000 	/usr/lib/libIOReport.dylib
0x00007ffa38ecf000 	/System/Library/Frameworks/OpenCL.framework/Versions/A/OpenCL
0x00007ff82a62a000 	/System/Library/PrivateFrameworks/FaceCore.framework/Versions/A/FaceCore
0x00007ff82a61b000 	/System/Library/PrivateFrameworks/GraphVisualizer.framework/Versions/A/GraphVisualizer
0x00007ffb24878000 	/System/Library/PrivateFrameworks/FontServices.framework/Versions/A/FontServices
0x00007ff82aa44000 	/System/Library/PrivateFrameworks/OTSVG.framework/Versions/A/OTSVG
0x00007ff825f43000 	/System/Library/Frameworks/ApplicationServices.framework/Versions/A/Frameworks/ATS.framework/Versions/A/Resources/libFontRegistry.dylib
0x00007ff82aa94000 	/System/Library/PrivateFrameworks/FontServices.framework/libhvf.dylib
0x00007ffb24879000 	/System/Library/PrivateFrameworks/FontServices.framework/libXTFontStaticRegistryData.dylib
0x00007ff82a493000 	/System/Library/PrivateFrameworks/AppleVA.framework/Versions/A/AppleVA
0x00007ff82c687000 	/System/Library/Frameworks/ApplicationServices.framework/Versions/A/Frameworks/ATS.framework/Versions/A/ATS
0x00007ff8245f0000 	/System/Library/Frameworks/ApplicationServices.framework/Versions/A/Frameworks/HIServices.framework/Versions/A/HIServices
0x00007ff82b591000 	/System/Library/Frameworks/ApplicationServices.framework/Versions/A/Frameworks/PrintCore.framework/Versions/A/PrintCore
0x00007ff82ca15000 	/System/Library/Frameworks/ApplicationServices.framework/Versions/A/Frameworks/QD.framework/Versions/A/QD
0x00007ff82ca0d000 	/System/Library/Frameworks/ApplicationServices.framework/Versions/A/Frameworks/ColorSyncLegacy.framework/Versions/A/ColorSyncLegacy
0x00007ff82c677000 	/System/Library/Frameworks/ApplicationServices.framework/Versions/A/Frameworks/SpeechSynthesis.framework/Versions/A/SpeechSynthesis
0x00007ff82b552000 	/System/Library/Frameworks/ApplicationServices.framework/Versions/A/Frameworks/ATSUI.framework/Versions/A/ATSUI
0x00007ff82c9a2000 	/usr/lib/libcups.2.dylib
0x00007ff82cd71000 	/System/Library/Frameworks/Kerberos.framework/Versions/A/Kerberos
0x00007ff82cd80000 	/System/Library/Frameworks/GSS.framework/Versions/A/GSS
0x00007ff82c6f3000 	/usr/lib/libresolv.9.dylib
0x00007ff82aaa3000 	/System/Library/PrivateFrameworks/Heimdal.framework/Versions/A/Heimdal
0x00007ff833980000 	/System/Library/Frameworks/Kerberos.framework/Versions/A/Libraries/libHeimdalProxy.dylib
0x00007ff8252ad000 	/System/Library/Frameworks/Network.framework/Versions/A/Network
0x00007ff82a4fe000 	/usr/lib/libheimdal-asn1.dylib
0x00007ff82cdcb000 	/System/Library/PrivateFrameworks/CommonAuth.framework/Versions/A/CommonAuth
0x00007ff82c5f9000 	/System/Library/PrivateFrameworks/AudioSession.framework/Versions/A/AudioSession
0x00007ff82a58e000 	/System/Library/PrivateFrameworks/MediaExperience.framework/Versions/A/MediaExperience
0x00007ff82c48b000 	/System/Library/PrivateFrameworks/AudioSession.framework/libSessionUtility.dylib
0x00007ff82ca21000 	/System/Library/PrivateFrameworks/AudioResourceArbitration.framework/Versions/A/AudioResourceArbitration
0x00007ff830aa4000 	/System/Library/PrivateFrameworks/PowerLog.framework/Versions/A/PowerLog
0x00007ff82a507000 	/System/Library/PrivateFrameworks/IconFoundation.framework/Versions/A/IconFoundation
0x00007ff82f858000 	/System/Library/PrivateFrameworks/SpeechRecognitionCore.framework/Versions/A/SpeechRecognitionCore
0x00007ffa24314000 	/System/Library/CoreServices/Encodings/libJapaneseConverter.dylib
0x000000010a51c000 	/Library/Java/JavaVirtualMachines/jdk-11.jdk/Contents/Home/lib/server/libjvm.dylib
0x00000001097bf000 	/Library/Java/JavaVirtualMachines/jdk-11.jdk/Contents/Home/lib/libverify.dylib
0x0000000109802000 	/Library/Java/JavaVirtualMachines/jdk-11.jdk/Contents/Home/lib/libjava.dylib
0x00000001097d3000 	/Library/Java/JavaVirtualMachines/jdk-11.jdk/Contents/Home/lib/libjimage.dylib
0x00000001097f2000 	/Library/Java/JavaVirtualMachines/jdk-11.jdk/Contents/Home/lib/libzip.dylib
0x000000010a2b0000 	/Library/Java/JavaVirtualMachines/jdk-11.jdk/Contents/Home/lib/libnio.dylib
0x000000010a2e7000 	/Library/Java/JavaVirtualMachines/jdk-11.jdk/Contents/Home/lib/libnet.dylib
0x000000010a340000 	/private/var/folders/0r/b1_lsbz908x1qv7hr1m66z580000gn/T/libgdxsawanotaijun/5c7c35de/libgdx64.dylib
0x000000010a401000 	/Library/Java/JavaVirtualMachines/jdk-11.jdk/Contents/Home/lib/libawt.dylib
0x000000010a4a9000 	/Library/Java/JavaVirtualMachines/jdk-11.jdk/Contents/Home/lib/libmlib_image.dylib
0x00007ffa3d2e1000 	/System/Library/Frameworks/JavaRuntimeSupport.framework/Versions/A/JavaRuntimeSupport
0x00007ff923e7f000 	/System/Library/Frameworks/Carbon.framework/Versions/A/Carbon
0x00007ff831d1f000 	/System/Library/PrivateFrameworks/CoreSymbolication.framework/Versions/A/CoreSymbolication
0x00007ff8372c4000 	/System/Library/Frameworks/Carbon.framework/Versions/A/Frameworks/CommonPanels.framework/Versions/A/CommonPanels
0x00007ff833355000 	/System/Library/Frameworks/Carbon.framework/Versions/A/Frameworks/Help.framework/Versions/A/Help
0x00007ff8372c8000 	/System/Library/Frameworks/Carbon.framework/Versions/A/Frameworks/ImageCapture.framework/Versions/A/ImageCapture
0x00007ff837298000 	/System/Library/Frameworks/Carbon.framework/Versions/A/Frameworks/OpenScripting.framework/Versions/A/OpenScripting
0x00007ff8372c0000 	/System/Library/Frameworks/Carbon.framework/Versions/A/Frameworks/Ink.framework/Versions/A/Ink
0x00007ff923e7b000 	/System/Library/Frameworks/Carbon.framework/Versions/A/Frameworks/Print.framework/Versions/A/Print
0x00007ff8372bc000 	/System/Library/Frameworks/Carbon.framework/Versions/A/Frameworks/SecurityHI.framework/Versions/A/SecurityHI
0x00007ff831ce4000 	/System/Library/PrivateFrameworks/DebugSymbols.framework/Versions/A/DebugSymbols
0x000000010ffd6000 	/Library/Java/JavaVirtualMachines/jdk-11.jdk/Contents/Home/lib/libawt_lwawt.dylib
0x000000010a37c000 	/Library/Java/JavaVirtualMachines/jdk-11.jdk/Contents/Home/lib/libosxapp.dylib
0x00007ff923149000 	/System/Library/Frameworks/ExceptionHandling.framework/Versions/A/ExceptionHandling
0x000000011028e000 	/Library/Java/JavaVirtualMachines/jdk-11.jdk/Contents/Home/lib/libfontmanager.dylib
0x00000001100da000 	/Library/Java/JavaVirtualMachines/jdk-11.jdk/Contents/Home/lib/libfreetype.dylib
0x00007ff8213eb000 	/System/Library/PrivateFrameworks/CoreServicesInternal.framework/Versions/A/CoreServicesInternal
0x00007ff831095000 	/System/Library/Frameworks/FileProvider.framework/Versions/A/FileProvider
0x00007ff825090000 	/System/Library/Frameworks/Accounts.framework/Versions/A/Accounts
0x00007ff83120e000 	/System/Library/PrivateFrameworks/GenerationalStorage.framework/Versions/A/GenerationalStorage
0x00007ff830a99000 	/System/Library/PrivateFrameworks/SymptomDiagnosticReporter.framework/Versions/A/SymptomDiagnosticReporter
0x00007ff8226b0000 	/System/Library/PrivateFrameworks/DesktopServicesPriv.framework/Versions/A/DesktopServicesPriv
0x00007ff82152e000 	/usr/lib/libsandbox.1.dylib
0x00007ff8263dc000 	/System/Library/PrivateFrameworks/UserManagement.framework/Versions/A/UserManagement
0x00007ff82ca02000 	/System/Library/PrivateFrameworks/NetAuth.framework/Versions/A/NetAuth
0x00007ff82d911000 	/System/Library/PrivateFrameworks/Sharing.framework/Versions/A/Sharing
0x00007ff8263af000 	/System/Library/PrivateFrameworks/login.framework/Versions/A/Frameworks/loginsupport.framework/Versions/A/loginsupport
0x00007ff832e83000 	/System/Library/PrivateFrameworks/Apple80211.framework/Versions/A/Apple80211
0x00007ff8295b5000 	/System/Library/PrivateFrameworks/AuthKit.framework/Versions/A/AuthKit
0x00007ff828c0a000 	/System/Library/PrivateFrameworks/CoreUtils.framework/Versions/A/CoreUtils
0x00007ff828b31000 	/System/Library/Frameworks/CoreWLAN.framework/Versions/A/CoreWLAN
0x00007ff82da70000 	/System/Library/Frameworks/IOBluetooth.framework/Versions/A/IOBluetooth
0x00007ff832eeb000 	/System/Library/PrivateFrameworks/CoreWiFi.framework/Versions/A/CoreWiFi
0x00007ff8318b8000 	/System/Library/PrivateFrameworks/FrontBoardServices.framework/Versions/A/FrontBoardServices
0x00007ff831949000 	/System/Library/PrivateFrameworks/BoardServices.framework/Versions/A/BoardServices
0x00007ff828e19000 	/System/Library/PrivateFrameworks/AssertionServices.framework/Versions/A/AssertionServices
0x00007ff83306e000 	/System/Library/PrivateFrameworks/BackBoardServices.framework/Versions/A/BackBoardServices
0x00007ff82ce5c000 	/System/Library/PrivateFrameworks/CorePhoneNumbers.framework/Versions/A/CorePhoneNumbers
0x00007ff82c720000 	/System/Library/PrivateFrameworks/MultiverseSupport.framework/Versions/A/MultiverseSupport
0x00007ff8332e2000 	/System/Library/PrivateFrameworks/RemoteServiceDiscovery.framework/Versions/A/RemoteServiceDiscovery
0x00007ff830bb6000 	/System/Library/PrivateFrameworks/DiskManagement.framework/Versions/A/DiskManagement
0x00007ff830aca000 	/System/Library/PrivateFrameworks/AppleIDAuthSupport.framework/Versions/A/AppleIDAuthSupport
0x00007ffb1f1f4000 	/System/Library/PrivateFrameworks/AAAFoundation.framework/Versions/A/AAAFoundation
0x00007ff82ce3d000 	/System/Library/PrivateFrameworks/KeychainCircle.framework/Versions/A/KeychainCircle
0x00007ff8332f2000 	/System/Library/PrivateFrameworks/RemoteXPC.framework/Versions/A/RemoteXPC
0x00007ff830b82000 	/System/Library/PrivateFrameworks/MediaKit.framework/Versions/A/MediaKit
0x00007ff830ad6000 	/System/Library/Frameworks/DiscRecording.framework/Versions/A/DiscRecording
0x00007ff82a40b000 	/usr/lib/libCoreStorage.dylib
0x00007ff83335d000 	/usr/lib/libcsfde.dylib
0x00007ff82db3d000 	/System/Library/PrivateFrameworks/ProtectedCloudStorage.framework/Versions/A/ProtectedCloudStorage
0x00007ff833359000 	/System/Library/PrivateFrameworks/EFILogin.framework/Versions/A/EFILogin
0x00007ff831234000 	/System/Library/PrivateFrameworks/OctagonTrust.framework/Versions/A/OctagonTrust
0x00007ffb23adc000 	/System/Library/PrivateFrameworks/CoreUtilsExtras.framework/Versions/A/CoreUtilsExtras
0x00007ff8309fd000 	/System/Library/Frameworks/CoreBluetooth.framework/Versions/A/CoreBluetooth
0x00007ff833a05000 	/System/Library/Frameworks/AudioUnit.framework/Versions/A/AudioUnit
0x00007ff82a403000 	/usr/lib/libMatch.1.dylib
0x00007ff92bc0c000 	/System/Library/CoreServices/RawCamera.bundle/Contents/MacOS/RawCamera
0x00007ff82cddb000 	/System/Library/PrivateFrameworks/MobileAsset.framework/Versions/A/MobileAsset
0x00007ff833a2c000 	/System/Library/PrivateFrameworks/StreamingZip.framework/Versions/A/StreamingZip
0x00007ffb20dd0000 	/System/Library/PrivateFrameworks/CMPhoto.framework/Versions/A/CMPhoto
0x00007ff831bba000 	/System/Library/PrivateFrameworks/AppleVPA.framework/Versions/A/AppleVPA
0x00007ff82b7bb000 	/System/Library/Frameworks/MediaToolbox.framework/Versions/A/MediaToolbox
0x00007ff831065000 	/System/Library/PrivateFrameworks/CoreAVCHD.framework/Versions/A/CoreAVCHD
0x00007ff82ff3a000 	/System/Library/Frameworks/MediaAccessibility.framework/Versions/A/MediaAccessibility
0x00007ff831061000 	/System/Library/PrivateFrameworks/Mangrove.framework/Versions/A/Mangrove
0x00007ff82ff45000 	/System/Library/PrivateFrameworks/AlgosScoreFramework.framework/Versions/A/AlgosScoreFramework
0x00007ff830ca6000 	/System/Library/PrivateFrameworks/CoreAUC.framework/Versions/A/CoreAUC
0x00007ff929435000 	/System/Library/Frameworks/Accelerate.framework/Versions/A/Frameworks/vImage.framework/Versions/A/Libraries/libCGInterfaces.dylib
0x000000010ffa5000 	/usr/lib/libobjc-trampolines.dylib
0x00007ff8260d4000 	/System/Library/PrivateFrameworks/ViewBridge.framework/Versions/A/ViewBridge
0x0000000132d9b000 	/private/var/folders/0r/b1_lsbz908x1qv7hr1m66z580000gn/T/libgdxsawanotaijun/f7649394/liblwjgl.dylib
0x0000000132d19000 	/Library/Java/JavaVirtualMachines/jdk-11.jdk/Contents/Home/lib/libjawt.dylib
0x0000000132d29000 	/private/var/folders/0r/b1_lsbz908x1qv7hr1m66z580000gn/T/libgdxsawanotaijun/f7649394/openal.dylib
0x0000000133104000 	/System/Library/Components/CoreAudio.component/Contents/MacOS/CoreAudio
0x0000000132e50000 	/System/Library/Extensions/AppleHDA.kext/Contents/PlugIns/AppleHDAHALPlugIn.bundle/Contents/MacOS/AppleHDAHALPlugIn
0x00007ffa3e55d000 	/System/Library/Frameworks/OpenAL.framework/Versions/A/OpenAL
0x0000000134563000 	/System/Library/Components/AudioDSP.component/Contents/MacOS/AudioDSP
0x00007ff924173000 	/System/Library/Frameworks/AVFoundation.framework/Versions/A/AVFoundation
0x00007ffa3bf8f000 	/System/Library/Frameworks/AVFAudio.framework/Versions/A/AVFAudio
0x00007ff8316c8000 	/System/Library/PrivateFrameworks/AVFCore.framework/Versions/A/AVFCore
0x00007ff838984000 	/System/Library/PrivateFrameworks/AVFCapture.framework/Versions/A/AVFCapture
0x00007ff922de6000 	/System/Library/PrivateFrameworks/AirPlaySync.framework/Versions/A/AirPlaySync
0x00007ffb20db9000 	/System/Library/PrivateFrameworks/CMImaging.framework/Versions/A/CMImaging
0x00007ff838ad6000 	/System/Library/PrivateFrameworks/Quagga.framework/Versions/A/Quagga
0x00007ff91e7e8000 	/System/Library/PrivateFrameworks/CMCapture.framework/Versions/A/CMCapture
0x00007ff82c7e2000 	/System/Library/Frameworks/CoreMediaIO.framework/Versions/A/CoreMediaIO
0x00007ff833b2d000 	/System/Library/PrivateFrameworks/Espresso.framework/Versions/A/Espresso
0x00007ff8333f6000 	/System/Library/PrivateFrameworks/AppSupport.framework/Versions/A/AppSupport
0x00007ffa2a50a000 	/System/Library/PrivateFrameworks/ANECompiler.framework/Versions/A/ANECompiler
0x00007ff83577d000 	/System/Library/PrivateFrameworks/AppleNeuralEngine.framework/Versions/A/AppleNeuralEngine
0x00007ffb2736d000 	/System/Library/PrivateFrameworks/MIL.framework/Versions/A/MIL
0x00007ffa3d38b000 	/System/Library/Frameworks/MetalPerformanceShadersGraph.framework/Versions/A/MetalPerformanceShadersGraph
0x00007ff8346cc000 	/System/Library/PrivateFrameworks/ANEServices.framework/Versions/A/ANEServices
0x00007ff928bdc000 	/usr/lib/libncurses.5.4.dylib
0x00007ffb371ee000 	/usr/lib/libAudioDSPCore.dylib
0x00007ffa37acb000 	/System/Library/Frameworks/OpenGL.framework/Versions/A/Resources/GLEngine.bundle/GLEngine
0x00007ffa37931000 	/System/Library/Frameworks/OpenGL.framework/Versions/A/Libraries/libGLProgrammability.dylib
0x00007ffa32876000 	/System/Library/Extensions/AppleIntelHD5000GraphicsGLDriver.bundle/Contents/MacOS/AppleIntelHD5000GraphicsGLDriver
0x00007ff92efac000 	/System/Library/PrivateFrameworks/GPUSupport.framework/Versions/A/Libraries/libGPUSupportMercury.dylib
0x00007ffa37c55000 	/System/Library/Frameworks/OpenGL.framework/Versions/A/Resources/GLRendererFloat.bundle/GLRendererFloat
0x00007ff82ab5b000 	/System/Library/PrivateFrameworks/login.framework/Versions/A/login


VM Arguments:
jvm_args: -Dfile.encoding=UTF-8 -Duser.country=JP -Duser.language=ja -Duser.variant 
java_command: com.frappagames.gdx2048.desktop.DesktopLauncher
java_class_path (initial): /Users/sawanotaijun/Downloads/android/libgdx13/gdx2048/desktop/build/classes/java/main:/Users/sawanotaijun/Downloads/android/libgdx13/gdx2048/desktop/build/resources/main:/Users/sawanotaijun/.gradle/caches/modules-2/files-2.1/com.badlogicgames.gdx/gdx-backend-lwjgl/1.12.0/cd2ccf53d2c0ae63cc821c3d7b9969cd16b66da8/gdx-backend-lwjgl-1.12.0.jar:/Users/sawanotaijun/.gradle/caches/modules-2/files-2.1/com.badlogicgames.gdx/gdx-platform/1.12.0/47e1147f66a38eb0fad40582df5175f6326ce5b8/gdx-platform-1.12.0-natives-desktop.jar:/Users/sawanotaijun/.gradle/caches/modules-2/files-2.1/com.badlogicgames.gdx/gdx-box2d-platform/1.12.0/7b6b430c4a58354e86722759298472948f341f3b/gdx-box2d-platform-1.12.0-natives-desktop.jar:/Users/sawanotaijun/.gradle/caches/modules-2/files-2.1/de.tomgrill.gdxdialogs/gdx-dialogs-desktop/1.2.5/233048054a845d7a59d86c54e9d74f95749f74b5/gdx-dialogs-desktop-1.2.5.jar:/Users/sawanotaijun/.gradle/caches/modules-2/files-2.1/com.badlogicgames.gdx/gdx-freetype-platform/1.12.0/d123cfd023644940ddbb195c36215c656fa26569/gdx-freetype-platform-1.12.0-natives-desktop.jar:/Users/sawanotaijun/Downloads/android/libgdx13/gdx2048/core/build/libs/core-1.0.0.jar:/Users/sawanotaijun/.gradle/caches/modules-2/files-2.1/de.tomgrill.gdxdialogs/gdx-dialogs-core/1.2.5/c55ef7e82d013ea7d99a66dcbdc24cfa7127337e/gdx-dialogs-core-1.2.5.jar:/Users/sawanotaijun/.gradle/caches/modules-2/files-2.1/com.github.antzGames/gdx-ode4j/master-SNAPSHOT/694742ea02ad6d289b7f5af89c6293eafdfd7a98/gdx-ode4j-master-SNAPSHOT.jar:/Users/sawanotaijun/.gradle/caches/modules-2/files-2.1/com.badlogicgames.gdx/gdx-box2d/1.12.0/aea4c00da8a8faad8cfe6345d804277229e70aba/gdx-box2d-1.12.0.jar:/Users/sawanotaijun/.gradle/caches/modules-2/files-2.1/com.kotcrab.vis/vis-ui/1.3.0/639741faa66a560197ee06a9412949402c831796/vis-ui-1.3.0.jar:/Users/sawanotaijun/.gradle/caches/modules-2/files-2.1/com.badlogicgames.gdx/gdx-freetype/1.12.0/5c9ce57d7e95c35dead37f674d23c023c1a4167d/gdx-freetype-1.12.0.jar:/
Launcher Type: SUN_STANDARD

[Global flags]
     intx CICompilerCount                          = 3                                         {product} {ergonomic}
     uint ConcGCThreads                            = 1                                         {product} {ergonomic}
     uint G1ConcRefinementThreads                  = 4                                         {product} {ergonomic}
   size_t G1HeapRegionSize                         = 1048576                                   {product} {ergonomic}
    uintx GCDrainStackTargetSize                   = 64                                        {product} {ergonomic}
   size_t InitialHeapSize                          = 134217728                                 {product} {ergonomic}
   size_t MarkStackSize                            = 4194304                                   {product} {ergonomic}
   size_t MaxHeapSize                              = 2147483648                                {product} {ergonomic}
   size_t MaxNewSize                               = 1287651328                                {product} {ergonomic}
   size_t MinHeapDeltaBytes                        = 1048576                                   {product} {ergonomic}
    uintx NonNMethodCodeHeapSize                   = 5830732                                {pd product} {ergonomic}
    uintx NonProfiledCodeHeapSize                  = 122913754                              {pd product} {ergonomic}
    uintx ProfiledCodeHeapSize                     = 122913754                              {pd product} {ergonomic}
    uintx ReservedCodeCacheSize                    = 251658240                              {pd product} {ergonomic}
     bool SegmentedCodeCache                       = true                                      {product} {ergonomic}
     bool UseCompressedClassPointers               = true                                 {lp64_product} {ergonomic}
     bool UseCompressedOops                        = true                                 {lp64_product} {ergonomic}
     bool UseG1GC                                  = true                                      {product} {ergonomic}

Logging:
Log output configuration:
 #0: stdout all=warning uptime,level,tags
 #1: stderr all=off uptime,level,tags

Environment Variables:
JAVA_HOME=/Library/Java/JavaVirtualMachines/jdk-11.jdk/Contents/Home/
PATH=/Library/Frameworks/Python.framework/Versions/3.7/bin:/Users/sawanotaijun/Downloads/android-sdk-macosx/tools:/Users/sawanotaijun/Downloads/android-sdk-macosx/platform-tools:/Users/sawanotaijun/Downloads/android-sdk-macosx:/Users/sawanotaijun/Downloads/android/cocos/cocos2d-x-3.17.2/templates:/Users/sawanotaijun/Downloads/android/cocos:/Users/sawanotaijun/Downloads/android/cocos/cocos2d-x-3.17.2/tools/cocos2d-console/bin:/Users/sawanotaijun/Documents/workspace/j2swift/bin:/Users/sawanotaijun/.rbenv/shims:/Users/sawanotaijun/.rbenv/bin:/Users/sawanotaijun/Downloads/j2objc/j2objc-master/dist:/Users/sawanotaijun/Download/libgdx-1/sources:/Users/sawanotaijun/Download/libgdx-1:/Users/sawanotaijun/.rbenv/shims/ruby:/Users/sawanotaijun/.gem/ruby/2.7.0/bin:/Users/sawanotaijun/Downloads/apache-maven-3.3.9/bin:/Users/sawanotaijun/bin:~/bin:/Users/sawanotaijun/.nodebrew/current/bin:/Users/sawanotaijun/Downloads/android-sdk-macosx/platform-tools/:/Users/sawanotaijun/scripts:/Users/sawanotaijun/Downloads/android/cocos/cocos2d-x-3.17.2/templates:/Users/sawanotaijun/Downloads/android/cocos:/Users/sawanotaijun/Downloads/android/cocos/cocos2d-x-3.17.2/tools/cocos2d-console/bin:/usr/local/bin:/usr/bin:/bin:/usr/sbin:/sbin:/usr/local/share/dotnet:/opt/X11/bin:~/.dotnet/tools:/Library/Apple/usr/bin:/Library/Frameworks/Mono.framework/Versions/Current/Commands:/Applications/Xamarin Workbooks.app/Contents/SharedSupport/path-bin:/usr/bin:/bin:/Users/sawanotaijun/bin:~/bin:/Users/sawanotaijun/.nodebrew/current/bin:/Users/sawanotaijun/Downloads/android-sdk-macosx/platform-tools/:/Users/sawanotaijun/scripts:/Users/sawanotaijun/Downloads/android/cocos/cocos2d-x-3.17.2/templates:/Users/sawanotaijun/Downloads/android/cocos:/Users/sawanotaijun/Downloads/android/cocos/cocos2d-x-3.17.2/tools/cocos2d-console/bin:/usr/local/bin:/usr/bin:/bin:/usr/sbin:/sbin:/usr/local/share/dotnet:/opt/X11/bin:~/.dotnet/tools:/Library/Apple/usr/bin:/Library/Frameworks/Mono.framework/Versions/Current/Commands:/Applic
LD_LIBRARY_PATH=/Library/Developer/CommandLineTools/SDKs/MacOSX10.14.sdk/System/Library/Frameworks/Foundation.framework/Versions/C/Headers/:/usr/local/lib:/usr/lib
SHELL=/bin/zsh
DISPLAY=/private/tmp/com.apple.launchd.2A5B8Siu9s/org.macosforge.xquartz:0

Signal Handlers:
SIGSEGV: [libjvm.dylib+0x791ee6], sa_mask[0]=11111111011111110111111111111111, sa_flags=SA_ONSTACK|SA_RESTART|SA_SIGINFO
SIGBUS: [libjvm.dylib+0x791ee6], sa_mask[0]=11111111011111110111111111111111, sa_flags=SA_RESTART|SA_SIGINFO
SIGFPE: [libjvm.dylib+0x791ee6], sa_mask[0]=11111111011111110111111111111111, sa_flags=SA_RESTART|SA_SIGINFO
SIGPIPE: [libjvm.dylib+0x6441d8], sa_mask[0]=11111111011111110111111111111111, sa_flags=SA_RESTART|SA_SIGINFO
SIGXFSZ: [libjvm.dylib+0x6441d8], sa_mask[0]=11111111011111110111111111111111, sa_flags=SA_RESTART|SA_SIGINFO
SIGILL: [libjvm.dylib+0x791ee6], sa_mask[0]=11111111011111110111111111111111, sa_flags=SA_RESTART|SA_SIGINFO
SIGUSR2: [libjvm.dylib+0x6447ec], sa_mask[0]=00100000000000000000000000000000, sa_flags=SA_RESTART|SA_SIGINFO
SIGHUP: [libjvm.dylib+0x64320b], sa_mask[0]=11111111011111110111111111111111, sa_flags=SA_RESTART|SA_SIGINFO
SIGINT: [libjvm.dylib+0x64320b], sa_mask[0]=11111111011111110111111111111111, sa_flags=SA_RESTART|SA_SIGINFO
SIGTERM: [libjvm.dylib+0x64320b], sa_mask[0]=11111111011111110111111111111111, sa_flags=SA_RESTART|SA_SIGINFO
SIGQUIT: [libjvm.dylib+0x64320b], sa_mask[0]=11111111011111110111111111111111, sa_flags=SA_RESTART|SA_SIGINFO


---------------  S Y S T E M  ---------------

OS:uname:Darwin 21.6.0 Darwin Kernel Version 21.6.0: Mon Jun 24 00:56:10 PDT 2024; root:xnu-8020.240.18.709.2~1/RELEASE_X86_64 x86_64
rlimit: STACK 8192k, CORE 0k, NPROC 1392, NOFILE 10240, AS infinity, DATA infinity, FSIZE infinity
load average:3.85 4.83 5.57

CPU:total 4 (initial active 4) (2 cores per cpu, 2 threads per core) family 6 model 69 stepping 1 microcode 0x26, cmov, cx8, fxsr, mmx, sse, sse2, sse3, ssse3, sse4.1, sse4.2, popcnt, avx, avx2, aes, clmul, erms, lzcnt, ht, tsc, tscinvbit, bmi1, bmi2, fma

Memory: 4k page, physical 8388608k(51584k free)

vm_info: Java HotSpot(TM) 64-Bit Server VM (11.0.21+9-LTS-193) for bsd-amd64 JRE (11.0.21+9-LTS-193), built on Sep 13 2023 10:08:23 by "mach5one" with gcc Apple LLVM 12.0.0 (clang-1200.0.32.29)

END.
