#
# A fatal error has been detected by the Java Runtime Environment:
#
#  SIGSEGV (0xb) at pc=0x00007ff81e94de2f, pid=10485, tid=58115
#
# JRE version: Java(TM) SE Runtime Environment 18.9 (11.0.21+9) (build 11.0.21+9-LTS-193)
# Java VM: Java HotSpot(TM) 64-Bit Server VM 18.9 (11.0.21+9-LTS-193, mixed mode, tiered, compressed oops, g1 gc, bsd-amd64)
# Problematic frame:
# C  [libobjc.A.dylib+0x9e2f]  objc_release+0x1f
#
# No core dump will be written. Core dumps have been disabled. To enable core dumping, try "ulimit -c unlimited" before starting Java again
#
# If you would like to submit a bug report, please visit:
#   https://bugreport.java.com/bugreport/crash.jsp
# The crash happened outside the Java Virtual Machine in native code.
# See problematic frame for where to report the bug.
#

---------------  S U M M A R Y ------------

Command Line: -Dfile.encoding=UTF-8 -Duser.country=JP -Duser.language=ja -Duser.variant com.frappagames.gdx2048.desktop.DesktopLauncher

Host: Macmini7,1 x86_64 2600 MHz, 4 cores, 8G, Darwin 21.6.0
Time: Sun Jan 19 17:58:57 2025 JST elapsed time: 21.264943 seconds (0d 0h 0m 21s)

---------------  T H R E A D  ---------------

Current thread (0x00007faa4920a800):  JavaThread "LWJGL Application" [_thread_in_native, id=58115, stack(0x0000700009128000,0x0000700009228000)]

Stack: [0x0000700009128000,0x0000700009228000],  sp=0x0000700009227428,  free space=1021k
Native frames: (J=compiled Java code, j=interpreted, Vv=VM code, C=native code)
C  [libobjc.A.dylib+0x9e2f]  objc_release+0x1f
C  [libobjc.A.dylib+0xad6f]  objc_autoreleasePoolPop+0xa8
C  [CoreFoundation+0x41ada]  _CFAutoreleasePoolPop+0x16
C  [Foundation+0x1e991]  -[NSAutoreleasePool release]+0x85
C  [liblwjgl.dylib+0x16cce]  Java_org_lwjgl_opengl_MacOSXContextImplementation_setView+0x10e
j  org.lwjgl.opengl.MacOSXContextImplementation.setView(Ljava/nio/ByteBuffer;Ljava/nio/ByteBuffer;)V+0
j  org.lwjgl.opengl.MacOSXContextImplementation.makeCurrent(Lorg/lwjgl/opengl/PeerInfo;Ljava/nio/ByteBuffer;)V+7
j  org.lwjgl.opengl.ContextGL.makeCurrent()V+46
j  org.lwjgl.opengl.DrawableGL.makeCurrent()V+14
j  org.lwjgl.opengl.Display.makeCurrent()V+3
j  org.lwjgl.opengl.Display.makeCurrentAndSetSwapInterval()V+0
j  org.lwjgl.opengl.Display.create(Lorg/lwjgl/opengl/PixelFormat;Lorg/lwjgl/opengl/Drawable;Lorg/lwjgl/opengl/ContextAttribs;)V+108
j  org.lwjgl.opengl.Display.create(Lorg/lwjgl/opengl/PixelFormat;)V+12
j  com.badlogic.gdx.backends.lwjgl.LwjglGraphics.createDisplayPixelFormat(ZII)V+243
j  com.badlogic.gdx.backends.lwjgl.LwjglGraphics.setupDisplay()V+592
j  com.badlogic.gdx.backends.lwjgl.LwjglApplication.mainLoop()V+9
j  com.badlogic.gdx.backends.lwjgl.LwjglApplication$1.run()V+27
v  ~StubRoutines::call_stub
V  [libjvm.dylib+0x394215]  _ZN9JavaCalls11call_helperEP9JavaValueRK12methodHandleP17JavaCallArgumentsP6Thread+0x207
V  [libjvm.dylib+0x39365a]  _ZN9JavaCalls12call_virtualEP9JavaValueP5KlassP6SymbolS5_P17JavaCallArgumentsP6Thread+0xea
V  [libjvm.dylib+0x39371a]  _ZN9JavaCalls12call_virtualEP9JavaValue6HandleP5KlassP6SymbolS6_P6Thread+0x62
V  [libjvm.dylib+0x41cc0e]  _ZL12thread_entryP10JavaThreadP6Thread+0x78
V  [libjvm.dylib+0x73ebf4]  _ZN10JavaThread17thread_main_innerEv+0x82
V  [libjvm.dylib+0x73ea4e]  _ZN10JavaThread3runEv+0x126
V  [libjvm.dylib+0x73c914]  _ZN6Thread8call_runEv+0x68
V  [libjvm.dylib+0x6421ff]  _ZL19thread_native_entryP6Thread+0x122
C  [libsystem_pthread.dylib+0x64e1]  _pthread_start+0x7d
C  [libsystem_pthread.dylib+0x1f6b]  thread_start+0xf

Java frames: (J=compiled Java code, j=interpreted, Vv=VM code)
j  org.lwjgl.opengl.MacOSXContextImplementation.setView(Ljava/nio/ByteBuffer;Ljava/nio/ByteBuffer;)V+0
j  org.lwjgl.opengl.MacOSXContextImplementation.makeCurrent(Lorg/lwjgl/opengl/PeerInfo;Ljava/nio/ByteBuffer;)V+7
j  org.lwjgl.opengl.ContextGL.makeCurrent()V+46
j  org.lwjgl.opengl.DrawableGL.makeCurrent()V+14
j  org.lwjgl.opengl.Display.makeCurrent()V+3
j  org.lwjgl.opengl.Display.makeCurrentAndSetSwapInterval()V+0
j  org.lwjgl.opengl.Display.create(Lorg/lwjgl/opengl/PixelFormat;Lorg/lwjgl/opengl/Drawable;Lorg/lwjgl/opengl/ContextAttribs;)V+108
j  org.lwjgl.opengl.Display.create(Lorg/lwjgl/opengl/PixelFormat;)V+12
j  com.badlogic.gdx.backends.lwjgl.LwjglGraphics.createDisplayPixelFormat(ZII)V+243
j  com.badlogic.gdx.backends.lwjgl.LwjglGraphics.setupDisplay()V+592
j  com.badlogic.gdx.backends.lwjgl.LwjglApplication.mainLoop()V+9
j  com.badlogic.gdx.backends.lwjgl.LwjglApplication$1.run()V+27
v  ~StubRoutines::call_stub

siginfo: si_signo: 11 (SIGSEGV), si_code: 1 (SEGV_MAPERR), si_addr: 0x00007a61a55bda30

Register to memory mapping:

RAX=0x0000fa61a55bda10 is an unknown value
RBX=0x0000000000000001 is an unknown value
RCX=0x00007a61a55bda10 is an unknown value
RDX=0x0 is NULL
RSP=0x0000700009227428 is pointing into the stack for thread: 0x00007faa4920a800
RBP=0x0000700009227460 is pointing into the stack for thread: 0x00007faa4920a800
RSI=0x00007ff838f1f1cf: <offset 0x1a5db1cf> in /usr/lib/libobjc.A.dylib at 0x00007ff81e944000
RDI=0x0000600003e6da10 points into unknown readable memory: 0x0000fa61a55bda10 | 10 da 5b a5 61 fa 00 00
R8 =0x00007faa499688c8 points into unknown readable memory: 0x0000000000000000 | 00 00 00 00 00 00 00 00
R9 =0x0 is NULL
R10=0x0000600000233060 points into unknown readable memory: 0x00006000002330f0 | f0 30 23 00 00 60 00 00
R11=0x00007ff8215886a4: -[NSResponder release]+0 in /System/Library/Frameworks/AppKit.framework/Versions/C/AppKit at 0x00007ff82157d000
R12=0x0000600003e6da10 points into unknown readable memory: 0x0000fa61a55bda10 | 10 da 5b a5 61 fa 00 00
R13=0xa3a3a3a3a3a3a3a3 is an unknown value
R14=0x00007faa492dd068 points into unknown readable memory: 0x0000000000000000 | 00 00 00 00 00 00 00 00
R15=0x00007faa492dd000 points into unknown readable memory: 0x4f545541a1a1a1a1 | a1 a1 a1 a1 41 55 54 4f


Registers:
RAX=0x0000fa61a55bda10, RBX=0x0000000000000001, RCX=0x00007a61a55bda10, RDX=0x0000000000000000
RSP=0x0000700009227428, RBP=0x0000700009227460, RSI=0x00007ff838f1f1cf, RDI=0x0000600003e6da10
R8 =0x00007faa499688c8, R9 =0x0000000000000000, R10=0x0000600000233060, R11=0x00007ff8215886a4
R12=0x0000600003e6da10, R13=0xa3a3a3a3a3a3a3a3, R14=0x00007faa492dd068, R15=0x00007faa492dd000
RIP=0x00007ff81e94de2f, EFLAGS=0x0000000000010202, ERR=0x0000000000000004
  TRAPNO=0x000000000000000e

Top of Stack: (sp=0x0000700009227428)
0x0000700009227428:   00007ff81e951dea bd076b0f8da60008
0x0000700009227438:   00007faa492dd000 0000600003e35dd0
0x0000700009227448:   000000013780a7d8 00007ff838f1f1cf
0x0000700009227458:   0000600003e35dd0 0000700009227480
0x0000700009227468:   00007ff81e94ed6f bd076b0f8da60008
0x0000700009227478:   00007faa492dd068 00007000092274a0
0x0000700009227488:   00007ff81eb40ada bd076b0f8da60008
0x0000700009227498:   0000600001427f60 00007000092274e0
0x00007000092274a8:   00007ff81f99a991 00007ff85e9b77a0
0x00007000092274b8:   0000000000000000 bd076b0f8da60008
0x00007000092274c8:   0000600001427f60 0000600003e79230
0x00007000092274d8:   00007faa4920ab48 0000700009227510
0x00007000092274e8:   00000001376f3cce 000000013780a7e0
0x00007000092274f8:   0000000000000000 00007000092275a8
0x0000700009227508:   00007faa4920a800 0000700009227580
0x0000700009227518:   000000011daef710 0000700009227580
0x0000700009227528:   000000011daef45e 000000011daef416
0x0000700009227538:   0000700009227538 000000013780a7d8
0x0000700009227548:   00007000092275a8 000000013780ad48
0x0000700009227558:   0000000000000000 0000000787673550
0x0000700009227568:   000000013780a7e0 0000000000000000
0x0000700009227578:   00007000092275a0 00007000092275f8
0x0000700009227588:   000000011dae9f67 0000000787673550
0x0000700009227598:   000000011daec7b8 0000000787680030
0x00007000092275a8:   000000078762a8c8 00007000092275b0
0x00007000092275b8:   000000013780a6df 0000700009227628
0x00007000092275c8:   000000013780ad48 0000000000000000
0x00007000092275d8:   0000000787673550 000000013780a750
0x00007000092275e8:   00007000092275a0 0000700009227618
0x00007000092275f8:   0000700009227688 000000011dae9fac
0x0000700009227608:   0000000000000000 000000078762a8c8
0x0000700009227618:   0000000787680030 000000078762a808 

Instructions: (pc=0x00007ff81e94de2f)
0x00007ff81e94de0f:   c3 48 85 ff 74 76 89 f8 83 e0 01 48 85 c0 75 6c
0x00007ff81e94de1f:   48 8b 07 48 b9 f8 ff ff ff ff 7f 00 00 48 21 c1
0x00007ff81e94de2f:   48 8b 51 20 f6 c2 04 74 54 a8 01 74 72 48 b9 00
0x00007ff81e94de3f:   00 00 00 00 00 80 00 48 ba 00 00 00 00 00 00 00 

Stack slot to memory mapping:
stack at sp + 0 slots: 0x00007ff81e951dea: _ZN19AutoreleasePoolPage12releaseUntilEPP11objc_object+0xa4 in /usr/lib/libobjc.A.dylib at 0x00007ff81e944000
stack at sp + 1 slots: 0xbd076b0f8da60008 is an unknown value
stack at sp + 2 slots: 0x00007faa492dd000 points into unknown readable memory: 0x4f545541a1a1a1a1 | a1 a1 a1 a1 41 55 54 4f
stack at sp + 3 slots: 0x0000600003e35dd0 points into unknown readable memory: 0x011dfff86009c8f9 | f9 c8 09 60 f8 ff 1d 01
stack at sp + 4 slots: 0x000000013780a7d8 is pointing into metadata
stack at sp + 5 slots: 0x00007ff838f1f1cf: <offset 0x1a5db1cf> in /usr/lib/libobjc.A.dylib at 0x00007ff81e944000
stack at sp + 6 slots: 0x0000600003e35dd0 points into unknown readable memory: 0x011dfff86009c8f9 | f9 c8 09 60 f8 ff 1d 01
stack at sp + 7 slots: 0x0000700009227480 is pointing into the stack for thread: 0x00007faa4920a800


---------------  P R O C E S S  ---------------

Threads class SMR info:
_java_thread_list=0x00006000030602e0, length=12, elements={
0x00007faa49859000, 0x00007faa4985e000, 0x00007faa49073000, 0x00007faa49074000,
0x00007faa49075000, 0x00007faa4a83f800, 0x00007faa4b812800, 0x00007faa498c6000,
0x00007faa4b835800, 0x00007faa4995a800, 0x00007faa4920a800, 0x00007faa49011000
}

Java Threads: ( => current thread )
  0x00007faa49859000 JavaThread "Reference Handler" daemon [_thread_blocked, id=18691, stack(0x00007000083f8000,0x00007000084f8000)]
  0x00007faa4985e000 JavaThread "Finalizer" daemon [_thread_blocked, id=17923, stack(0x00007000084fb000,0x00007000085fb000)]
  0x00007faa49073000 JavaThread "Signal Dispatcher" daemon [_thread_blocked, id=15619, stack(0x0000700008704000,0x0000700008804000)]
  0x00007faa49074000 JavaThread "Service Thread" daemon [_thread_blocked, id=21763, stack(0x0000700008807000,0x0000700008907000)]
  0x00007faa49075000 JavaThread "C2 CompilerThread0" daemon [_thread_blocked, id=22531, stack(0x000070000890a000,0x0000700008a0a000)]
  0x00007faa4a83f800 JavaThread "C1 CompilerThread0" daemon [_thread_blocked, id=43011, stack(0x0000700008a0d000,0x0000700008b0d000)]
  0x00007faa4b812800 JavaThread "Sweeper thread" daemon [_thread_blocked, id=23299, stack(0x0000700008b10000,0x0000700008c10000)]
  0x00007faa498c6000 JavaThread "Common-Cleaner" daemon [_thread_blocked, id=24067, stack(0x0000700008d16000,0x0000700008e16000)]
  0x00007faa4b835800 JavaThread "AppKit Thread" daemon [_thread_in_native, id=259, stack(0x00007ff7b16e6000,0x00007ff7b1ee6000)]
  0x00007faa4995a800 JavaThread "AWT-Shutdown" [_thread_blocked, id=57603, stack(0x0000700008f9f000,0x000070000909f000)]
=>0x00007faa4920a800 JavaThread "LWJGL Application" [_thread_in_native, id=58115, stack(0x0000700009128000,0x0000700009228000)]
  0x00007faa49011000 JavaThread "DestroyJavaVM" [_thread_blocked, id=10243, stack(0x0000700007ce3000,0x0000700007de3000)]

Other Threads:
  0x00007faa4906e000 VMThread "VM Thread" [stack: 0x00007000082f5000,0x00007000083f5000] [id=19203]
  0x00007faa49864000 WatcherThread [stack: 0x0000700008c13000,0x0000700008d13000] [id=42243]
  0x00007faa49011800 GCTaskThread "GC Thread#0" [stack: 0x0000700007de6000,0x0000700007ee6000] [id=20995]
  0x00007faa4903a000 ConcurrentGCThread "G1 Main Marker" [stack: 0x0000700007ee9000,0x0000700007fe9000] [id=20739]
  0x00007faa4981d000 ConcurrentGCThread "G1 Conc#0" [stack: 0x0000700007fec000,0x00007000080ec000] [id=19971]
  0x00007faa49827000 ConcurrentGCThread "G1 Refine#0" [stack: 0x00007000080ef000,0x00007000081ef000] [id=12291]
  0x00007faa49827800 ConcurrentGCThread "G1 Young RemSet Sampling" [stack: 0x00007000081f2000,0x00007000082f2000] [id=12803]

Threads with active compile tasks:

VM state:not at safepoint (normal execution)

VM Mutex/Monitor currently owned by a thread: None

Heap address: 0x0000000780000000, size: 2048 MB, Compressed Oops mode: Zero based, Oop shift amount: 3
Narrow klass base: 0x0000000800000000, Narrow klass shift: 0
Compressed class space size: 1073741824 Address: 0x0000000800000000

Heap:
 garbage-first heap   total 131072K, used 12288K [0x0000000780000000, 0x0000000800000000)
  region size 1024K, 10 young (10240K), 0 survivors (0K)
 Metaspace       used 9394K, capacity 9571K, committed 9728K, reserved 1058816K
  class space    used 867K, capacity 959K, committed 1024K, reserved 1048576K
Heap Regions: E=young(eden), S=young(survivor), O=old, HS=humongous(starts), HC=humongous(continues), CS=collection set, F=free, A=archive, TAMS=top-at-mark-start (previous, next)
|   0|0x0000000780000000, 0x0000000780100000, 0x0000000780100000|100%|HS|  |TAMS 0x0000000780000000, 0x0000000780000000| Complete 
|   1|0x0000000780100000, 0x0000000780200000, 0x0000000780200000|100%|HC|  |TAMS 0x0000000780100000, 0x0000000780100000| Complete 
|   2|0x0000000780200000, 0x0000000780300000, 0x0000000780300000|100%|HS|  |TAMS 0x0000000780200000, 0x0000000780200000| Complete 
|   3|0x0000000780300000, 0x0000000780300000, 0x0000000780400000|  0%| F|  |TAMS 0x0000000780300000, 0x0000000780300000| Untracked 
|   4|0x0000000780400000, 0x0000000780400000, 0x0000000780500000|  0%| F|  |TAMS 0x0000000780400000, 0x0000000780400000| Untracked 
|   5|0x0000000780500000, 0x0000000780500000, 0x0000000780600000|  0%| F|  |TAMS 0x0000000780500000, 0x0000000780500000| Untracked 
|   6|0x0000000780600000, 0x0000000780600000, 0x0000000780700000|  0%| F|  |TAMS 0x0000000780600000, 0x0000000780600000| Untracked 
|   7|0x0000000780700000, 0x0000000780700000, 0x0000000780800000|  0%| F|  |TAMS 0x0000000780700000, 0x0000000780700000| Untracked 
|   8|0x0000000780800000, 0x0000000780800000, 0x0000000780900000|  0%| F|  |TAMS 0x0000000780800000, 0x0000000780800000| Untracked 
|   9|0x0000000780900000, 0x0000000780900000, 0x0000000780a00000|  0%| F|  |TAMS 0x0000000780900000, 0x0000000780900000| Untracked 
|  10|0x0000000780a00000, 0x0000000780a00000, 0x0000000780b00000|  0%| F|  |TAMS 0x0000000780a00000, 0x0000000780a00000| Untracked 
|  11|0x0000000780b00000, 0x0000000780b00000, 0x0000000780c00000|  0%| F|  |TAMS 0x0000000780b00000, 0x0000000780b00000| Untracked 
|  12|0x0000000780c00000, 0x0000000780c00000, 0x0000000780d00000|  0%| F|  |TAMS 0x0000000780c00000, 0x0000000780c00000| Untracked 
|  13|0x0000000780d00000, 0x0000000780d00000, 0x0000000780e00000|  0%| F|  |TAMS 0x0000000780d00000, 0x0000000780d00000| Untracked 
|  14|0x0000000780e00000, 0x0000000780e00000, 0x0000000780f00000|  0%| F|  |TAMS 0x0000000780e00000, 0x0000000780e00000| Untracked 
|  15|0x0000000780f00000, 0x0000000780f00000, 0x0000000781000000|  0%| F|  |TAMS 0x0000000780f00000, 0x0000000780f00000| Untracked 
|  16|0x0000000781000000, 0x0000000781000000, 0x0000000781100000|  0%| F|  |TAMS 0x0000000781000000, 0x0000000781000000| Untracked 
|  17|0x0000000781100000, 0x0000000781100000, 0x0000000781200000|  0%| F|  |TAMS 0x0000000781100000, 0x0000000781100000| Untracked 
|  18|0x0000000781200000, 0x0000000781200000, 0x0000000781300000|  0%| F|  |TAMS 0x0000000781200000, 0x0000000781200000| Untracked 
|  19|0x0000000781300000, 0x0000000781300000, 0x0000000781400000|  0%| F|  |TAMS 0x0000000781300000, 0x0000000781300000| Untracked 
|  20|0x0000000781400000, 0x0000000781400000, 0x0000000781500000|  0%| F|  |TAMS 0x0000000781400000, 0x0000000781400000| Untracked 
|  21|0x0000000781500000, 0x0000000781500000, 0x0000000781600000|  0%| F|  |TAMS 0x0000000781500000, 0x0000000781500000| Untracked 
|  22|0x0000000781600000, 0x0000000781600000, 0x0000000781700000|  0%| F|  |TAMS 0x0000000781600000, 0x0000000781600000| Untracked 
|  23|0x0000000781700000, 0x0000000781700000, 0x0000000781800000|  0%| F|  |TAMS 0x0000000781700000, 0x0000000781700000| Untracked 
|  24|0x0000000781800000, 0x0000000781800000, 0x0000000781900000|  0%| F|  |TAMS 0x0000000781800000, 0x0000000781800000| Untracked 
|  25|0x0000000781900000, 0x0000000781900000, 0x0000000781a00000|  0%| F|  |TAMS 0x0000000781900000, 0x0000000781900000| Untracked 
|  26|0x0000000781a00000, 0x0000000781a00000, 0x0000000781b00000|  0%| F|  |TAMS 0x0000000781a00000, 0x0000000781a00000| Untracked 
|  27|0x0000000781b00000, 0x0000000781b00000, 0x0000000781c00000|  0%| F|  |TAMS 0x0000000781b00000, 0x0000000781b00000| Untracked 
|  28|0x0000000781c00000, 0x0000000781c00000, 0x0000000781d00000|  0%| F|  |TAMS 0x0000000781c00000, 0x0000000781c00000| Untracked 
|  29|0x0000000781d00000, 0x0000000781d00000, 0x0000000781e00000|  0%| F|  |TAMS 0x0000000781d00000, 0x0000000781d00000| Untracked 
|  30|0x0000000781e00000, 0x0000000781e00000, 0x0000000781f00000|  0%| F|  |TAMS 0x0000000781e00000, 0x0000000781e00000| Untracked 
|  31|0x0000000781f00000, 0x0000000781f00000, 0x0000000782000000|  0%| F|  |TAMS 0x0000000781f00000, 0x0000000781f00000| Untracked 
|  32|0x0000000782000000, 0x0000000782000000, 0x0000000782100000|  0%| F|  |TAMS 0x0000000782000000, 0x0000000782000000| Untracked 
|  33|0x0000000782100000, 0x0000000782100000, 0x0000000782200000|  0%| F|  |TAMS 0x0000000782100000, 0x0000000782100000| Untracked 
|  34|0x0000000782200000, 0x0000000782200000, 0x0000000782300000|  0%| F|  |TAMS 0x0000000782200000, 0x0000000782200000| Untracked 
|  35|0x0000000782300000, 0x0000000782300000, 0x0000000782400000|  0%| F|  |TAMS 0x0000000782300000, 0x0000000782300000| Untracked 
|  36|0x0000000782400000, 0x0000000782400000, 0x0000000782500000|  0%| F|  |TAMS 0x0000000782400000, 0x0000000782400000| Untracked 
|  37|0x0000000782500000, 0x0000000782500000, 0x0000000782600000|  0%| F|  |TAMS 0x0000000782500000, 0x0000000782500000| Untracked 
|  38|0x0000000782600000, 0x0000000782600000, 0x0000000782700000|  0%| F|  |TAMS 0x0000000782600000, 0x0000000782600000| Untracked 
|  39|0x0000000782700000, 0x0000000782700000, 0x0000000782800000|  0%| F|  |TAMS 0x0000000782700000, 0x0000000782700000| Untracked 
|  40|0x0000000782800000, 0x0000000782800000, 0x0000000782900000|  0%| F|  |TAMS 0x0000000782800000, 0x0000000782800000| Untracked 
|  41|0x0000000782900000, 0x0000000782900000, 0x0000000782a00000|  0%| F|  |TAMS 0x0000000782900000, 0x0000000782900000| Untracked 
|  42|0x0000000782a00000, 0x0000000782a00000, 0x0000000782b00000|  0%| F|  |TAMS 0x0000000782a00000, 0x0000000782a00000| Untracked 
|  43|0x0000000782b00000, 0x0000000782b00000, 0x0000000782c00000|  0%| F|  |TAMS 0x0000000782b00000, 0x0000000782b00000| Untracked 
|  44|0x0000000782c00000, 0x0000000782c00000, 0x0000000782d00000|  0%| F|  |TAMS 0x0000000782c00000, 0x0000000782c00000| Untracked 
|  45|0x0000000782d00000, 0x0000000782d00000, 0x0000000782e00000|  0%| F|  |TAMS 0x0000000782d00000, 0x0000000782d00000| Untracked 
|  46|0x0000000782e00000, 0x0000000782e00000, 0x0000000782f00000|  0%| F|  |TAMS 0x0000000782e00000, 0x0000000782e00000| Untracked 
|  47|0x0000000782f00000, 0x0000000782f00000, 0x0000000783000000|  0%| F|  |TAMS 0x0000000782f00000, 0x0000000782f00000| Untracked 
|  48|0x0000000783000000, 0x0000000783000000, 0x0000000783100000|  0%| F|  |TAMS 0x0000000783000000, 0x0000000783000000| Untracked 
|  49|0x0000000783100000, 0x0000000783100000, 0x0000000783200000|  0%| F|  |TAMS 0x0000000783100000, 0x0000000783100000| Untracked 
|  50|0x0000000783200000, 0x0000000783200000, 0x0000000783300000|  0%| F|  |TAMS 0x0000000783200000, 0x0000000783200000| Untracked 
|  51|0x0000000783300000, 0x0000000783300000, 0x0000000783400000|  0%| F|  |TAMS 0x0000000783300000, 0x0000000783300000| Untracked 
|  52|0x0000000783400000, 0x0000000783400000, 0x0000000783500000|  0%| F|  |TAMS 0x0000000783400000, 0x0000000783400000| Untracked 
|  53|0x0000000783500000, 0x0000000783500000, 0x0000000783600000|  0%| F|  |TAMS 0x0000000783500000, 0x0000000783500000| Untracked 
|  54|0x0000000783600000, 0x0000000783600000, 0x0000000783700000|  0%| F|  |TAMS 0x0000000783600000, 0x0000000783600000| Untracked 
|  55|0x0000000783700000, 0x0000000783700000, 0x0000000783800000|  0%| F|  |TAMS 0x0000000783700000, 0x0000000783700000| Untracked 
|  56|0x0000000783800000, 0x0000000783800000, 0x0000000783900000|  0%| F|  |TAMS 0x0000000783800000, 0x0000000783800000| Untracked 
|  57|0x0000000783900000, 0x0000000783900000, 0x0000000783a00000|  0%| F|  |TAMS 0x0000000783900000, 0x0000000783900000| Untracked 
|  58|0x0000000783a00000, 0x0000000783a00000, 0x0000000783b00000|  0%| F|  |TAMS 0x0000000783a00000, 0x0000000783a00000| Untracked 
|  59|0x0000000783b00000, 0x0000000783b00000, 0x0000000783c00000|  0%| F|  |TAMS 0x0000000783b00000, 0x0000000783b00000| Untracked 
|  60|0x0000000783c00000, 0x0000000783c00000, 0x0000000783d00000|  0%| F|  |TAMS 0x0000000783c00000, 0x0000000783c00000| Untracked 
|  61|0x0000000783d00000, 0x0000000783d00000, 0x0000000783e00000|  0%| F|  |TAMS 0x0000000783d00000, 0x0000000783d00000| Untracked 
|  62|0x0000000783e00000, 0x0000000783e00000, 0x0000000783f00000|  0%| F|  |TAMS 0x0000000783e00000, 0x0000000783e00000| Untracked 
|  63|0x0000000783f00000, 0x0000000783f00000, 0x0000000784000000|  0%| F|  |TAMS 0x0000000783f00000, 0x0000000783f00000| Untracked 
|  64|0x0000000784000000, 0x0000000784000000, 0x0000000784100000|  0%| F|  |TAMS 0x0000000784000000, 0x0000000784000000| Untracked 
|  65|0x0000000784100000, 0x0000000784100000, 0x0000000784200000|  0%| F|  |TAMS 0x0000000784100000, 0x0000000784100000| Untracked 
|  66|0x0000000784200000, 0x0000000784200000, 0x0000000784300000|  0%| F|  |TAMS 0x0000000784200000, 0x0000000784200000| Untracked 
|  67|0x0000000784300000, 0x0000000784300000, 0x0000000784400000|  0%| F|  |TAMS 0x0000000784300000, 0x0000000784300000| Untracked 
|  68|0x0000000784400000, 0x0000000784400000, 0x0000000784500000|  0%| F|  |TAMS 0x0000000784400000, 0x0000000784400000| Untracked 
|  69|0x0000000784500000, 0x0000000784500000, 0x0000000784600000|  0%| F|  |TAMS 0x0000000784500000, 0x0000000784500000| Untracked 
|  70|0x0000000784600000, 0x0000000784600000, 0x0000000784700000|  0%| F|  |TAMS 0x0000000784600000, 0x0000000784600000| Untracked 
|  71|0x0000000784700000, 0x0000000784700000, 0x0000000784800000|  0%| F|  |TAMS 0x0000000784700000, 0x0000000784700000| Untracked 
|  72|0x0000000784800000, 0x0000000784800000, 0x0000000784900000|  0%| F|  |TAMS 0x0000000784800000, 0x0000000784800000| Untracked 
|  73|0x0000000784900000, 0x0000000784900000, 0x0000000784a00000|  0%| F|  |TAMS 0x0000000784900000, 0x0000000784900000| Untracked 
|  74|0x0000000784a00000, 0x0000000784a00000, 0x0000000784b00000|  0%| F|  |TAMS 0x0000000784a00000, 0x0000000784a00000| Untracked 
|  75|0x0000000784b00000, 0x0000000784b00000, 0x0000000784c00000|  0%| F|  |TAMS 0x0000000784b00000, 0x0000000784b00000| Untracked 
|  76|0x0000000784c00000, 0x0000000784c00000, 0x0000000784d00000|  0%| F|  |TAMS 0x0000000784c00000, 0x0000000784c00000| Untracked 
|  77|0x0000000784d00000, 0x0000000784d00000, 0x0000000784e00000|  0%| F|  |TAMS 0x0000000784d00000, 0x0000000784d00000| Untracked 
|  78|0x0000000784e00000, 0x0000000784e00000, 0x0000000784f00000|  0%| F|  |TAMS 0x0000000784e00000, 0x0000000784e00000| Untracked 
|  79|0x0000000784f00000, 0x0000000784f00000, 0x0000000785000000|  0%| F|  |TAMS 0x0000000784f00000, 0x0000000784f00000| Untracked 
|  80|0x0000000785000000, 0x0000000785000000, 0x0000000785100000|  0%| F|  |TAMS 0x0000000785000000, 0x0000000785000000| Untracked 
|  81|0x0000000785100000, 0x0000000785100000, 0x0000000785200000|  0%| F|  |TAMS 0x0000000785100000, 0x0000000785100000| Untracked 
|  82|0x0000000785200000, 0x0000000785200000, 0x0000000785300000|  0%| F|  |TAMS 0x0000000785200000, 0x0000000785200000| Untracked 
|  83|0x0000000785300000, 0x0000000785300000, 0x0000000785400000|  0%| F|  |TAMS 0x0000000785300000, 0x0000000785300000| Untracked 
|  84|0x0000000785400000, 0x0000000785400000, 0x0000000785500000|  0%| F|  |TAMS 0x0000000785400000, 0x0000000785400000| Untracked 
|  85|0x0000000785500000, 0x0000000785500000, 0x0000000785600000|  0%| F|  |TAMS 0x0000000785500000, 0x0000000785500000| Untracked 
|  86|0x0000000785600000, 0x0000000785600000, 0x0000000785700000|  0%| F|  |TAMS 0x0000000785600000, 0x0000000785600000| Untracked 
|  87|0x0000000785700000, 0x0000000785700000, 0x0000000785800000|  0%| F|  |TAMS 0x0000000785700000, 0x0000000785700000| Untracked 
|  88|0x0000000785800000, 0x0000000785800000, 0x0000000785900000|  0%| F|  |TAMS 0x0000000785800000, 0x0000000785800000| Untracked 
|  89|0x0000000785900000, 0x0000000785900000, 0x0000000785a00000|  0%| F|  |TAMS 0x0000000785900000, 0x0000000785900000| Untracked 
|  90|0x0000000785a00000, 0x0000000785a00000, 0x0000000785b00000|  0%| F|  |TAMS 0x0000000785a00000, 0x0000000785a00000| Untracked 
|  91|0x0000000785b00000, 0x0000000785b00000, 0x0000000785c00000|  0%| F|  |TAMS 0x0000000785b00000, 0x0000000785b00000| Untracked 
|  92|0x0000000785c00000, 0x0000000785c00000, 0x0000000785d00000|  0%| F|  |TAMS 0x0000000785c00000, 0x0000000785c00000| Untracked 
|  93|0x0000000785d00000, 0x0000000785d00000, 0x0000000785e00000|  0%| F|  |TAMS 0x0000000785d00000, 0x0000000785d00000| Untracked 
|  94|0x0000000785e00000, 0x0000000785e00000, 0x0000000785f00000|  0%| F|  |TAMS 0x0000000785e00000, 0x0000000785e00000| Untracked 
|  95|0x0000000785f00000, 0x0000000785f00000, 0x0000000786000000|  0%| F|  |TAMS 0x0000000785f00000, 0x0000000785f00000| Untracked 
|  96|0x0000000786000000, 0x0000000786000000, 0x0000000786100000|  0%| F|  |TAMS 0x0000000786000000, 0x0000000786000000| Untracked 
|  97|0x0000000786100000, 0x0000000786100000, 0x0000000786200000|  0%| F|  |TAMS 0x0000000786100000, 0x0000000786100000| Untracked 
|  98|0x0000000786200000, 0x0000000786200000, 0x0000000786300000|  0%| F|  |TAMS 0x0000000786200000, 0x0000000786200000| Untracked 
|  99|0x0000000786300000, 0x0000000786300000, 0x0000000786400000|  0%| F|  |TAMS 0x0000000786300000, 0x0000000786300000| Untracked 
| 100|0x0000000786400000, 0x0000000786400000, 0x0000000786500000|  0%| F|  |TAMS 0x0000000786400000, 0x0000000786400000| Untracked 
| 101|0x0000000786500000, 0x0000000786500000, 0x0000000786600000|  0%| F|  |TAMS 0x0000000786500000, 0x0000000786500000| Untracked 
| 102|0x0000000786600000, 0x0000000786600000, 0x0000000786700000|  0%| F|  |TAMS 0x0000000786600000, 0x0000000786600000| Untracked 
| 103|0x0000000786700000, 0x0000000786700000, 0x0000000786800000|  0%| F|  |TAMS 0x0000000786700000, 0x0000000786700000| Untracked 
| 104|0x0000000786800000, 0x0000000786800000, 0x0000000786900000|  0%| F|  |TAMS 0x0000000786800000, 0x0000000786800000| Untracked 
| 105|0x0000000786900000, 0x0000000786900000, 0x0000000786a00000|  0%| F|  |TAMS 0x0000000786900000, 0x0000000786900000| Untracked 
| 106|0x0000000786a00000, 0x0000000786a00000, 0x0000000786b00000|  0%| F|  |TAMS 0x0000000786a00000, 0x0000000786a00000| Untracked 
| 107|0x0000000786b00000, 0x0000000786b00000, 0x0000000786c00000|  0%| F|  |TAMS 0x0000000786b00000, 0x0000000786b00000| Untracked 
| 108|0x0000000786c00000, 0x0000000786c00000, 0x0000000786d00000|  0%| F|  |TAMS 0x0000000786c00000, 0x0000000786c00000| Untracked 
| 109|0x0000000786d00000, 0x0000000786d00000, 0x0000000786e00000|  0%| F|  |TAMS 0x0000000786d00000, 0x0000000786d00000| Untracked 
| 110|0x0000000786e00000, 0x0000000786e00000, 0x0000000786f00000|  0%| F|  |TAMS 0x0000000786e00000, 0x0000000786e00000| Untracked 
| 111|0x0000000786f00000, 0x0000000786f00000, 0x0000000787000000|  0%| F|  |TAMS 0x0000000786f00000, 0x0000000786f00000| Untracked 
| 112|0x0000000787000000, 0x0000000787000000, 0x0000000787100000|  0%| F|  |TAMS 0x0000000787000000, 0x0000000787000000| Untracked 
| 113|0x0000000787100000, 0x0000000787100000, 0x0000000787200000|  0%| F|  |TAMS 0x0000000787100000, 0x0000000787100000| Untracked 
| 114|0x0000000787200000, 0x0000000787200000, 0x0000000787300000|  0%| F|  |TAMS 0x0000000787200000, 0x0000000787200000| Untracked 
| 115|0x0000000787300000, 0x0000000787300000, 0x0000000787400000|  0%| F|  |TAMS 0x0000000787300000, 0x0000000787300000| Untracked 
| 116|0x0000000787400000, 0x0000000787400000, 0x0000000787500000|  0%| F|  |TAMS 0x0000000787400000, 0x0000000787400000| Untracked 
| 117|0x0000000787500000, 0x0000000787500000, 0x0000000787600000|  0%| F|  |TAMS 0x0000000787500000, 0x0000000787500000| Untracked 
| 118|0x0000000787600000, 0x0000000787694c48, 0x0000000787700000| 58%| E|  |TAMS 0x0000000787600000, 0x0000000787600000| Complete 
| 119|0x0000000787700000, 0x0000000787800000, 0x0000000787800000|100%| E|CS|TAMS 0x0000000787700000, 0x0000000787700000| Complete 
| 120|0x0000000787800000, 0x0000000787900000, 0x0000000787900000|100%| E|CS|TAMS 0x0000000787800000, 0x0000000787800000| Complete 
| 121|0x0000000787900000, 0x0000000787a00000, 0x0000000787a00000|100%| E|CS|TAMS 0x0000000787900000, 0x0000000787900000| Complete 
| 122|0x0000000787a00000, 0x0000000787b00000, 0x0000000787b00000|100%| E|CS|TAMS 0x0000000787a00000, 0x0000000787a00000| Complete 
| 123|0x0000000787b00000, 0x0000000787c00000, 0x0000000787c00000|100%| E|CS|TAMS 0x0000000787b00000, 0x0000000787b00000| Complete 
| 124|0x0000000787c00000, 0x0000000787d00000, 0x0000000787d00000|100%| E|CS|TAMS 0x0000000787c00000, 0x0000000787c00000| Complete 
| 125|0x0000000787d00000, 0x0000000787e00000, 0x0000000787e00000|100%| E|CS|TAMS 0x0000000787d00000, 0x0000000787d00000| Complete 
| 126|0x0000000787e00000, 0x0000000787f00000, 0x0000000787f00000|100%| E|CS|TAMS 0x0000000787e00000, 0x0000000787e00000| Complete 
| 127|0x0000000787f00000, 0x0000000788000000, 0x0000000788000000|100%| E|CS|TAMS 0x0000000787f00000, 0x0000000787f00000| Complete 

Card table byte_map: [0x000000010e802000,0x000000010ec02000] _byte_map_base: 0x000000010ac02000

Marking Bits (Prev, Next): (CMBitMap*) 0x00007faa49031618, (CMBitMap*) 0x00007faa49031650
 Prev Bits: [0x0000000117763000, 0x0000000119763000)
 Next Bits: [0x0000000119763000, 0x000000011b763000)

Polling page: 0x000000010e141000

Metaspace:

Usage:
  Non-class:      8.41 MB capacity,     8.33 MB (>99%) used,    72.16 KB ( <1%) free+waste,    13.06 KB ( <1%) overhead. 
      Class:    959.00 KB capacity,   867.38 KB ( 90%) used,    85.19 KB (  9%) free+waste,     6.44 KB ( <1%) overhead. 
       Both:      9.35 MB capacity,     9.17 MB ( 98%) used,   157.34 KB (  2%) free+waste,    19.50 KB ( <1%) overhead. 

Virtual space:
  Non-class space:       10.00 MB reserved,       8.50 MB ( 85%) committed 
      Class space:        1.00 GB reserved,       1.00 MB ( <1%) committed 
             Both:        1.01 GB reserved,       9.50 MB ( <1%) committed 

Chunk freelists:
   Non-Class:  6.50 KB
       Class:  128 bytes
        Both:  6.62 KB

CodeHeap 'non-profiled nmethods': size=120032Kb used=178Kb max_used=178Kb free=119853Kb
 bounds [0x00000001255a8000, 0x0000000125818000, 0x000000012cae0000]
CodeHeap 'profiled nmethods': size=120032Kb used=1144Kb max_used=1144Kb free=118888Kb
 bounds [0x000000011e070000, 0x000000011e2e0000, 0x00000001255a8000]
CodeHeap 'non-nmethods': size=5696Kb used=1079Kb max_used=1084Kb free=4616Kb
 bounds [0x000000011dae0000, 0x000000011dd50000, 0x000000011e070000]
 total_blobs=1081 nmethods=686 adapters=308
 compilation: enabled
              stopped_count=0, restarted_count=0
 full_count=0

Compilation events (10 events):
Event: 21.020 Thread 0x00007faa4a83f800  682       3       jdk.internal.loader.ClassLoaders$AppClassLoader::loadClass (40 bytes)
Event: 21.021 Thread 0x00007faa4a83f800 nmethod 682 0x000000011e18bc10 code [0x000000011e18be60, 0x000000011e18c710]
Event: 21.068 Thread 0x00007faa4a83f800  683       3       java.io.File::isInvalid (47 bytes)
Event: 21.068 Thread 0x00007faa4a83f800 nmethod 683 0x000000011e18ca90 code [0x000000011e18cc60, 0x000000011e18d040]
Event: 21.094 Thread 0x00007faa4a83f800  685       3       java.lang.Integer::valueOf (32 bytes)
Event: 21.095 Thread 0x00007faa4a83f800 nmethod 685 0x000000011e18d190 code [0x000000011e18d360, 0x000000011e18d670]
Event: 21.095 Thread 0x00007faa4a83f800  686       3       java.nio.Buffer::remaining (20 bytes)
Event: 21.095 Thread 0x00007faa4a83f800 nmethod 686 0x000000011e18d810 code [0x000000011e18d9c0, 0x000000011e18db10]
Event: 21.095 Thread 0x00007faa4a83f800  684       3       java.lang.Short::<init> (10 bytes)
Event: 21.095 Thread 0x00007faa4a83f800 nmethod 684 0x000000011e18db90 code [0x000000011e18dd40, 0x000000011e18def0]

GC Heap History (0 events):
No events

Deoptimization events (3 events):
Event: 0.671 Thread 0x00007faa49011000 Uncommon trap: reason=unstable_if action=reinterpret pc=0x00000001255ac620 method=java.lang.String.hashCode()I @ 14 c2
Event: 3.089 Thread 0x00007faa49011000 Uncommon trap: reason=unstable_if action=reinterpret pc=0x00000001255b5170 method=java.lang.String.startsWith(Ljava/lang/String;I)Z @ 1 c2
Event: 3.094 Thread 0x00007faa49011000 Uncommon trap: reason=unstable_if action=reinterpret pc=0x00000001255b5f80 method=java.lang.StringLatin1.indexOf([BI[BII)I @ 91 c2

Classes redefined (0 events):
No events

Internal exceptions (10 events):
Event: 9.038 Thread 0x00007faa49011000 Exception <a 'java/security/PrivilegedActionException'{0x00000007879dbc70}> (0x00000007879dbc70) thrown at [open/src/hotspot/share/prims/jvm.cpp, line 1305]
Event: 9.038 Thread 0x00007faa49011000 Exception <a 'java/security/PrivilegedActionException'{0x00000007879dc7f0}> (0x00000007879dc7f0) thrown at [open/src/hotspot/share/prims/jvm.cpp, line 1305]
Event: 19.953 Thread 0x00007faa49011000 Exception <a 'org/lwjgl/LWJGLException'{0x0000000787832438}: Could not load OpenAL library> (0x0000000787832438) thrown at [open/src/hotspot/share/prims/jni.cpp, line 632]
Event: 19.953 Thread 0x00007faa49011000 Exception <a 'org/lwjgl/LWJGLException'{0x0000000787832910}: Could not load OpenAL library> (0x0000000787832910) thrown at [open/src/hotspot/share/prims/jni.cpp, line 632]
Event: 19.953 Thread 0x00007faa49011000 Exception <a 'org/lwjgl/LWJGLException'{0x0000000787832da8}: Could not load OpenAL library> (0x0000000787832da8) thrown at [open/src/hotspot/share/prims/jni.cpp, line 632]
Event: 19.953 Thread 0x00007faa49011000 Exception <a 'org/lwjgl/LWJGLException'{0x0000000787833260}: Could not load OpenAL library> (0x0000000787833260) thrown at [open/src/hotspot/share/prims/jni.cpp, line 632]
Event: 19.953 Thread 0x00007faa49011000 Exception <a 'org/lwjgl/LWJGLException'{0x0000000787833710}: Could not load OpenAL library> (0x0000000787833710) thrown at [open/src/hotspot/share/prims/jni.cpp, line 632]
Event: 19.953 Thread 0x00007faa49011000 Exception <a 'org/lwjgl/LWJGLException'{0x0000000787833b78}: Could not load OpenAL library> (0x0000000787833b78) thrown at [open/src/hotspot/share/prims/jni.cpp, line 632]
Event: 19.954 Thread 0x00007faa49011000 Exception <a 'org/lwjgl/LWJGLException'{0x0000000787833fc0}: Could not load OpenAL library> (0x0000000787833fc0) thrown at [open/src/hotspot/share/prims/jni.cpp, line 632]
Event: 19.954 Thread 0x00007faa49011000 Exception <a 'org/lwjgl/LWJGLException'{0x0000000787834508}: Could not load OpenAL library> (0x0000000787834508) thrown at [open/src/hotspot/share/prims/jni.cpp, line 632]

Events (10 events):
Event: 21.105 loading class org/lwjgl/opengl/ContextImplementation
Event: 21.105 loading class org/lwjgl/opengl/ContextImplementation done
Event: 21.105 loading class org/lwjgl/opengl/MacOSXContextImplementation
Event: 21.105 loading class org/lwjgl/opengl/MacOSXContextImplementation done
Event: 21.105 loading class org/lwjgl/opengl/GLContext
Event: 21.105 loading class org/lwjgl/opengl/GLContext done
Event: 21.118 loading class java/lang/NumberFormatException
Event: 21.119 loading class java/lang/NumberFormatException done
Event: 21.119 loading class org/lwjgl/opengl/GLContext$CapabilitiesCacheEntry
Event: 21.119 loading class org/lwjgl/opengl/GLContext$CapabilitiesCacheEntry done


Dynamic libraries:
0x000000010e143000 	/Library/Java/JavaVirtualMachines/jdk-11.jdk/Contents/Home/lib/jli/libjli.dylib
0x00007ff83594a000 	/System/Library/Frameworks/Cocoa.framework/Versions/A/Cocoa
0x00007ff82157d000 	/System/Library/Frameworks/AppKit.framework/Versions/C/AppKit
0x00007ff824a93000 	/System/Library/Frameworks/CoreData.framework/Versions/A/CoreData
0x00007ff81f97c000 	/System/Library/Frameworks/Foundation.framework/Versions/C/Foundation
0x00007ff8298b6000 	/usr/lib/libSystem.B.dylib
0x00007ff82240d000 	/System/Library/PrivateFrameworks/UIFoundation.framework/Versions/A/UIFoundation
0x00007ff82f830000 	/System/Library/PrivateFrameworks/RemoteViewServices.framework/Versions/A/RemoteViewServices
0x00007ff827b09000 	/System/Library/PrivateFrameworks/XCTTargetBootstrap.framework/Versions/A/XCTTargetBootstrap
0x00007ff82b6c6000 	/System/Library/PrivateFrameworks/InternationalSupport.framework/Versions/A/InternationalSupport
0x00007ff82b750000 	/System/Library/PrivateFrameworks/UserActivity.framework/Versions/A/UserActivity
0x00007ff82aa9e000 	/usr/lib/libspindump.dylib
0x00007ff82269c000 	/System/Library/Frameworks/UniformTypeIdentifiers.framework/Versions/A/UniformTypeIdentifiers
0x00007ff82622e000 	/usr/lib/libapp_launch_measurement.dylib
0x00007ff825465000 	/System/Library/PrivateFrameworks/CoreAnalytics.framework/Versions/A/CoreAnalytics
0x00007ff826231000 	/System/Library/PrivateFrameworks/CoreAutoLayout.framework/Versions/A/CoreAutoLayout
0x00007ff827461000 	/System/Library/Frameworks/Metal.framework/Versions/A/Metal
0x00007ff828190000 	/usr/lib/liblangid.dylib
0x00007ff827b0e000 	/System/Library/PrivateFrameworks/CoreSVG.framework/Versions/A/CoreSVG
0x00007ff823a87000 	/System/Library/PrivateFrameworks/SkyLight.framework/Versions/A/SkyLight
0x00007ff823e26000 	/System/Library/Frameworks/CoreGraphics.framework/Versions/A/CoreGraphics
0x00007ff82fef2000 	/System/Library/Frameworks/Accelerate.framework/Versions/A/Accelerate
0x00007ff82a51d000 	/System/Library/PrivateFrameworks/IconServices.framework/Versions/A/IconServices
0x00007ff827446000 	/System/Library/Frameworks/IOSurface.framework/Versions/A/IOSurface
0x00007ff825493000 	/usr/lib/libDiagnosticMessagesClient.dylib
0x00007ff8297d6000 	/usr/lib/libz.1.dylib
0x00007ff8335ee000 	/System/Library/Frameworks/ApplicationServices.framework/Versions/A/ApplicationServices
0x00007ff827af5000 	/System/Library/PrivateFrameworks/DFRFoundation.framework/Versions/A/DFRFoundation
0x00007ff820e61000 	/usr/lib/libicucore.A.dylib
0x00007ff82c4bc000 	/System/Library/Frameworks/AudioToolbox.framework/Versions/A/AudioToolbox
0x00007ff82b6d2000 	/System/Library/PrivateFrameworks/DataDetectorsCore.framework/Versions/A/DataDetectorsCore
0x00007ff927bd6000 	/System/Library/PrivateFrameworks/TextInput.framework/Versions/A/TextInput
0x00007ff823a0a000 	/usr/lib/libMobileGestalt.dylib
0x00007ff827801000 	/System/Library/Frameworks/Carbon.framework/Versions/A/Frameworks/HIToolbox.framework/Versions/A/HIToolbox
0x00007ff825c30000 	/System/Library/Frameworks/QuartzCore.framework/Versions/A/QuartzCore
0x00007ff820b06000 	/System/Library/Frameworks/Security.framework/Versions/A/Security
0x00007ff82f868000 	/System/Library/Frameworks/Carbon.framework/Versions/A/Frameworks/SpeechRecognition.framework/Versions/A/SpeechRecognition
0x00007ff825f8e000 	/System/Library/PrivateFrameworks/CoreUI.framework/Versions/A/CoreUI
0x00007ff8203d0000 	/System/Library/Frameworks/CoreAudio.framework/Versions/A/CoreAudio
0x00007ff825582000 	/System/Library/Frameworks/DiskArbitration.framework/Versions/A/DiskArbitration
0x00007ff82ae8f000 	/System/Library/PrivateFrameworks/MultitouchSupport.framework/Versions/A/MultitouchSupport
0x00007ff823a09000 	/usr/lib/libenergytrace.dylib
0x00007ff821465000 	/System/Library/Frameworks/IOKit.framework/Versions/A/IOKit
0x00007ff82fc5a000 	/System/Library/Frameworks/CoreServices.framework/Versions/A/CoreServices
0x00007ff8261c8000 	/System/Library/PrivateFrameworks/PerformanceAnalysis.framework/Versions/A/PerformanceAnalysis
0x00007ffa378a4000 	/System/Library/Frameworks/OpenGL.framework/Versions/A/OpenGL
0x00007ff828df2000 	/System/Library/PrivateFrameworks/MobileKeyBag.framework/Versions/A/MobileKeyBag
0x00007ff81e944000 	/usr/lib/libobjc.A.dylib
0x00007ff8244f2000 	/System/Library/Frameworks/ColorSync.framework/Versions/A/ColorSync
0x00007ff81eaff000 	/System/Library/Frameworks/CoreFoundation.framework/Versions/A/CoreFoundation
0x00007ff827d86000 	/System/Library/Frameworks/CoreImage.framework/Versions/A/CoreImage
0x00007ff8201e4000 	/System/Library/Frameworks/CoreText.framework/Versions/A/CoreText
0x00007ff827b3e000 	/System/Library/Frameworks/ImageIO.framework/Versions/A/ImageIO
0x00007ff8298bc000 	/System/Library/PrivateFrameworks/SoftLinking.framework/Versions/A/SoftLinking
0x00007ff826279000 	/usr/lib/libxml2.2.dylib
0x00007ff81ea0b000 	/usr/lib/libc++.1.dylib
0x00007ff829b40000 	/usr/lib/libcompression.dylib
0x00007ff82b5f9000 	/System/Library/PrivateFrameworks/TextureIO.framework/Versions/A/TextureIO
0x00007ff82a22e000 	/usr/lib/libate.dylib
0x00007ff8298b1000 	/usr/lib/system/libcache.dylib
0x00007ff82986d000 	/usr/lib/system/libcommonCrypto.dylib
0x00007ff829896000 	/usr/lib/system/libcompiler_rt.dylib
0x00007ff82988c000 	/usr/lib/system/libcopyfile.dylib
0x00007ff81e83f000 	/usr/lib/system/libcorecrypto.dylib
0x00007ff81e8fd000 	/usr/lib/system/libdispatch.dylib
0x00007ff81eabe000 	/usr/lib/system/libdyld.dylib
0x00007ff8298a8000 	/usr/lib/system/libkeymgr.dylib
0x00007ff82984b000 	/usr/lib/system/libmacho.dylib
0x00007ff828ecc000 	/usr/lib/system/libquarantine.dylib
0x00007ff8298a6000 	/usr/lib/system/libremovefile.dylib
0x00007ff823a57000 	/usr/lib/system/libsystem_asl.dylib
0x00007ff81e7e8000 	/usr/lib/system/libsystem_blocks.dylib
0x00007ff81e982000 	/usr/lib/system/libsystem_c.dylib
0x00007ff82989e000 	/usr/lib/system/libsystem_collections.dylib
0x00007ff828180000 	/usr/lib/system/libsystem_configuration.dylib
0x00007ff827429000 	/usr/lib/system/libsystem_containermanager.dylib
0x00007ff829583000 	/usr/lib/system/libsystem_coreservices.dylib
0x00007ff8210f5000 	/usr/lib/system/libsystem_darwin.dylib
0x00007ff8298a9000 	/usr/lib/system/libsystem_dnssd.dylib
0x00007ff81e97f000 	/usr/lib/system/libsystem_featureflags.dylib
0x00007ff81ead4000 	/usr/lib/system/libsystem_info.dylib
0x00007ff8297e9000 	/usr/lib/system/libsystem_m.dylib
0x00007ff81e8d1000 	/usr/lib/system/libsystem_malloc.dylib
0x00007ff8239f2000 	/usr/lib/system/libsystem_networkextension.dylib
0x00007ff82151f000 	/usr/lib/system/libsystem_notify.dylib
0x00007ff82fb2d000 	/usr/lib/system/libsystem_product_info_filter.dylib
0x00007ff828184000 	/usr/lib/system/libsystem_sandbox.dylib
0x00007ff8298a3000 	/usr/lib/system/libsystem_secinit.dylib
0x00007ff81ea7a000 	/usr/lib/system/libsystem_kernel.dylib
0x00007ff81eaca000 	/usr/lib/system/libsystem_platform.dylib
0x00007ff81eab2000 	/usr/lib/system/libsystem_pthread.dylib
0x00007ff8252a5000 	/usr/lib/system/libsystem_symptoms.dylib
0x00007ff81e826000 	/usr/lib/system/libsystem_trace.dylib
0x00007ff829879000 	/usr/lib/system/libunwind.dylib
0x00007ff81e7ea000 	/usr/lib/system/libxpc.dylib
0x00007ff81ea64000 	/usr/lib/libc++abi.dylib
0x00007ff829884000 	/usr/lib/liboah.dylib
0x00007ff82a00a000 	/usr/lib/liblzma.5.dylib
0x00007ff81f68e000 	/System/Library/Frameworks/SystemConfiguration.framework/Versions/A/SystemConfiguration
0x00007ff8298b8000 	/usr/lib/libfakelink.dylib
0x00007ff823563000 	/System/Library/Frameworks/CFNetwork.framework/Versions/A/CFNetwork
0x00007ff8299f9000 	/usr/lib/libarchive.2.dylib
0x00007ff82818c000 	/System/Library/PrivateFrameworks/AppleSystemInfo.framework/Versions/A/AppleSystemInfo
0x00007ff828ef3000 	/usr/lib/libbsm.0.dylib
0x00007ff822b72000 	/usr/lib/libnetwork.dylib
0x00007ff829851000 	/usr/lib/system/libkxld.dylib
0x00007ff828b26000 	/System/Library/PrivateFrameworks/IOMobileFramebuffer.framework/Versions/A/IOMobileFramebuffer
0x00007ffb3725a000 	/usr/lib/libCoreEntitlements.dylib
0x00007ff829565000 	/System/Library/PrivateFrameworks/AppleFSCompression.framework/Versions/A/AppleFSCompression
0x00007ff828edb000 	/usr/lib/libcoretls.dylib
0x00007ff82a024000 	/usr/lib/libcoretls_cfhelpers.dylib
0x00007ff829b3a000 	/usr/lib/libpam.2.dylib
0x00007ff824ec4000 	/usr/lib/libsqlite3.dylib
0x00007ff82a093000 	/usr/lib/libxar.1.dylib
0x00007ff829575000 	/usr/lib/libbz2.1.0.dylib
0x00007ff8298bd000 	/usr/lib/libpcap.A.dylib
0x00007ff82529d000 	/usr/lib/libdns_services.dylib
0x00007ff829b0a000 	/usr/lib/libapple_nghttp2.dylib
0x00007ff8298f7000 	/usr/lib/libiconv.2.dylib
0x00007ff82984a000 	/usr/lib/libcharset.1.dylib
0x00007ff8261fc000 	/System/Library/Frameworks/CoreServices.framework/Versions/A/Frameworks/FSEvents.framework/Versions/A/FSEvents
0x00007ff8210ff000 	/System/Library/Frameworks/CoreServices.framework/Versions/A/Frameworks/CarbonCore.framework/Versions/A/CarbonCore
0x00007ff8254e6000 	/System/Library/Frameworks/CoreServices.framework/Versions/A/Frameworks/Metadata.framework/Versions/A/Metadata
0x00007ff829588000 	/System/Library/Frameworks/CoreServices.framework/Versions/A/Frameworks/OSServices.framework/Versions/A/OSServices
0x00007ff829a7f000 	/System/Library/Frameworks/CoreServices.framework/Versions/A/Frameworks/SearchKit.framework/Versions/A/SearchKit
0x00007ff82522f000 	/System/Library/Frameworks/CoreServices.framework/Versions/A/Frameworks/AE.framework/Versions/A/AE
0x00007ff81f002000 	/System/Library/Frameworks/CoreServices.framework/Versions/A/Frameworks/LaunchServices.framework/Versions/A/LaunchServices
0x00007ff829fbb000 	/System/Library/Frameworks/CoreServices.framework/Versions/A/Frameworks/DictionaryServices.framework/Versions/A/DictionaryServices
0x00007ff826209000 	/System/Library/Frameworks/CoreServices.framework/Versions/A/Frameworks/SharedFileList.framework/Versions/A/SharedFileList
0x00007ff828ecf000 	/usr/lib/libCheckFix.dylib
0x00007ff823a6e000 	/System/Library/PrivateFrameworks/TCC.framework/Versions/A/TCC
0x00007ff828192000 	/System/Library/PrivateFrameworks/CoreNLP.framework/Versions/A/CoreNLP
0x00007ff825496000 	/System/Library/PrivateFrameworks/MetadataUtilities.framework/Versions/A/MetadataUtilities
0x00007ff81f73f000 	/usr/lib/libmecabra.dylib
0x00007ff828f03000 	/usr/lib/libmecab.dylib
0x00007ff81f70a000 	/usr/lib/libCRFSuite.dylib
0x00007ff828f5d000 	/usr/lib/libgermantok.dylib
0x00007ff829ae5000 	/usr/lib/libThaiTokenizer.dylib
0x00007ff825589000 	/System/Library/Frameworks/Accelerate.framework/Versions/A/Frameworks/vImage.framework/Versions/A/vImage
0x00007ff82fc31000 	/System/Library/Frameworks/Accelerate.framework/Versions/A/Frameworks/vecLib.framework/Versions/A/vecLib
0x00007ff82a0d4000 	/System/Library/Frameworks/Accelerate.framework/Versions/A/Frameworks/vecLib.framework/Versions/A/libvMisc.dylib
0x00007ff828951000 	/System/Library/Frameworks/Accelerate.framework/Versions/A/Frameworks/vecLib.framework/Versions/A/libvDSP.dylib
0x00007ff81f37e000 	/System/Library/Frameworks/Accelerate.framework/Versions/A/Frameworks/vecLib.framework/Versions/A/libBLAS.dylib
0x00007ff829c1d000 	/System/Library/Frameworks/Accelerate.framework/Versions/A/Frameworks/vecLib.framework/Versions/A/libLAPACK.dylib
0x00007ff828f60000 	/System/Library/Frameworks/Accelerate.framework/Versions/A/Frameworks/vecLib.framework/Versions/A/libLinearAlgebra.dylib
0x00007ff829b22000 	/System/Library/Frameworks/Accelerate.framework/Versions/A/Frameworks/vecLib.framework/Versions/A/libSparseBLAS.dylib
0x00007ff829c17000 	/System/Library/Frameworks/Accelerate.framework/Versions/A/Frameworks/vecLib.framework/Versions/A/libQuadrature.dylib
0x00007ff82827d000 	/System/Library/Frameworks/Accelerate.framework/Versions/A/Frameworks/vecLib.framework/Versions/A/libBNNS.dylib
0x00007ff81f618000 	/System/Library/Frameworks/Accelerate.framework/Versions/A/Frameworks/vecLib.framework/Versions/A/libSparse.dylib
0x00007ff828276000 	/System/Library/PrivateFrameworks/LinguisticData.framework/Versions/A/LinguisticData
0x00007ff81f5ce000 	/System/Library/PrivateFrameworks/Lexicon.framework/Versions/A/Lexicon
0x00007ff82a0cd000 	/usr/lib/libChineseTokenizer.dylib
0x00007ff81fd39000 	/System/Library/PrivateFrameworks/LanguageModeling.framework/Versions/A/LanguageModeling
0x00007ff829ae7000 	/System/Library/PrivateFrameworks/AppleSauce.framework/Versions/A/AppleSauce
0x00007ff828b14000 	/System/Library/PrivateFrameworks/CoreEmoji.framework/Versions/A/CoreEmoji
0x00007ff8299e8000 	/usr/lib/libcmph.dylib
0x00007ff8261e0000 	/System/Library/Frameworks/OpenDirectory.framework/Versions/A/Frameworks/CFOpenDirectory.framework/Versions/A/CFOpenDirectory
0x00007ff8261d4000 	/System/Library/Frameworks/OpenDirectory.framework/Versions/A/OpenDirectory
0x00007ff82a026000 	/System/Library/PrivateFrameworks/APFS.framework/Versions/A/APFS
0x00007ff828e2a000 	/System/Library/Frameworks/SecurityFoundation.framework/Versions/A/SecurityFoundation
0x00007ff82a0a1000 	/usr/lib/libutil.dylib
0x00007ff821429000 	/System/Library/PrivateFrameworks/CoreServicesStore.framework/Versions/A/CoreServicesStore
0x00007ff82a0a5000 	/usr/lib/libxslt.1.dylib
0x00007ff828eb7000 	/System/Library/PrivateFrameworks/BackgroundTaskManagement.framework/Versions/A/BackgroundTaskManagement
0x00007ff82b519000 	/System/Library/Frameworks/ImageIO.framework/Versions/A/Resources/libRadiance.dylib
0x00007ff82b522000 	/System/Library/Frameworks/ImageIO.framework/Versions/A/Resources/libJPEG.dylib
0x00007ff82b46e000 	/System/Library/Frameworks/ImageIO.framework/Versions/A/Resources/libPng.dylib
0x00007ff82b48f000 	/System/Library/Frameworks/ImageIO.framework/Versions/A/Resources/libTIFF.dylib
0x00007ff82b582000 	/System/Library/Frameworks/ImageIO.framework/Versions/A/Resources/libGIF.dylib
0x00007ff82ada8000 	/System/Library/Frameworks/ImageIO.framework/Versions/A/Resources/libJP2.dylib
0x00007ff82a4e3000 	/usr/lib/libexpat.1.dylib
0x00007ff82ad5d000 	/System/Library/PrivateFrameworks/AppleJPEG.framework/Versions/A/AppleJPEG
0x00007ff8276c6000 	/System/Library/PrivateFrameworks/FontServices.framework/libFontParser.dylib
0x00007ff8251d9000 	/System/Library/PrivateFrameworks/RunningBoardServices.framework/Versions/A/RunningBoardServices
0x00007ff835f05000 	/System/Library/PrivateFrameworks/IOSurfaceAccelerator.framework/Versions/A/IOSurfaceAccelerator
0x00007ff82ae8b000 	/System/Library/PrivateFrameworks/WatchdogClient.framework/Versions/A/WatchdogClient
0x00007ff81fe27000 	/System/Library/Frameworks/CoreDisplay.framework/Versions/A/CoreDisplay
0x00007ff8275c4000 	/System/Library/Frameworks/CoreMedia.framework/Versions/A/CoreMedia
0x00007ff827458000 	/System/Library/PrivateFrameworks/IOAccelerator.framework/Versions/A/IOAccelerator
0x00007ff82635d000 	/System/Library/Frameworks/CoreVideo.framework/Versions/A/CoreVideo
0x00007ff829b38000 	/System/Library/Frameworks/MetalPerformanceShaders.framework/Versions/A/MetalPerformanceShaders
0x00007ff82aec8000 	/System/Library/Frameworks/VideoToolbox.framework/Versions/A/VideoToolbox
0x00007ff825123000 	/System/Library/PrivateFrameworks/BaseBoard.framework/Versions/A/BaseBoard
0x00007ff824eaa000 	/System/Library/PrivateFrameworks/ProtocolBuffer.framework/Versions/A/ProtocolBuffer
0x00007ff82b512000 	/System/Library/PrivateFrameworks/GPUWrangler.framework/Versions/A/GPUWrangler
0x00007ff82b4f6000 	/System/Library/PrivateFrameworks/IOPresentment.framework/Versions/A/IOPresentment
0x00007ff82b51c000 	/System/Library/PrivateFrameworks/DSExternalDisplay.framework/Versions/A/DSExternalDisplay
0x00007ffa37898000 	/System/Library/Frameworks/OpenGL.framework/Versions/A/Libraries/libCoreFSCache.dylib
0x00007ffb2496d000 	/System/Library/PrivateFrameworks/GPUCompiler.framework/Versions/31001/Libraries/libGPUCompilerUtils.dylib
0x00007ff82b587000 	/System/Library/PrivateFrameworks/CMCaptureCore.framework/Versions/A/CMCaptureCore
0x00007ff82aa8c000 	/System/Library/PrivateFrameworks/AppServerSupport.framework/Versions/A/AppServerSupport
0x00007ff82cd55000 	/System/Library/PrivateFrameworks/perfdata.framework/Versions/A/perfdata
0x00007ff81ff53000 	/System/Library/PrivateFrameworks/AudioToolboxCore.framework/Versions/A/AudioToolboxCore
0x00007ff8275a2000 	/System/Library/PrivateFrameworks/caulk.framework/Versions/A/caulk
0x00007ff82c667000 	/usr/lib/libAudioStatistics.dylib
0x00007ff92435b000 	/System/Library/PrivateFrameworks/SystemPolicy.framework/Versions/A/SystemPolicy
0x00007ff82c8c2000 	/usr/lib/libSMC.dylib
0x00007ff8357fd000 	/System/Library/Frameworks/CoreMIDI.framework/Versions/A/CoreMIDI
0x00007ff82b43d000 	/usr/lib/libAudioToolboxUtility.dylib
0x00007ff92057b000 	/System/Library/PrivateFrameworks/OSAServicesClient.framework/Versions/A/OSAServicesClient
0x00007ff82cd62000 	/usr/lib/libperfcheck.dylib
0x00007ff924e0c000 	/usr/lib/libmis.dylib
0x00007ffa378f3000 	/System/Library/Frameworks/OpenGL.framework/Versions/A/Libraries/libGLU.dylib
0x00007ffa378b7000 	/System/Library/Frameworks/OpenGL.framework/Versions/A/Libraries/libGFXShared.dylib
0x00007ffa37ac0000 	/System/Library/Frameworks/OpenGL.framework/Versions/A/Libraries/libGL.dylib
0x00007ffa378c0000 	/System/Library/Frameworks/OpenGL.framework/Versions/A/Libraries/libGLImage.dylib
0x00007ffa378b4000 	/System/Library/Frameworks/OpenGL.framework/Versions/A/Libraries/libCVMSPluginSupport.dylib
0x00007ffa3789f000 	/System/Library/Frameworks/OpenGL.framework/Versions/A/Libraries/libCoreVMClient.dylib
0x00007ff82810e000 	/System/Library/Frameworks/MetalPerformanceShaders.framework/Versions/A/Frameworks/MPSCore.framework/Versions/A/MPSCore
0x00007ff8294d0000 	/System/Library/Frameworks/MetalPerformanceShaders.framework/Versions/A/Frameworks/MPSImage.framework/Versions/A/MPSImage
0x00007ff828f76000 	/System/Library/Frameworks/MetalPerformanceShaders.framework/Versions/A/Frameworks/MPSNeuralNetwork.framework/Versions/A/MPSNeuralNetwork
0x00007ff8293ea000 	/System/Library/Frameworks/MetalPerformanceShaders.framework/Versions/A/Frameworks/MPSMatrix.framework/Versions/A/MPSMatrix
0x00007ff8291a5000 	/System/Library/Frameworks/MetalPerformanceShaders.framework/Versions/A/Frameworks/MPSRayIntersector.framework/Versions/A/MPSRayIntersector
0x00007ff829422000 	/System/Library/Frameworks/MetalPerformanceShaders.framework/Versions/A/Frameworks/MPSNDArray.framework/Versions/A/MPSNDArray
0x00007ffa3d378000 	/System/Library/Frameworks/MetalPerformanceShaders.framework/Versions/A/Frameworks/MPSFunctions.framework/Versions/A/MPSFunctions
0x00007ff81f25a000 	/System/Library/PrivateFrameworks/MetalTools.framework/Versions/A/MetalTools
0x00007ff82818a000 	/System/Library/PrivateFrameworks/AggregateDictionary.framework/Versions/A/AggregateDictionary
0x00007ff82a2c5000 	/usr/lib/libIOReport.dylib
0x00007ffa38ecf000 	/System/Library/Frameworks/OpenCL.framework/Versions/A/OpenCL
0x00007ff82a62a000 	/System/Library/PrivateFrameworks/FaceCore.framework/Versions/A/FaceCore
0x00007ff82a61b000 	/System/Library/PrivateFrameworks/GraphVisualizer.framework/Versions/A/GraphVisualizer
0x00007ffb24878000 	/System/Library/PrivateFrameworks/FontServices.framework/Versions/A/FontServices
0x00007ff82aa44000 	/System/Library/PrivateFrameworks/OTSVG.framework/Versions/A/OTSVG
0x00007ff825f43000 	/System/Library/Frameworks/ApplicationServices.framework/Versions/A/Frameworks/ATS.framework/Versions/A/Resources/libFontRegistry.dylib
0x00007ff82aa94000 	/System/Library/PrivateFrameworks/FontServices.framework/libhvf.dylib
0x00007ffb24879000 	/System/Library/PrivateFrameworks/FontServices.framework/libXTFontStaticRegistryData.dylib
0x00007ff82a493000 	/System/Library/PrivateFrameworks/AppleVA.framework/Versions/A/AppleVA
0x00007ff82c687000 	/System/Library/Frameworks/ApplicationServices.framework/Versions/A/Frameworks/ATS.framework/Versions/A/ATS
0x00007ff8245f0000 	/System/Library/Frameworks/ApplicationServices.framework/Versions/A/Frameworks/HIServices.framework/Versions/A/HIServices
0x00007ff82b591000 	/System/Library/Frameworks/ApplicationServices.framework/Versions/A/Frameworks/PrintCore.framework/Versions/A/PrintCore
0x00007ff82ca15000 	/System/Library/Frameworks/ApplicationServices.framework/Versions/A/Frameworks/QD.framework/Versions/A/QD
0x00007ff82ca0d000 	/System/Library/Frameworks/ApplicationServices.framework/Versions/A/Frameworks/ColorSyncLegacy.framework/Versions/A/ColorSyncLegacy
0x00007ff82c677000 	/System/Library/Frameworks/ApplicationServices.framework/Versions/A/Frameworks/SpeechSynthesis.framework/Versions/A/SpeechSynthesis
0x00007ff82b552000 	/System/Library/Frameworks/ApplicationServices.framework/Versions/A/Frameworks/ATSUI.framework/Versions/A/ATSUI
0x00007ff82c9a2000 	/usr/lib/libcups.2.dylib
0x00007ff82cd71000 	/System/Library/Frameworks/Kerberos.framework/Versions/A/Kerberos
0x00007ff82cd80000 	/System/Library/Frameworks/GSS.framework/Versions/A/GSS
0x00007ff82c6f3000 	/usr/lib/libresolv.9.dylib
0x00007ff82aaa3000 	/System/Library/PrivateFrameworks/Heimdal.framework/Versions/A/Heimdal
0x00007ff833980000 	/System/Library/Frameworks/Kerberos.framework/Versions/A/Libraries/libHeimdalProxy.dylib
0x00007ff8252ad000 	/System/Library/Frameworks/Network.framework/Versions/A/Network
0x00007ff82a4fe000 	/usr/lib/libheimdal-asn1.dylib
0x00007ff82cdcb000 	/System/Library/PrivateFrameworks/CommonAuth.framework/Versions/A/CommonAuth
0x00007ff82c5f9000 	/System/Library/PrivateFrameworks/AudioSession.framework/Versions/A/AudioSession
0x00007ff82a58e000 	/System/Library/PrivateFrameworks/MediaExperience.framework/Versions/A/MediaExperience
0x00007ff82c48b000 	/System/Library/PrivateFrameworks/AudioSession.framework/libSessionUtility.dylib
0x00007ff82ca21000 	/System/Library/PrivateFrameworks/AudioResourceArbitration.framework/Versions/A/AudioResourceArbitration
0x00007ff830aa4000 	/System/Library/PrivateFrameworks/PowerLog.framework/Versions/A/PowerLog
0x00007ff82a507000 	/System/Library/PrivateFrameworks/IconFoundation.framework/Versions/A/IconFoundation
0x00007ff82f858000 	/System/Library/PrivateFrameworks/SpeechRecognitionCore.framework/Versions/A/SpeechRecognitionCore
0x00007ffa24314000 	/System/Library/CoreServices/Encodings/libJapaneseConverter.dylib
0x000000010eed6000 	/Library/Java/JavaVirtualMachines/jdk-11.jdk/Contents/Home/lib/server/libjvm.dylib
0x000000010e179000 	/Library/Java/JavaVirtualMachines/jdk-11.jdk/Contents/Home/lib/libverify.dylib
0x000000010e1bc000 	/Library/Java/JavaVirtualMachines/jdk-11.jdk/Contents/Home/lib/libjava.dylib
0x000000010e18d000 	/Library/Java/JavaVirtualMachines/jdk-11.jdk/Contents/Home/lib/libjimage.dylib
0x000000010e1ac000 	/Library/Java/JavaVirtualMachines/jdk-11.jdk/Contents/Home/lib/libzip.dylib
0x000000010ec6a000 	/Library/Java/JavaVirtualMachines/jdk-11.jdk/Contents/Home/lib/libnio.dylib
0x000000010eca1000 	/Library/Java/JavaVirtualMachines/jdk-11.jdk/Contents/Home/lib/libnet.dylib
0x000000010ecfa000 	/private/var/folders/0r/b1_lsbz908x1qv7hr1m66z580000gn/T/libgdxsawanotaijun/5c7c35de/libgdx64.dylib
0x000000010edbb000 	/Library/Java/JavaVirtualMachines/jdk-11.jdk/Contents/Home/lib/libawt.dylib
0x000000010ee63000 	/Library/Java/JavaVirtualMachines/jdk-11.jdk/Contents/Home/lib/libmlib_image.dylib
0x00007ffa3d2e1000 	/System/Library/Frameworks/JavaRuntimeSupport.framework/Versions/A/JavaRuntimeSupport
0x00007ff923e7f000 	/System/Library/Frameworks/Carbon.framework/Versions/A/Carbon
0x00007ff831d1f000 	/System/Library/PrivateFrameworks/CoreSymbolication.framework/Versions/A/CoreSymbolication
0x00007ff8372c4000 	/System/Library/Frameworks/Carbon.framework/Versions/A/Frameworks/CommonPanels.framework/Versions/A/CommonPanels
0x00007ff833355000 	/System/Library/Frameworks/Carbon.framework/Versions/A/Frameworks/Help.framework/Versions/A/Help
0x00007ff8372c8000 	/System/Library/Frameworks/Carbon.framework/Versions/A/Frameworks/ImageCapture.framework/Versions/A/ImageCapture
0x00007ff837298000 	/System/Library/Frameworks/Carbon.framework/Versions/A/Frameworks/OpenScripting.framework/Versions/A/OpenScripting
0x00007ff8372c0000 	/System/Library/Frameworks/Carbon.framework/Versions/A/Frameworks/Ink.framework/Versions/A/Ink
0x00007ff923e7b000 	/System/Library/Frameworks/Carbon.framework/Versions/A/Frameworks/Print.framework/Versions/A/Print
0x00007ff8372bc000 	/System/Library/Frameworks/Carbon.framework/Versions/A/Frameworks/SecurityHI.framework/Versions/A/SecurityHI
0x00007ff831ce4000 	/System/Library/PrivateFrameworks/DebugSymbols.framework/Versions/A/DebugSymbols
0x000000011d861000 	/Library/Java/JavaVirtualMachines/jdk-11.jdk/Contents/Home/lib/libawt_lwawt.dylib
0x000000010ed36000 	/Library/Java/JavaVirtualMachines/jdk-11.jdk/Contents/Home/lib/libosxapp.dylib
0x00007ff923149000 	/System/Library/Frameworks/ExceptionHandling.framework/Versions/A/ExceptionHandling
0x000000012f192000 	/Library/Java/JavaVirtualMachines/jdk-11.jdk/Contents/Home/lib/libfontmanager.dylib
0x000000011d965000 	/Library/Java/JavaVirtualMachines/jdk-11.jdk/Contents/Home/lib/libfreetype.dylib
0x00007ff8213eb000 	/System/Library/PrivateFrameworks/CoreServicesInternal.framework/Versions/A/CoreServicesInternal
0x00007ff831095000 	/System/Library/Frameworks/FileProvider.framework/Versions/A/FileProvider
0x00007ff825090000 	/System/Library/Frameworks/Accounts.framework/Versions/A/Accounts
0x00007ff83120e000 	/System/Library/PrivateFrameworks/GenerationalStorage.framework/Versions/A/GenerationalStorage
0x00007ff830a99000 	/System/Library/PrivateFrameworks/SymptomDiagnosticReporter.framework/Versions/A/SymptomDiagnosticReporter
0x00007ff8226b0000 	/System/Library/PrivateFrameworks/DesktopServicesPriv.framework/Versions/A/DesktopServicesPriv
0x00007ff82152e000 	/usr/lib/libsandbox.1.dylib
0x00007ff8263dc000 	/System/Library/PrivateFrameworks/UserManagement.framework/Versions/A/UserManagement
0x00007ff82ca02000 	/System/Library/PrivateFrameworks/NetAuth.framework/Versions/A/NetAuth
0x00007ff82d911000 	/System/Library/PrivateFrameworks/Sharing.framework/Versions/A/Sharing
0x00007ff8263af000 	/System/Library/PrivateFrameworks/login.framework/Versions/A/Frameworks/loginsupport.framework/Versions/A/loginsupport
0x00007ff832e83000 	/System/Library/PrivateFrameworks/Apple80211.framework/Versions/A/Apple80211
0x00007ff8295b5000 	/System/Library/PrivateFrameworks/AuthKit.framework/Versions/A/AuthKit
0x00007ff828c0a000 	/System/Library/PrivateFrameworks/CoreUtils.framework/Versions/A/CoreUtils
0x00007ff828b31000 	/System/Library/Frameworks/CoreWLAN.framework/Versions/A/CoreWLAN
0x00007ff82da70000 	/System/Library/Frameworks/IOBluetooth.framework/Versions/A/IOBluetooth
0x00007ff832eeb000 	/System/Library/PrivateFrameworks/CoreWiFi.framework/Versions/A/CoreWiFi
0x00007ff8318b8000 	/System/Library/PrivateFrameworks/FrontBoardServices.framework/Versions/A/FrontBoardServices
0x00007ff831949000 	/System/Library/PrivateFrameworks/BoardServices.framework/Versions/A/BoardServices
0x00007ff828e19000 	/System/Library/PrivateFrameworks/AssertionServices.framework/Versions/A/AssertionServices
0x00007ff83306e000 	/System/Library/PrivateFrameworks/BackBoardServices.framework/Versions/A/BackBoardServices
0x00007ff82ce5c000 	/System/Library/PrivateFrameworks/CorePhoneNumbers.framework/Versions/A/CorePhoneNumbers
0x00007ff82c720000 	/System/Library/PrivateFrameworks/MultiverseSupport.framework/Versions/A/MultiverseSupport
0x00007ff8332e2000 	/System/Library/PrivateFrameworks/RemoteServiceDiscovery.framework/Versions/A/RemoteServiceDiscovery
0x00007ff830bb6000 	/System/Library/PrivateFrameworks/DiskManagement.framework/Versions/A/DiskManagement
0x00007ff830aca000 	/System/Library/PrivateFrameworks/AppleIDAuthSupport.framework/Versions/A/AppleIDAuthSupport
0x00007ffb1f1f4000 	/System/Library/PrivateFrameworks/AAAFoundation.framework/Versions/A/AAAFoundation
0x00007ff82ce3d000 	/System/Library/PrivateFrameworks/KeychainCircle.framework/Versions/A/KeychainCircle
0x00007ff8332f2000 	/System/Library/PrivateFrameworks/RemoteXPC.framework/Versions/A/RemoteXPC
0x00007ff830b82000 	/System/Library/PrivateFrameworks/MediaKit.framework/Versions/A/MediaKit
0x00007ff830ad6000 	/System/Library/Frameworks/DiscRecording.framework/Versions/A/DiscRecording
0x00007ff82a40b000 	/usr/lib/libCoreStorage.dylib
0x00007ff83335d000 	/usr/lib/libcsfde.dylib
0x00007ff82db3d000 	/System/Library/PrivateFrameworks/ProtectedCloudStorage.framework/Versions/A/ProtectedCloudStorage
0x00007ff833359000 	/System/Library/PrivateFrameworks/EFILogin.framework/Versions/A/EFILogin
0x00007ff831234000 	/System/Library/PrivateFrameworks/OctagonTrust.framework/Versions/A/OctagonTrust
0x00007ffb23adc000 	/System/Library/PrivateFrameworks/CoreUtilsExtras.framework/Versions/A/CoreUtilsExtras
0x00007ff8309fd000 	/System/Library/Frameworks/CoreBluetooth.framework/Versions/A/CoreBluetooth
0x00007ff833a05000 	/System/Library/Frameworks/AudioUnit.framework/Versions/A/AudioUnit
0x00007ff82a403000 	/usr/lib/libMatch.1.dylib
0x00007ff92bc0c000 	/System/Library/CoreServices/RawCamera.bundle/Contents/MacOS/RawCamera
0x00007ff82cddb000 	/System/Library/PrivateFrameworks/MobileAsset.framework/Versions/A/MobileAsset
0x00007ff833a2c000 	/System/Library/PrivateFrameworks/StreamingZip.framework/Versions/A/StreamingZip
0x00007ffb20dd0000 	/System/Library/PrivateFrameworks/CMPhoto.framework/Versions/A/CMPhoto
0x00007ff831bba000 	/System/Library/PrivateFrameworks/AppleVPA.framework/Versions/A/AppleVPA
0x00007ff82b7bb000 	/System/Library/Frameworks/MediaToolbox.framework/Versions/A/MediaToolbox
0x00007ff831065000 	/System/Library/PrivateFrameworks/CoreAVCHD.framework/Versions/A/CoreAVCHD
0x00007ff82ff3a000 	/System/Library/Frameworks/MediaAccessibility.framework/Versions/A/MediaAccessibility
0x00007ff831061000 	/System/Library/PrivateFrameworks/Mangrove.framework/Versions/A/Mangrove
0x00007ff82ff45000 	/System/Library/PrivateFrameworks/AlgosScoreFramework.framework/Versions/A/AlgosScoreFramework
0x00007ff830ca6000 	/System/Library/PrivateFrameworks/CoreAUC.framework/Versions/A/CoreAUC
0x00007ff929435000 	/System/Library/Frameworks/Accelerate.framework/Versions/A/Frameworks/vImage.framework/Versions/A/Libraries/libCGInterfaces.dylib
0x000000011d830000 	/usr/lib/libobjc-trampolines.dylib
0x00007ff8260d4000 	/System/Library/PrivateFrameworks/ViewBridge.framework/Versions/A/ViewBridge
0x00000001376dd000 	/private/var/folders/0r/b1_lsbz908x1qv7hr1m66z580000gn/T/libgdxsawanotaijun/f7649394/liblwjgl.dylib
0x000000013765b000 	/Library/Java/JavaVirtualMachines/jdk-11.jdk/Contents/Home/lib/libjawt.dylib
0x000000013766b000 	/private/var/folders/0r/b1_lsbz908x1qv7hr1m66z580000gn/T/libgdxsawanotaijun/f7649394/openal.dylib
0x0000000137a46000 	/System/Library/Components/CoreAudio.component/Contents/MacOS/CoreAudio
0x0000000137792000 	/System/Library/Extensions/AppleHDA.kext/Contents/PlugIns/AppleHDAHALPlugIn.bundle/Contents/MacOS/AppleHDAHALPlugIn
0x00007ffa3e55d000 	/System/Library/Frameworks/OpenAL.framework/Versions/A/OpenAL
0x0000000138ea5000 	/System/Library/Components/AudioDSP.component/Contents/MacOS/AudioDSP
0x00007ff924173000 	/System/Library/Frameworks/AVFoundation.framework/Versions/A/AVFoundation
0x00007ffa3bf8f000 	/System/Library/Frameworks/AVFAudio.framework/Versions/A/AVFAudio
0x00007ff8316c8000 	/System/Library/PrivateFrameworks/AVFCore.framework/Versions/A/AVFCore
0x00007ff838984000 	/System/Library/PrivateFrameworks/AVFCapture.framework/Versions/A/AVFCapture
0x00007ff922de6000 	/System/Library/PrivateFrameworks/AirPlaySync.framework/Versions/A/AirPlaySync
0x00007ffb20db9000 	/System/Library/PrivateFrameworks/CMImaging.framework/Versions/A/CMImaging
0x00007ff838ad6000 	/System/Library/PrivateFrameworks/Quagga.framework/Versions/A/Quagga
0x00007ff91e7e8000 	/System/Library/PrivateFrameworks/CMCapture.framework/Versions/A/CMCapture
0x00007ff82c7e2000 	/System/Library/Frameworks/CoreMediaIO.framework/Versions/A/CoreMediaIO
0x00007ff833b2d000 	/System/Library/PrivateFrameworks/Espresso.framework/Versions/A/Espresso
0x00007ff8333f6000 	/System/Library/PrivateFrameworks/AppSupport.framework/Versions/A/AppSupport
0x00007ffa2a50a000 	/System/Library/PrivateFrameworks/ANECompiler.framework/Versions/A/ANECompiler
0x00007ff83577d000 	/System/Library/PrivateFrameworks/AppleNeuralEngine.framework/Versions/A/AppleNeuralEngine
0x00007ffb2736d000 	/System/Library/PrivateFrameworks/MIL.framework/Versions/A/MIL
0x00007ffa3d38b000 	/System/Library/Frameworks/MetalPerformanceShadersGraph.framework/Versions/A/MetalPerformanceShadersGraph
0x00007ff8346cc000 	/System/Library/PrivateFrameworks/ANEServices.framework/Versions/A/ANEServices
0x00007ff928bdc000 	/usr/lib/libncurses.5.4.dylib
0x00007ffb371ee000 	/usr/lib/libAudioDSPCore.dylib
0x00007ffa37acb000 	/System/Library/Frameworks/OpenGL.framework/Versions/A/Resources/GLEngine.bundle/GLEngine
0x00007ffa37931000 	/System/Library/Frameworks/OpenGL.framework/Versions/A/Libraries/libGLProgrammability.dylib
0x00007ffa32876000 	/System/Library/Extensions/AppleIntelHD5000GraphicsGLDriver.bundle/Contents/MacOS/AppleIntelHD5000GraphicsGLDriver
0x00007ff92efac000 	/System/Library/PrivateFrameworks/GPUSupport.framework/Versions/A/Libraries/libGPUSupportMercury.dylib
0x00007ffa37c55000 	/System/Library/Frameworks/OpenGL.framework/Versions/A/Resources/GLRendererFloat.bundle/GLRendererFloat
0x00007ff82ab5b000 	/System/Library/PrivateFrameworks/login.framework/Versions/A/login


VM Arguments:
jvm_args: -Dfile.encoding=UTF-8 -Duser.country=JP -Duser.language=ja -Duser.variant 
java_command: com.frappagames.gdx2048.desktop.DesktopLauncher
java_class_path (initial): /Users/sawanotaijun/Downloads/android/libgdx13/gdx2048/desktop/build/classes/java/main:/Users/sawanotaijun/Downloads/android/libgdx13/gdx2048/desktop/build/resources/main:/Users/sawanotaijun/.gradle/caches/modules-2/files-2.1/com.badlogicgames.gdx/gdx-backend-lwjgl/1.12.0/cd2ccf53d2c0ae63cc821c3d7b9969cd16b66da8/gdx-backend-lwjgl-1.12.0.jar:/Users/sawanotaijun/.gradle/caches/modules-2/files-2.1/com.badlogicgames.gdx/gdx-platform/1.12.0/47e1147f66a38eb0fad40582df5175f6326ce5b8/gdx-platform-1.12.0-natives-desktop.jar:/Users/sawanotaijun/.gradle/caches/modules-2/files-2.1/com.badlogicgames.gdx/gdx-box2d-platform/1.12.0/7b6b430c4a58354e86722759298472948f341f3b/gdx-box2d-platform-1.12.0-natives-desktop.jar:/Users/sawanotaijun/.gradle/caches/modules-2/files-2.1/de.tomgrill.gdxdialogs/gdx-dialogs-desktop/1.2.5/233048054a845d7a59d86c54e9d74f95749f74b5/gdx-dialogs-desktop-1.2.5.jar:/Users/sawanotaijun/.gradle/caches/modules-2/files-2.1/com.badlogicgames.gdx/gdx-freetype-platform/1.12.0/d123cfd023644940ddbb195c36215c656fa26569/gdx-freetype-platform-1.12.0-natives-desktop.jar:/Users/sawanotaijun/Downloads/android/libgdx13/gdx2048/core/build/libs/core-1.0.0.jar:/Users/sawanotaijun/.gradle/caches/modules-2/files-2.1/de.tomgrill.gdxdialogs/gdx-dialogs-core/1.2.5/c55ef7e82d013ea7d99a66dcbdc24cfa7127337e/gdx-dialogs-core-1.2.5.jar:/Users/sawanotaijun/.gradle/caches/modules-2/files-2.1/com.github.antzGames/gdx-ode4j/master-SNAPSHOT/694742ea02ad6d289b7f5af89c6293eafdfd7a98/gdx-ode4j-master-SNAPSHOT.jar:/Users/sawanotaijun/.gradle/caches/modules-2/files-2.1/com.badlogicgames.gdx/gdx-box2d/1.12.0/aea4c00da8a8faad8cfe6345d804277229e70aba/gdx-box2d-1.12.0.jar:/Users/sawanotaijun/.gradle/caches/modules-2/files-2.1/com.kotcrab.vis/vis-ui/1.3.0/639741faa66a560197ee06a9412949402c831796/vis-ui-1.3.0.jar:/Users/sawanotaijun/.gradle/caches/modules-2/files-2.1/com.badlogicgames.gdx/gdx-freetype/1.12.0/5c9ce57d7e95c35dead37f674d23c023c1a4167d/gdx-freetype-1.12.0.jar:/
Launcher Type: SUN_STANDARD

[Global flags]
     intx CICompilerCount                          = 3                                         {product} {ergonomic}
     uint ConcGCThreads                            = 1                                         {product} {ergonomic}
     uint G1ConcRefinementThreads                  = 4                                         {product} {ergonomic}
   size_t G1HeapRegionSize                         = 1048576                                   {product} {ergonomic}
    uintx GCDrainStackTargetSize                   = 64                                        {product} {ergonomic}
   size_t InitialHeapSize                          = 134217728                                 {product} {ergonomic}
   size_t MarkStackSize                            = 4194304                                   {product} {ergonomic}
   size_t MaxHeapSize                              = 2147483648                                {product} {ergonomic}
   size_t MaxNewSize                               = 1287651328                                {product} {ergonomic}
   size_t MinHeapDeltaBytes                        = 1048576                                   {product} {ergonomic}
    uintx NonNMethodCodeHeapSize                   = 5830732                                {pd product} {ergonomic}
    uintx NonProfiledCodeHeapSize                  = 122913754                              {pd product} {ergonomic}
    uintx ProfiledCodeHeapSize                     = 122913754                              {pd product} {ergonomic}
    uintx ReservedCodeCacheSize                    = 251658240                              {pd product} {ergonomic}
     bool SegmentedCodeCache                       = true                                      {product} {ergonomic}
     bool UseCompressedClassPointers               = true                                 {lp64_product} {ergonomic}
     bool UseCompressedOops                        = true                                 {lp64_product} {ergonomic}
     bool UseG1GC                                  = true                                      {product} {ergonomic}

Logging:
Log output configuration:
 #0: stdout all=warning uptime,level,tags
 #1: stderr all=off uptime,level,tags

Environment Variables:
JAVA_HOME=/Library/Java/JavaVirtualMachines/jdk-11.jdk/Contents/Home/
PATH=/Library/Frameworks/Python.framework/Versions/3.7/bin:/Users/sawanotaijun/Downloads/android-sdk-macosx/tools:/Users/sawanotaijun/Downloads/android-sdk-macosx/platform-tools:/Users/sawanotaijun/Downloads/android-sdk-macosx:/Users/sawanotaijun/Downloads/android/cocos/cocos2d-x-3.17.2/templates:/Users/sawanotaijun/Downloads/android/cocos:/Users/sawanotaijun/Downloads/android/cocos/cocos2d-x-3.17.2/tools/cocos2d-console/bin:/Users/sawanotaijun/Documents/workspace/j2swift/bin:/Users/sawanotaijun/.rbenv/shims:/Users/sawanotaijun/.rbenv/bin:/Users/sawanotaijun/Downloads/j2objc/j2objc-master/dist:/Users/sawanotaijun/Download/libgdx-1/sources:/Users/sawanotaijun/Download/libgdx-1:/Users/sawanotaijun/.rbenv/shims/ruby:/Users/sawanotaijun/.gem/ruby/2.7.0/bin:/Users/sawanotaijun/Downloads/apache-maven-3.3.9/bin:/Users/sawanotaijun/bin:~/bin:/Users/sawanotaijun/.nodebrew/current/bin:/Users/sawanotaijun/Downloads/android-sdk-macosx/platform-tools/:/Users/sawanotaijun/scripts:/Users/sawanotaijun/Downloads/android/cocos/cocos2d-x-3.17.2/templates:/Users/sawanotaijun/Downloads/android/cocos:/Users/sawanotaijun/Downloads/android/cocos/cocos2d-x-3.17.2/tools/cocos2d-console/bin:/usr/local/bin:/usr/bin:/bin:/usr/sbin:/sbin:/usr/local/share/dotnet:/opt/X11/bin:~/.dotnet/tools:/Library/Apple/usr/bin:/Library/Frameworks/Mono.framework/Versions/Current/Commands:/Applications/Xamarin Workbooks.app/Contents/SharedSupport/path-bin:/usr/bin:/bin:/Users/sawanotaijun/bin:~/bin:/Users/sawanotaijun/.nodebrew/current/bin:/Users/sawanotaijun/Downloads/android-sdk-macosx/platform-tools/:/Users/sawanotaijun/scripts:/Users/sawanotaijun/Downloads/android/cocos/cocos2d-x-3.17.2/templates:/Users/sawanotaijun/Downloads/android/cocos:/Users/sawanotaijun/Downloads/android/cocos/cocos2d-x-3.17.2/tools/cocos2d-console/bin:/usr/local/bin:/usr/bin:/bin:/usr/sbin:/sbin:/usr/local/share/dotnet:/opt/X11/bin:~/.dotnet/tools:/Library/Apple/usr/bin:/Library/Frameworks/Mono.framework/Versions/Current/Commands:/Applic
LD_LIBRARY_PATH=/Library/Developer/CommandLineTools/SDKs/MacOSX10.14.sdk/System/Library/Frameworks/Foundation.framework/Versions/C/Headers/:/usr/local/lib:/usr/lib
SHELL=/bin/zsh
DISPLAY=/private/tmp/com.apple.launchd.2A5B8Siu9s/org.macosforge.xquartz:0

Signal Handlers:
SIGSEGV: [libjvm.dylib+0x791ee6], sa_mask[0]=11111111011111110111111111111111, sa_flags=SA_ONSTACK|SA_RESTART|SA_SIGINFO
SIGBUS: [libjvm.dylib+0x791ee6], sa_mask[0]=11111111011111110111111111111111, sa_flags=SA_RESTART|SA_SIGINFO
SIGFPE: [libjvm.dylib+0x791ee6], sa_mask[0]=11111111011111110111111111111111, sa_flags=SA_RESTART|SA_SIGINFO
SIGPIPE: [libjvm.dylib+0x6441d8], sa_mask[0]=11111111011111110111111111111111, sa_flags=SA_RESTART|SA_SIGINFO
SIGXFSZ: [libjvm.dylib+0x6441d8], sa_mask[0]=11111111011111110111111111111111, sa_flags=SA_RESTART|SA_SIGINFO
SIGILL: [libjvm.dylib+0x791ee6], sa_mask[0]=11111111011111110111111111111111, sa_flags=SA_RESTART|SA_SIGINFO
SIGUSR2: [libjvm.dylib+0x6447ec], sa_mask[0]=00100000000000000000000000000000, sa_flags=SA_RESTART|SA_SIGINFO
SIGHUP: [libjvm.dylib+0x64320b], sa_mask[0]=11111111011111110111111111111111, sa_flags=SA_RESTART|SA_SIGINFO
SIGINT: [libjvm.dylib+0x64320b], sa_mask[0]=11111111011111110111111111111111, sa_flags=SA_RESTART|SA_SIGINFO
SIGTERM: [libjvm.dylib+0x64320b], sa_mask[0]=11111111011111110111111111111111, sa_flags=SA_RESTART|SA_SIGINFO
SIGQUIT: [libjvm.dylib+0x64320b], sa_mask[0]=11111111011111110111111111111111, sa_flags=SA_RESTART|SA_SIGINFO


---------------  S Y S T E M  ---------------

OS:uname:Darwin 21.6.0 Darwin Kernel Version 21.6.0: Mon Jun 24 00:56:10 PDT 2024; root:xnu-8020.240.18.709.2~1/RELEASE_X86_64 x86_64
rlimit: STACK 8192k, CORE 0k, NPROC 1392, NOFILE 10240, AS infinity, DATA infinity, FSIZE infinity
load average:8.06 6.52 5.52

CPU:total 4 (initial active 4) (2 cores per cpu, 2 threads per core) family 6 model 69 stepping 1 microcode 0x26, cmov, cx8, fxsr, mmx, sse, sse2, sse3, ssse3, sse4.1, sse4.2, popcnt, avx, avx2, aes, clmul, erms, lzcnt, ht, tsc, tscinvbit, bmi1, bmi2, fma

Memory: 4k page, physical 8388608k(18428k free)

vm_info: Java HotSpot(TM) 64-Bit Server VM (11.0.21+9-LTS-193) for bsd-amd64 JRE (11.0.21+9-LTS-193), built on Sep 13 2023 10:08:23 by "mach5one" with gcc Apple LLVM 12.0.0 (clang-1200.0.32.29)

END.
