#
# A fatal error has been detected by the Java Runtime Environment:
#
#  SIGSEGV (0xb) at pc=0x00007ff80da80e2f, pid=12657, tid=59907
#
# JRE version: Java(TM) SE Runtime Environment 18.9 (11.0.21+9) (build 11.0.21+9-LTS-193)
# Java VM: Java HotSpot(TM) 64-Bit Server VM 18.9 (11.0.21+9-LTS-193, mixed mode, tiered, compressed oops, g1 gc, bsd-amd64)
# Problematic frame:
# C  [libobjc.A.dylib+0x9e2f]  objc_release+0x1f
#
# No core dump will be written. Core dumps have been disabled. To enable core dumping, try "ulimit -c unlimited" before starting Java again
#
# If you would like to submit a bug report, please visit:
#   https://bugreport.java.com/bugreport/crash.jsp
# The crash happened outside the Java Virtual Machine in native code.
# See problematic frame for where to report the bug.
#

---------------  S U M M A R Y ------------

Command Line: -Dfile.encoding=UTF-8 -Duser.country=JP -Duser.language=ja -Duser.variant com.frappagames.gdx2048.desktop.DesktopLauncher

Host: Macmini7,1 x86_64 2600 MHz, 4 cores, 8G, Darwin 21.6.0
Time: Sat Jan  4 19:06:48 2025 JST elapsed time: 26.695857 seconds (0d 0h 0m 26s)

---------------  T H R E A D  ---------------

Current thread (0x00007faa4128b000):  JavaThread "LWJGL Application" [_thread_in_native, id=59907, stack(0x000070000d025000,0x000070000d125000)]

Stack: [0x000070000d025000,0x000070000d125000],  sp=0x000070000d124428,  free space=1021k
Native frames: (J=compiled Java code, j=interpreted, Vv=VM code, C=native code)
C  [libobjc.A.dylib+0x9e2f]  objc_release+0x1f
C  [libobjc.A.dylib+0xad6f]  objc_autoreleasePoolPop+0xa8
C  [CoreFoundation+0x41ada]  _CFAutoreleasePoolPop+0x16
C  [Foundation+0x1e991]  -[NSAutoreleasePool release]+0x85
C  [liblwjgl.dylib+0x16cce]  Java_org_lwjgl_opengl_MacOSXContextImplementation_setView+0x10e
j  org.lwjgl.opengl.MacOSXContextImplementation.setView(Ljava/nio/ByteBuffer;Ljava/nio/ByteBuffer;)V+0
j  org.lwjgl.opengl.MacOSXContextImplementation.makeCurrent(Lorg/lwjgl/opengl/PeerInfo;Ljava/nio/ByteBuffer;)V+7
j  org.lwjgl.opengl.ContextGL.makeCurrent()V+46
j  org.lwjgl.opengl.DrawableGL.makeCurrent()V+14
j  org.lwjgl.opengl.Display.makeCurrent()V+3
j  org.lwjgl.opengl.Display.makeCurrentAndSetSwapInterval()V+0
j  org.lwjgl.opengl.Display.create(Lorg/lwjgl/opengl/PixelFormat;Lorg/lwjgl/opengl/Drawable;Lorg/lwjgl/opengl/ContextAttribs;)V+108
j  org.lwjgl.opengl.Display.create(Lorg/lwjgl/opengl/PixelFormat;)V+12
j  com.badlogic.gdx.backends.lwjgl.LwjglGraphics.createDisplayPixelFormat(ZII)V+243
j  com.badlogic.gdx.backends.lwjgl.LwjglGraphics.setupDisplay()V+592
j  com.badlogic.gdx.backends.lwjgl.LwjglApplication.mainLoop()V+9
j  com.badlogic.gdx.backends.lwjgl.LwjglApplication$1.run()V+27
v  ~StubRoutines::call_stub
V  [libjvm.dylib+0x394215]  _ZN9JavaCalls11call_helperEP9JavaValueRK12methodHandleP17JavaCallArgumentsP6Thread+0x207
V  [libjvm.dylib+0x39365a]  _ZN9JavaCalls12call_virtualEP9JavaValueP5KlassP6SymbolS5_P17JavaCallArgumentsP6Thread+0xea
V  [libjvm.dylib+0x39371a]  _ZN9JavaCalls12call_virtualEP9JavaValue6HandleP5KlassP6SymbolS6_P6Thread+0x62
V  [libjvm.dylib+0x41cc0e]  _ZL12thread_entryP10JavaThreadP6Thread+0x78
V  [libjvm.dylib+0x73ebf4]  _ZN10JavaThread17thread_main_innerEv+0x82
V  [libjvm.dylib+0x73ea4e]  _ZN10JavaThread3runEv+0x126
V  [libjvm.dylib+0x73c914]  _ZN6Thread8call_runEv+0x68
V  [libjvm.dylib+0x6421ff]  _ZL19thread_native_entryP6Thread+0x122
C  [libsystem_pthread.dylib+0x64e1]  _pthread_start+0x7d
C  [libsystem_pthread.dylib+0x1f6b]  thread_start+0xf

Java frames: (J=compiled Java code, j=interpreted, Vv=VM code)
j  org.lwjgl.opengl.MacOSXContextImplementation.setView(Ljava/nio/ByteBuffer;Ljava/nio/ByteBuffer;)V+0
j  org.lwjgl.opengl.MacOSXContextImplementation.makeCurrent(Lorg/lwjgl/opengl/PeerInfo;Ljava/nio/ByteBuffer;)V+7
j  org.lwjgl.opengl.ContextGL.makeCurrent()V+46
j  org.lwjgl.opengl.DrawableGL.makeCurrent()V+14
j  org.lwjgl.opengl.Display.makeCurrent()V+3
j  org.lwjgl.opengl.Display.makeCurrentAndSetSwapInterval()V+0
j  org.lwjgl.opengl.Display.create(Lorg/lwjgl/opengl/PixelFormat;Lorg/lwjgl/opengl/Drawable;Lorg/lwjgl/opengl/ContextAttribs;)V+108
j  org.lwjgl.opengl.Display.create(Lorg/lwjgl/opengl/PixelFormat;)V+12
j  com.badlogic.gdx.backends.lwjgl.LwjglGraphics.createDisplayPixelFormat(ZII)V+243
j  com.badlogic.gdx.backends.lwjgl.LwjglGraphics.setupDisplay()V+592
j  com.badlogic.gdx.backends.lwjgl.LwjglApplication.mainLoop()V+9
j  com.badlogic.gdx.backends.lwjgl.LwjglApplication$1.run()V+27
v  ~StubRoutines::call_stub

siginfo: si_signo: 11 (SIGSEGV), si_code: 1 (SEGV_MAPERR), si_addr: 0x00007869f7ca2270

Register to memory mapping:

RAX=0x0000f869f7ca2250 is an unknown value
RBX=0x0000000000000001 is an unknown value
RCX=0x00007869f7ca2250 is an unknown value
RDX=0x0 is NULL
RSP=0x000070000d124428 is pointing into the stack for thread: 0x00007faa4128b000
RBP=0x000070000d124460 is pointing into the stack for thread: 0x00007faa4128b000
RSI=0x00007ff8280521cf: <offset 0x1a5db1cf> in /usr/lib/libobjc.A.dylib at 0x00007ff80da77000
RDI=0x0000600000d02250 points into unknown readable memory: 0x0000f869f7ca2250 | 50 22 ca f7 69 f8 00 00
R8 =0x00007faa40b510c8 points into unknown readable memory: 0x0000000000000000 | 00 00 00 00 00 00 00 00
R9 =0x0 is NULL
R10=0x00006000031560a0 points into unknown readable memory: 0x00006000031561c0 | c0 61 15 03 00 60 00 00
R11=0x00007ff8106bb6a4: -[NSResponder release]+0 in /System/Library/Frameworks/AppKit.framework/Versions/C/AppKit at 0x00007ff8106b0000
R12=0x0000600000d02250 points into unknown readable memory: 0x0000f869f7ca2250 | 50 22 ca f7 69 f8 00 00
R13=0xa3a3a3a3a3a3a3a3 is an unknown value
R14=0x00007faa412e0068 points into unknown readable memory: 0x0000000000000000 | 00 00 00 00 00 00 00 00
R15=0x00007faa412e0000 points into unknown readable memory: 0x4f545541a1a1a1a1 | a1 a1 a1 a1 41 55 54 4f


Registers:
RAX=0x0000f869f7ca2250, RBX=0x0000000000000001, RCX=0x00007869f7ca2250, RDX=0x0000000000000000
RSP=0x000070000d124428, RBP=0x000070000d124460, RSI=0x00007ff8280521cf, RDI=0x0000600000d02250
R8 =0x00007faa40b510c8, R9 =0x0000000000000000, R10=0x00006000031560a0, R11=0x00007ff8106bb6a4
R12=0x0000600000d02250, R13=0xa3a3a3a3a3a3a3a3, R14=0x00007faa412e0068, R15=0x00007faa412e0000
RIP=0x00007ff80da80e2f, EFLAGS=0x0000000000010206, ERR=0x0000000000000004
  TRAPNO=0x000000000000000e

Top of Stack: (sp=0x000070000d124428)
0x000070000d124428:   00007ff80da84dea dd152e89095a00df
0x000070000d124438:   00007faa412e0000 0000600000d58450
0x000070000d124448:   0000000134a2a7d8 00007ff8280521cf
0x000070000d124458:   0000600000d58450 000070000d124480
0x000070000d124468:   00007ff80da81d6f dd152e89095a00df
0x000070000d124478:   00007faa412e0068 000070000d1244a0
0x000070000d124488:   00007ff80dc73ada dd152e89095a00df
0x000070000d124498:   0000600002743f00 000070000d1244e0
0x000070000d1244a8:   00007ff80eacd991 00007ff84daea7a0
0x000070000d1244b8:   0000000000000000 dd152e89095a00df
0x000070000d1244c8:   0000600002743f00 0000600000d050b0
0x000070000d1244d8:   00007faa4128b348 000070000d124510
0x000070000d1244e8:   000000013494ccce 0000000134a2a7e0
0x000070000d1244f8:   0000000000000000 000070000d1245a8
0x000070000d124508:   00007faa4128b000 000070000d124580
0x000070000d124518:   0000000114a12710 000070000d124580
0x000070000d124528:   0000000114a1245e 0000000114a12416
0x000070000d124538:   000070000d124538 0000000134a2a7d8
0x000070000d124548:   000070000d1245a8 0000000134a2ad48
0x000070000d124558:   0000000000000000 0000000787673e30
0x000070000d124568:   0000000134a2a7e0 0000000000000000
0x000070000d124578:   000070000d1245a0 000070000d1245f8
0x000070000d124588:   0000000114a0cf67 0000000787673e30
0x000070000d124598:   0000000114a0f7b8 0000000787680910
0x000070000d1245a8:   000000078762b0c8 000070000d1245b0
0x000070000d1245b8:   0000000134a2a6df 000070000d124628
0x000070000d1245c8:   0000000134a2ad48 0000000000000000
0x000070000d1245d8:   0000000787673e30 0000000134a2a750
0x000070000d1245e8:   000070000d1245a0 000070000d124618
0x000070000d1245f8:   000070000d124688 0000000114a0cfac
0x000070000d124608:   0000000000000000 000000078762b0c8
0x000070000d124618:   0000000787680910 000000078762b008 

Instructions: (pc=0x00007ff80da80e2f)
0x00007ff80da80e0f:   c3 48 85 ff 74 76 89 f8 83 e0 01 48 85 c0 75 6c
0x00007ff80da80e1f:   48 8b 07 48 b9 f8 ff ff ff ff 7f 00 00 48 21 c1
0x00007ff80da80e2f:   48 8b 51 20 f6 c2 04 74 54 a8 01 74 72 48 b9 00
0x00007ff80da80e3f:   00 00 00 00 00 80 00 48 ba 00 00 00 00 00 00 00 

Stack slot to memory mapping:
stack at sp + 0 slots: 0x00007ff80da84dea: _ZN19AutoreleasePoolPage12releaseUntilEPP11objc_object+0xa4 in /usr/lib/libobjc.A.dylib at 0x00007ff80da77000
stack at sp + 1 slots: 0xdd152e89095a00df is an unknown value
stack at sp + 2 slots: 0x00007faa412e0000 points into unknown readable memory: 0x4f545541a1a1a1a1 | a1 a1 a1 a1 41 55 54 4f
stack at sp + 3 slots: 0x0000600000d58450 points into unknown readable memory: 0x011dfff84f1cf8f9 | f9 f8 1c 4f f8 ff 1d 01
stack at sp + 4 slots: 0x0000000134a2a7d8 is pointing into metadata
stack at sp + 5 slots: 0x00007ff8280521cf: <offset 0x1a5db1cf> in /usr/lib/libobjc.A.dylib at 0x00007ff80da77000
stack at sp + 6 slots: 0x0000600000d58450 points into unknown readable memory: 0x011dfff84f1cf8f9 | f9 f8 1c 4f f8 ff 1d 01
stack at sp + 7 slots: 0x000070000d124480 is pointing into the stack for thread: 0x00007faa4128b000


---------------  P R O C E S S  ---------------

Threads class SMR info:
_java_thread_list=0x00006000003014e0, length=12, elements={
0x00007faa40862800, 0x00007faa42825800, 0x00007faa4200e800, 0x00007faa4107e800,
0x00007faa4108d800, 0x00007faa4108e800, 0x00007faa4108f800, 0x00007faa40868800,
0x00007faa4201f800, 0x00007faa4128b000, 0x00007faa42808800, 0x00007faa40b39000
}

Java Threads: ( => current thread )
  0x00007faa40862800 JavaThread "Reference Handler" daemon [_thread_blocked, id=18435, stack(0x000070000c0ec000,0x000070000c1ec000)]
  0x00007faa42825800 JavaThread "Finalizer" daemon [_thread_blocked, id=17923, stack(0x000070000c1ef000,0x000070000c2ef000)]
  0x00007faa4200e800 JavaThread "Signal Dispatcher" daemon [_thread_blocked, id=15363, stack(0x000070000c3f8000,0x000070000c4f8000)]
  0x00007faa4107e800 JavaThread "Service Thread" daemon [_thread_blocked, id=21763, stack(0x000070000c4fb000,0x000070000c5fb000)]
  0x00007faa4108d800 JavaThread "C2 CompilerThread0" daemon [_thread_blocked, id=22019, stack(0x000070000c5fe000,0x000070000c6fe000)]
  0x00007faa4108e800 JavaThread "C1 CompilerThread0" daemon [_thread_blocked, id=22275, stack(0x000070000c701000,0x000070000c801000)]
  0x00007faa4108f800 JavaThread "Sweeper thread" daemon [_thread_blocked, id=22531, stack(0x000070000c804000,0x000070000c904000)]
  0x00007faa40868800 JavaThread "Common-Cleaner" daemon [_thread_blocked, id=40963, stack(0x000070000ca0a000,0x000070000cb0a000)]
  0x00007faa4201f800 JavaThread "AppKit Thread" daemon [_thread_in_native, id=259, stack(0x00007ff7b44e7000,0x00007ff7b4ce7000)]
=>0x00007faa4128b000 JavaThread "LWJGL Application" [_thread_in_native, id=59907, stack(0x000070000d025000,0x000070000d125000)]
  0x00007faa42808800 JavaThread "DestroyJavaVM" [_thread_blocked, id=6147, stack(0x000070000b9d7000,0x000070000bad7000)]
  0x00007faa40b39000 JavaThread "AWT-Shutdown" [_thread_blocked, id=61187, stack(0x000070000cf22000,0x000070000d022000)]

Other Threads:
  0x00007faa41075800 VMThread "VM Thread" [stack: 0x000070000bfe9000,0x000070000c0e9000] [id=13571]
  0x00007faa40865000 WatcherThread [stack: 0x000070000c907000,0x000070000ca07000] [id=41731]
  0x00007faa4280c800 GCTaskThread "GC Thread#0" [stack: 0x000070000bada000,0x000070000bbda000] [id=20739]
  0x00007faa40833800 ConcurrentGCThread "G1 Main Marker" [stack: 0x000070000bbdd000,0x000070000bcdd000] [id=11267]
  0x00007faa40834000 ConcurrentGCThread "G1 Conc#0" [stack: 0x000070000bce0000,0x000070000bde0000] [id=19971]
  0x00007faa41060000 ConcurrentGCThread "G1 Refine#0" [stack: 0x000070000bde3000,0x000070000bee3000] [id=12291]
  0x00007faa41060800 ConcurrentGCThread "G1 Young RemSet Sampling" [stack: 0x000070000bee6000,0x000070000bfe6000] [id=19715]

Threads with active compile tasks:

VM state:not at safepoint (normal execution)

VM Mutex/Monitor currently owned by a thread: None

Heap address: 0x0000000780000000, size: 2048 MB, Compressed Oops mode: Zero based, Oop shift amount: 3
Narrow klass base: 0x0000000800000000, Narrow klass shift: 0
Compressed class space size: 1073741824 Address: 0x0000000800000000

Heap:
 garbage-first heap   total 131072K, used 12288K [0x0000000780000000, 0x0000000800000000)
  region size 1024K, 10 young (10240K), 0 survivors (0K)
 Metaspace       used 9398K, capacity 9571K, committed 9728K, reserved 1058816K
  class space    used 867K, capacity 959K, committed 1024K, reserved 1048576K
Heap Regions: E=young(eden), S=young(survivor), O=old, HS=humongous(starts), HC=humongous(continues), CS=collection set, F=free, A=archive, TAMS=top-at-mark-start (previous, next)
|   0|0x0000000780000000, 0x0000000780100000, 0x0000000780100000|100%|HS|  |TAMS 0x0000000780000000, 0x0000000780000000| Complete 
|   1|0x0000000780100000, 0x0000000780200000, 0x0000000780200000|100%|HC|  |TAMS 0x0000000780100000, 0x0000000780100000| Complete 
|   2|0x0000000780200000, 0x0000000780300000, 0x0000000780300000|100%|HS|  |TAMS 0x0000000780200000, 0x0000000780200000| Complete 
|   3|0x0000000780300000, 0x0000000780300000, 0x0000000780400000|  0%| F|  |TAMS 0x0000000780300000, 0x0000000780300000| Untracked 
|   4|0x0000000780400000, 0x0000000780400000, 0x0000000780500000|  0%| F|  |TAMS 0x0000000780400000, 0x0000000780400000| Untracked 
|   5|0x0000000780500000, 0x0000000780500000, 0x0000000780600000|  0%| F|  |TAMS 0x0000000780500000, 0x0000000780500000| Untracked 
|   6|0x0000000780600000, 0x0000000780600000, 0x0000000780700000|  0%| F|  |TAMS 0x0000000780600000, 0x0000000780600000| Untracked 
|   7|0x0000000780700000, 0x0000000780700000, 0x0000000780800000|  0%| F|  |TAMS 0x0000000780700000, 0x0000000780700000| Untracked 
|   8|0x0000000780800000, 0x0000000780800000, 0x0000000780900000|  0%| F|  |TAMS 0x0000000780800000, 0x0000000780800000| Untracked 
|   9|0x0000000780900000, 0x0000000780900000, 0x0000000780a00000|  0%| F|  |TAMS 0x0000000780900000, 0x0000000780900000| Untracked 
|  10|0x0000000780a00000, 0x0000000780a00000, 0x0000000780b00000|  0%| F|  |TAMS 0x0000000780a00000, 0x0000000780a00000| Untracked 
|  11|0x0000000780b00000, 0x0000000780b00000, 0x0000000780c00000|  0%| F|  |TAMS 0x0000000780b00000, 0x0000000780b00000| Untracked 
|  12|0x0000000780c00000, 0x0000000780c00000, 0x0000000780d00000|  0%| F|  |TAMS 0x0000000780c00000, 0x0000000780c00000| Untracked 
|  13|0x0000000780d00000, 0x0000000780d00000, 0x0000000780e00000|  0%| F|  |TAMS 0x0000000780d00000, 0x0000000780d00000| Untracked 
|  14|0x0000000780e00000, 0x0000000780e00000, 0x0000000780f00000|  0%| F|  |TAMS 0x0000000780e00000, 0x0000000780e00000| Untracked 
|  15|0x0000000780f00000, 0x0000000780f00000, 0x0000000781000000|  0%| F|  |TAMS 0x0000000780f00000, 0x0000000780f00000| Untracked 
|  16|0x0000000781000000, 0x0000000781000000, 0x0000000781100000|  0%| F|  |TAMS 0x0000000781000000, 0x0000000781000000| Untracked 
|  17|0x0000000781100000, 0x0000000781100000, 0x0000000781200000|  0%| F|  |TAMS 0x0000000781100000, 0x0000000781100000| Untracked 
|  18|0x0000000781200000, 0x0000000781200000, 0x0000000781300000|  0%| F|  |TAMS 0x0000000781200000, 0x0000000781200000| Untracked 
|  19|0x0000000781300000, 0x0000000781300000, 0x0000000781400000|  0%| F|  |TAMS 0x0000000781300000, 0x0000000781300000| Untracked 
|  20|0x0000000781400000, 0x0000000781400000, 0x0000000781500000|  0%| F|  |TAMS 0x0000000781400000, 0x0000000781400000| Untracked 
|  21|0x0000000781500000, 0x0000000781500000, 0x0000000781600000|  0%| F|  |TAMS 0x0000000781500000, 0x0000000781500000| Untracked 
|  22|0x0000000781600000, 0x0000000781600000, 0x0000000781700000|  0%| F|  |TAMS 0x0000000781600000, 0x0000000781600000| Untracked 
|  23|0x0000000781700000, 0x0000000781700000, 0x0000000781800000|  0%| F|  |TAMS 0x0000000781700000, 0x0000000781700000| Untracked 
|  24|0x0000000781800000, 0x0000000781800000, 0x0000000781900000|  0%| F|  |TAMS 0x0000000781800000, 0x0000000781800000| Untracked 
|  25|0x0000000781900000, 0x0000000781900000, 0x0000000781a00000|  0%| F|  |TAMS 0x0000000781900000, 0x0000000781900000| Untracked 
|  26|0x0000000781a00000, 0x0000000781a00000, 0x0000000781b00000|  0%| F|  |TAMS 0x0000000781a00000, 0x0000000781a00000| Untracked 
|  27|0x0000000781b00000, 0x0000000781b00000, 0x0000000781c00000|  0%| F|  |TAMS 0x0000000781b00000, 0x0000000781b00000| Untracked 
|  28|0x0000000781c00000, 0x0000000781c00000, 0x0000000781d00000|  0%| F|  |TAMS 0x0000000781c00000, 0x0000000781c00000| Untracked 
|  29|0x0000000781d00000, 0x0000000781d00000, 0x0000000781e00000|  0%| F|  |TAMS 0x0000000781d00000, 0x0000000781d00000| Untracked 
|  30|0x0000000781e00000, 0x0000000781e00000, 0x0000000781f00000|  0%| F|  |TAMS 0x0000000781e00000, 0x0000000781e00000| Untracked 
|  31|0x0000000781f00000, 0x0000000781f00000, 0x0000000782000000|  0%| F|  |TAMS 0x0000000781f00000, 0x0000000781f00000| Untracked 
|  32|0x0000000782000000, 0x0000000782000000, 0x0000000782100000|  0%| F|  |TAMS 0x0000000782000000, 0x0000000782000000| Untracked 
|  33|0x0000000782100000, 0x0000000782100000, 0x0000000782200000|  0%| F|  |TAMS 0x0000000782100000, 0x0000000782100000| Untracked 
|  34|0x0000000782200000, 0x0000000782200000, 0x0000000782300000|  0%| F|  |TAMS 0x0000000782200000, 0x0000000782200000| Untracked 
|  35|0x0000000782300000, 0x0000000782300000, 0x0000000782400000|  0%| F|  |TAMS 0x0000000782300000, 0x0000000782300000| Untracked 
|  36|0x0000000782400000, 0x0000000782400000, 0x0000000782500000|  0%| F|  |TAMS 0x0000000782400000, 0x0000000782400000| Untracked 
|  37|0x0000000782500000, 0x0000000782500000, 0x0000000782600000|  0%| F|  |TAMS 0x0000000782500000, 0x0000000782500000| Untracked 
|  38|0x0000000782600000, 0x0000000782600000, 0x0000000782700000|  0%| F|  |TAMS 0x0000000782600000, 0x0000000782600000| Untracked 
|  39|0x0000000782700000, 0x0000000782700000, 0x0000000782800000|  0%| F|  |TAMS 0x0000000782700000, 0x0000000782700000| Untracked 
|  40|0x0000000782800000, 0x0000000782800000, 0x0000000782900000|  0%| F|  |TAMS 0x0000000782800000, 0x0000000782800000| Untracked 
|  41|0x0000000782900000, 0x0000000782900000, 0x0000000782a00000|  0%| F|  |TAMS 0x0000000782900000, 0x0000000782900000| Untracked 
|  42|0x0000000782a00000, 0x0000000782a00000, 0x0000000782b00000|  0%| F|  |TAMS 0x0000000782a00000, 0x0000000782a00000| Untracked 
|  43|0x0000000782b00000, 0x0000000782b00000, 0x0000000782c00000|  0%| F|  |TAMS 0x0000000782b00000, 0x0000000782b00000| Untracked 
|  44|0x0000000782c00000, 0x0000000782c00000, 0x0000000782d00000|  0%| F|  |TAMS 0x0000000782c00000, 0x0000000782c00000| Untracked 
|  45|0x0000000782d00000, 0x0000000782d00000, 0x0000000782e00000|  0%| F|  |TAMS 0x0000000782d00000, 0x0000000782d00000| Untracked 
|  46|0x0000000782e00000, 0x0000000782e00000, 0x0000000782f00000|  0%| F|  |TAMS 0x0000000782e00000, 0x0000000782e00000| Untracked 
|  47|0x0000000782f00000, 0x0000000782f00000, 0x0000000783000000|  0%| F|  |TAMS 0x0000000782f00000, 0x0000000782f00000| Untracked 
|  48|0x0000000783000000, 0x0000000783000000, 0x0000000783100000|  0%| F|  |TAMS 0x0000000783000000, 0x0000000783000000| Untracked 
|  49|0x0000000783100000, 0x0000000783100000, 0x0000000783200000|  0%| F|  |TAMS 0x0000000783100000, 0x0000000783100000| Untracked 
|  50|0x0000000783200000, 0x0000000783200000, 0x0000000783300000|  0%| F|  |TAMS 0x0000000783200000, 0x0000000783200000| Untracked 
|  51|0x0000000783300000, 0x0000000783300000, 0x0000000783400000|  0%| F|  |TAMS 0x0000000783300000, 0x0000000783300000| Untracked 
|  52|0x0000000783400000, 0x0000000783400000, 0x0000000783500000|  0%| F|  |TAMS 0x0000000783400000, 0x0000000783400000| Untracked 
|  53|0x0000000783500000, 0x0000000783500000, 0x0000000783600000|  0%| F|  |TAMS 0x0000000783500000, 0x0000000783500000| Untracked 
|  54|0x0000000783600000, 0x0000000783600000, 0x0000000783700000|  0%| F|  |TAMS 0x0000000783600000, 0x0000000783600000| Untracked 
|  55|0x0000000783700000, 0x0000000783700000, 0x0000000783800000|  0%| F|  |TAMS 0x0000000783700000, 0x0000000783700000| Untracked 
|  56|0x0000000783800000, 0x0000000783800000, 0x0000000783900000|  0%| F|  |TAMS 0x0000000783800000, 0x0000000783800000| Untracked 
|  57|0x0000000783900000, 0x0000000783900000, 0x0000000783a00000|  0%| F|  |TAMS 0x0000000783900000, 0x0000000783900000| Untracked 
|  58|0x0000000783a00000, 0x0000000783a00000, 0x0000000783b00000|  0%| F|  |TAMS 0x0000000783a00000, 0x0000000783a00000| Untracked 
|  59|0x0000000783b00000, 0x0000000783b00000, 0x0000000783c00000|  0%| F|  |TAMS 0x0000000783b00000, 0x0000000783b00000| Untracked 
|  60|0x0000000783c00000, 0x0000000783c00000, 0x0000000783d00000|  0%| F|  |TAMS 0x0000000783c00000, 0x0000000783c00000| Untracked 
|  61|0x0000000783d00000, 0x0000000783d00000, 0x0000000783e00000|  0%| F|  |TAMS 0x0000000783d00000, 0x0000000783d00000| Untracked 
|  62|0x0000000783e00000, 0x0000000783e00000, 0x0000000783f00000|  0%| F|  |TAMS 0x0000000783e00000, 0x0000000783e00000| Untracked 
|  63|0x0000000783f00000, 0x0000000783f00000, 0x0000000784000000|  0%| F|  |TAMS 0x0000000783f00000, 0x0000000783f00000| Untracked 
|  64|0x0000000784000000, 0x0000000784000000, 0x0000000784100000|  0%| F|  |TAMS 0x0000000784000000, 0x0000000784000000| Untracked 
|  65|0x0000000784100000, 0x0000000784100000, 0x0000000784200000|  0%| F|  |TAMS 0x0000000784100000, 0x0000000784100000| Untracked 
|  66|0x0000000784200000, 0x0000000784200000, 0x0000000784300000|  0%| F|  |TAMS 0x0000000784200000, 0x0000000784200000| Untracked 
|  67|0x0000000784300000, 0x0000000784300000, 0x0000000784400000|  0%| F|  |TAMS 0x0000000784300000, 0x0000000784300000| Untracked 
|  68|0x0000000784400000, 0x0000000784400000, 0x0000000784500000|  0%| F|  |TAMS 0x0000000784400000, 0x0000000784400000| Untracked 
|  69|0x0000000784500000, 0x0000000784500000, 0x0000000784600000|  0%| F|  |TAMS 0x0000000784500000, 0x0000000784500000| Untracked 
|  70|0x0000000784600000, 0x0000000784600000, 0x0000000784700000|  0%| F|  |TAMS 0x0000000784600000, 0x0000000784600000| Untracked 
|  71|0x0000000784700000, 0x0000000784700000, 0x0000000784800000|  0%| F|  |TAMS 0x0000000784700000, 0x0000000784700000| Untracked 
|  72|0x0000000784800000, 0x0000000784800000, 0x0000000784900000|  0%| F|  |TAMS 0x0000000784800000, 0x0000000784800000| Untracked 
|  73|0x0000000784900000, 0x0000000784900000, 0x0000000784a00000|  0%| F|  |TAMS 0x0000000784900000, 0x0000000784900000| Untracked 
|  74|0x0000000784a00000, 0x0000000784a00000, 0x0000000784b00000|  0%| F|  |TAMS 0x0000000784a00000, 0x0000000784a00000| Untracked 
|  75|0x0000000784b00000, 0x0000000784b00000, 0x0000000784c00000|  0%| F|  |TAMS 0x0000000784b00000, 0x0000000784b00000| Untracked 
|  76|0x0000000784c00000, 0x0000000784c00000, 0x0000000784d00000|  0%| F|  |TAMS 0x0000000784c00000, 0x0000000784c00000| Untracked 
|  77|0x0000000784d00000, 0x0000000784d00000, 0x0000000784e00000|  0%| F|  |TAMS 0x0000000784d00000, 0x0000000784d00000| Untracked 
|  78|0x0000000784e00000, 0x0000000784e00000, 0x0000000784f00000|  0%| F|  |TAMS 0x0000000784e00000, 0x0000000784e00000| Untracked 
|  79|0x0000000784f00000, 0x0000000784f00000, 0x0000000785000000|  0%| F|  |TAMS 0x0000000784f00000, 0x0000000784f00000| Untracked 
|  80|0x0000000785000000, 0x0000000785000000, 0x0000000785100000|  0%| F|  |TAMS 0x0000000785000000, 0x0000000785000000| Untracked 
|  81|0x0000000785100000, 0x0000000785100000, 0x0000000785200000|  0%| F|  |TAMS 0x0000000785100000, 0x0000000785100000| Untracked 
|  82|0x0000000785200000, 0x0000000785200000, 0x0000000785300000|  0%| F|  |TAMS 0x0000000785200000, 0x0000000785200000| Untracked 
|  83|0x0000000785300000, 0x0000000785300000, 0x0000000785400000|  0%| F|  |TAMS 0x0000000785300000, 0x0000000785300000| Untracked 
|  84|0x0000000785400000, 0x0000000785400000, 0x0000000785500000|  0%| F|  |TAMS 0x0000000785400000, 0x0000000785400000| Untracked 
|  85|0x0000000785500000, 0x0000000785500000, 0x0000000785600000|  0%| F|  |TAMS 0x0000000785500000, 0x0000000785500000| Untracked 
|  86|0x0000000785600000, 0x0000000785600000, 0x0000000785700000|  0%| F|  |TAMS 0x0000000785600000, 0x0000000785600000| Untracked 
|  87|0x0000000785700000, 0x0000000785700000, 0x0000000785800000|  0%| F|  |TAMS 0x0000000785700000, 0x0000000785700000| Untracked 
|  88|0x0000000785800000, 0x0000000785800000, 0x0000000785900000|  0%| F|  |TAMS 0x0000000785800000, 0x0000000785800000| Untracked 
|  89|0x0000000785900000, 0x0000000785900000, 0x0000000785a00000|  0%| F|  |TAMS 0x0000000785900000, 0x0000000785900000| Untracked 
|  90|0x0000000785a00000, 0x0000000785a00000, 0x0000000785b00000|  0%| F|  |TAMS 0x0000000785a00000, 0x0000000785a00000| Untracked 
|  91|0x0000000785b00000, 0x0000000785b00000, 0x0000000785c00000|  0%| F|  |TAMS 0x0000000785b00000, 0x0000000785b00000| Untracked 
|  92|0x0000000785c00000, 0x0000000785c00000, 0x0000000785d00000|  0%| F|  |TAMS 0x0000000785c00000, 0x0000000785c00000| Untracked 
|  93|0x0000000785d00000, 0x0000000785d00000, 0x0000000785e00000|  0%| F|  |TAMS 0x0000000785d00000, 0x0000000785d00000| Untracked 
|  94|0x0000000785e00000, 0x0000000785e00000, 0x0000000785f00000|  0%| F|  |TAMS 0x0000000785e00000, 0x0000000785e00000| Untracked 
|  95|0x0000000785f00000, 0x0000000785f00000, 0x0000000786000000|  0%| F|  |TAMS 0x0000000785f00000, 0x0000000785f00000| Untracked 
|  96|0x0000000786000000, 0x0000000786000000, 0x0000000786100000|  0%| F|  |TAMS 0x0000000786000000, 0x0000000786000000| Untracked 
|  97|0x0000000786100000, 0x0000000786100000, 0x0000000786200000|  0%| F|  |TAMS 0x0000000786100000, 0x0000000786100000| Untracked 
|  98|0x0000000786200000, 0x0000000786200000, 0x0000000786300000|  0%| F|  |TAMS 0x0000000786200000, 0x0000000786200000| Untracked 
|  99|0x0000000786300000, 0x0000000786300000, 0x0000000786400000|  0%| F|  |TAMS 0x0000000786300000, 0x0000000786300000| Untracked 
| 100|0x0000000786400000, 0x0000000786400000, 0x0000000786500000|  0%| F|  |TAMS 0x0000000786400000, 0x0000000786400000| Untracked 
| 101|0x0000000786500000, 0x0000000786500000, 0x0000000786600000|  0%| F|  |TAMS 0x0000000786500000, 0x0000000786500000| Untracked 
| 102|0x0000000786600000, 0x0000000786600000, 0x0000000786700000|  0%| F|  |TAMS 0x0000000786600000, 0x0000000786600000| Untracked 
| 103|0x0000000786700000, 0x0000000786700000, 0x0000000786800000|  0%| F|  |TAMS 0x0000000786700000, 0x0000000786700000| Untracked 
| 104|0x0000000786800000, 0x0000000786800000, 0x0000000786900000|  0%| F|  |TAMS 0x0000000786800000, 0x0000000786800000| Untracked 
| 105|0x0000000786900000, 0x0000000786900000, 0x0000000786a00000|  0%| F|  |TAMS 0x0000000786900000, 0x0000000786900000| Untracked 
| 106|0x0000000786a00000, 0x0000000786a00000, 0x0000000786b00000|  0%| F|  |TAMS 0x0000000786a00000, 0x0000000786a00000| Untracked 
| 107|0x0000000786b00000, 0x0000000786b00000, 0x0000000786c00000|  0%| F|  |TAMS 0x0000000786b00000, 0x0000000786b00000| Untracked 
| 108|0x0000000786c00000, 0x0000000786c00000, 0x0000000786d00000|  0%| F|  |TAMS 0x0000000786c00000, 0x0000000786c00000| Untracked 
| 109|0x0000000786d00000, 0x0000000786d00000, 0x0000000786e00000|  0%| F|  |TAMS 0x0000000786d00000, 0x0000000786d00000| Untracked 
| 110|0x0000000786e00000, 0x0000000786e00000, 0x0000000786f00000|  0%| F|  |TAMS 0x0000000786e00000, 0x0000000786e00000| Untracked 
| 111|0x0000000786f00000, 0x0000000786f00000, 0x0000000787000000|  0%| F|  |TAMS 0x0000000786f00000, 0x0000000786f00000| Untracked 
| 112|0x0000000787000000, 0x0000000787000000, 0x0000000787100000|  0%| F|  |TAMS 0x0000000787000000, 0x0000000787000000| Untracked 
| 113|0x0000000787100000, 0x0000000787100000, 0x0000000787200000|  0%| F|  |TAMS 0x0000000787100000, 0x0000000787100000| Untracked 
| 114|0x0000000787200000, 0x0000000787200000, 0x0000000787300000|  0%| F|  |TAMS 0x0000000787200000, 0x0000000787200000| Untracked 
| 115|0x0000000787300000, 0x0000000787300000, 0x0000000787400000|  0%| F|  |TAMS 0x0000000787300000, 0x0000000787300000| Untracked 
| 116|0x0000000787400000, 0x0000000787400000, 0x0000000787500000|  0%| F|  |TAMS 0x0000000787400000, 0x0000000787400000| Untracked 
| 117|0x0000000787500000, 0x0000000787500000, 0x0000000787600000|  0%| F|  |TAMS 0x0000000787500000, 0x0000000787500000| Untracked 
| 118|0x0000000787600000, 0x0000000787691be0, 0x0000000787700000| 56%| E|  |TAMS 0x0000000787600000, 0x0000000787600000| Complete 
| 119|0x0000000787700000, 0x0000000787800000, 0x0000000787800000|100%| E|CS|TAMS 0x0000000787700000, 0x0000000787700000| Complete 
| 120|0x0000000787800000, 0x0000000787900000, 0x0000000787900000|100%| E|CS|TAMS 0x0000000787800000, 0x0000000787800000| Complete 
| 121|0x0000000787900000, 0x0000000787a00000, 0x0000000787a00000|100%| E|CS|TAMS 0x0000000787900000, 0x0000000787900000| Complete 
| 122|0x0000000787a00000, 0x0000000787b00000, 0x0000000787b00000|100%| E|CS|TAMS 0x0000000787a00000, 0x0000000787a00000| Complete 
| 123|0x0000000787b00000, 0x0000000787c00000, 0x0000000787c00000|100%| E|CS|TAMS 0x0000000787b00000, 0x0000000787b00000| Complete 
| 124|0x0000000787c00000, 0x0000000787d00000, 0x0000000787d00000|100%| E|CS|TAMS 0x0000000787c00000, 0x0000000787c00000| Complete 
| 125|0x0000000787d00000, 0x0000000787e00000, 0x0000000787e00000|100%| E|CS|TAMS 0x0000000787d00000, 0x0000000787d00000| Complete 
| 126|0x0000000787e00000, 0x0000000787f00000, 0x0000000787f00000|100%| E|CS|TAMS 0x0000000787e00000, 0x0000000787e00000| Complete 
| 127|0x0000000787f00000, 0x0000000788000000, 0x0000000788000000|100%| E|CS|TAMS 0x0000000787f00000, 0x0000000787f00000| Complete 

Card table byte_map: [0x000000010bc07000,0x000000010c007000] _byte_map_base: 0x0000000108007000

Marking Bits (Prev, Next): (CMBitMap*) 0x00007faa4082aa18, (CMBitMap*) 0x00007faa4082aa50
 Prev Bits: [0x0000000123a03000, 0x0000000125a03000)
 Next Bits: [0x0000000125a03000, 0x0000000127a03000)

Polling page: 0x000000010b340000

Metaspace:

Usage:
  Non-class:      8.41 MB capacity,     8.33 MB (>99%) used,    67.91 KB ( <1%) free+waste,    13.06 KB ( <1%) overhead. 
      Class:    959.00 KB capacity,   867.38 KB ( 90%) used,    85.19 KB (  9%) free+waste,     6.44 KB ( <1%) overhead. 
       Both:      9.35 MB capacity,     9.18 MB ( 98%) used,   153.09 KB (  2%) free+waste,    19.50 KB ( <1%) overhead. 

Virtual space:
  Non-class space:       10.00 MB reserved,       8.50 MB ( 85%) committed 
      Class space:        1.00 GB reserved,       1.00 MB ( <1%) committed 
             Both:        1.01 GB reserved,       9.50 MB ( <1%) committed 

Chunk freelists:
   Non-Class:  3.50 KB
       Class:  128 bytes
        Both:  3.62 KB

CodeHeap 'non-profiled nmethods': size=120032Kb used=180Kb max_used=180Kb free=119852Kb
 bounds [0x000000011c4cb000, 0x000000011c73b000, 0x0000000123a03000]
CodeHeap 'profiled nmethods': size=120032Kb used=1138Kb max_used=1138Kb free=118893Kb
 bounds [0x0000000114f93000, 0x0000000115203000, 0x000000011c4cb000]
CodeHeap 'non-nmethods': size=5696Kb used=1081Kb max_used=1085Kb free=4615Kb
 bounds [0x0000000114a03000, 0x0000000114c73000, 0x0000000114f93000]
 total_blobs=1078 nmethods=683 adapters=308
 compilation: enabled
              stopped_count=0, restarted_count=0
 full_count=0

Compilation events (10 events):
Event: 25.791 Thread 0x00007faa4108e800  679       3       java.lang.ClassLoader::loadClass (7 bytes)
Event: 25.791 Thread 0x00007faa4108e800 nmethod 679 0x00000001150ad810 code [0x00000001150ad9c0, 0x00000001150adb80]
Event: 25.791 Thread 0x00007faa4108e800  680       3       jdk.internal.loader.ClassLoaders$AppClassLoader::loadClass (40 bytes)
Event: 25.792 Thread 0x00007faa4108e800 nmethod 680 0x00000001150adc10 code [0x00000001150ade60, 0x00000001150ae710]
Event: 25.885 Thread 0x00007faa4108e800  682       3       java.lang.Integer::valueOf (32 bytes)
Event: 25.886 Thread 0x00007faa4108e800 nmethod 682 0x00000001150aea90 code [0x00000001150aec60, 0x00000001150aef70]
Event: 25.886 Thread 0x00007faa4108e800  683       3       java.nio.Buffer::remaining (20 bytes)
Event: 25.886 Thread 0x00007faa4108e800 nmethod 683 0x00000001150af110 code [0x00000001150af2c0, 0x00000001150af410]
Event: 25.886 Thread 0x00007faa4108e800  681       3       java.lang.Short::<init> (10 bytes)
Event: 25.886 Thread 0x00007faa4108e800 nmethod 681 0x00000001150af490 code [0x00000001150af640, 0x00000001150af7f0]

GC Heap History (0 events):
No events

Deoptimization events (3 events):
Event: 1.116 Thread 0x00007faa42808800 Uncommon trap: reason=unstable_if action=reinterpret pc=0x000000011c4cf894 method=java.lang.String.hashCode()I @ 14 c2
Event: 6.688 Thread 0x00007faa42808800 Uncommon trap: reason=unstable_if action=reinterpret pc=0x000000011c4d7ef0 method=java.lang.String.startsWith(Ljava/lang/String;I)Z @ 1 c2
Event: 6.694 Thread 0x00007faa42808800 Uncommon trap: reason=unstable_if action=reinterpret pc=0x000000011c4d8a80 method=java.lang.StringLatin1.indexOf([BI[BII)I @ 91 c2

Classes redefined (0 events):
No events

Internal exceptions (10 events):
Event: 21.396 Thread 0x00007faa42808800 Exception <a 'java/security/PrivilegedActionException'{0x00000007879dbce0}> (0x00000007879dbce0) thrown at [open/src/hotspot/share/prims/jvm.cpp, line 1305]
Event: 21.396 Thread 0x00007faa42808800 Exception <a 'java/security/PrivilegedActionException'{0x00000007879dc860}> (0x00000007879dc860) thrown at [open/src/hotspot/share/prims/jvm.cpp, line 1305]
Event: 23.380 Thread 0x00007faa42808800 Exception <a 'org/lwjgl/LWJGLException'{0x00000007878324a0}: Could not load OpenAL library> (0x00000007878324a0) thrown at [open/src/hotspot/share/prims/jni.cpp, line 632]
Event: 23.380 Thread 0x00007faa42808800 Exception <a 'org/lwjgl/LWJGLException'{0x0000000787832978}: Could not load OpenAL library> (0x0000000787832978) thrown at [open/src/hotspot/share/prims/jni.cpp, line 632]
Event: 23.380 Thread 0x00007faa42808800 Exception <a 'org/lwjgl/LWJGLException'{0x0000000787832e10}: Could not load OpenAL library> (0x0000000787832e10) thrown at [open/src/hotspot/share/prims/jni.cpp, line 632]
Event: 23.380 Thread 0x00007faa42808800 Exception <a 'org/lwjgl/LWJGLException'{0x00000007878332c8}: Could not load OpenAL library> (0x00000007878332c8) thrown at [open/src/hotspot/share/prims/jni.cpp, line 632]
Event: 23.380 Thread 0x00007faa42808800 Exception <a 'org/lwjgl/LWJGLException'{0x0000000787833778}: Could not load OpenAL library> (0x0000000787833778) thrown at [open/src/hotspot/share/prims/jni.cpp, line 632]
Event: 23.380 Thread 0x00007faa42808800 Exception <a 'org/lwjgl/LWJGLException'{0x0000000787833be0}: Could not load OpenAL library> (0x0000000787833be0) thrown at [open/src/hotspot/share/prims/jni.cpp, line 632]
Event: 23.380 Thread 0x00007faa42808800 Exception <a 'org/lwjgl/LWJGLException'{0x0000000787834028}: Could not load OpenAL library> (0x0000000787834028) thrown at [open/src/hotspot/share/prims/jni.cpp, line 632]
Event: 23.380 Thread 0x00007faa42808800 Exception <a 'org/lwjgl/LWJGLException'{0x0000000787834570}: Could not load OpenAL library> (0x0000000787834570) thrown at [open/src/hotspot/share/prims/jni.cpp, line 632]

Events (10 events):
Event: 25.904 loading class org/lwjgl/opengl/ContextImplementation
Event: 25.904 loading class org/lwjgl/opengl/ContextImplementation done
Event: 25.905 loading class org/lwjgl/opengl/MacOSXContextImplementation
Event: 25.905 loading class org/lwjgl/opengl/MacOSXContextImplementation done
Event: 25.905 loading class org/lwjgl/opengl/GLContext
Event: 25.905 loading class org/lwjgl/opengl/GLContext done
Event: 26.045 loading class java/lang/NumberFormatException
Event: 26.045 loading class java/lang/NumberFormatException done
Event: 26.045 loading class org/lwjgl/opengl/GLContext$CapabilitiesCacheEntry
Event: 26.045 loading class org/lwjgl/opengl/GLContext$CapabilitiesCacheEntry done


Dynamic libraries:
0x000000010b342000 	/Library/Java/JavaVirtualMachines/jdk-11.jdk/Contents/Home/lib/jli/libjli.dylib
0x00007ff824a7d000 	/System/Library/Frameworks/Cocoa.framework/Versions/A/Cocoa
0x00007ff8106b0000 	/System/Library/Frameworks/AppKit.framework/Versions/C/AppKit
0x00007ff813bc6000 	/System/Library/Frameworks/CoreData.framework/Versions/A/CoreData
0x00007ff80eaaf000 	/System/Library/Frameworks/Foundation.framework/Versions/C/Foundation
0x00007ff8189e9000 	/usr/lib/libSystem.B.dylib
0x00007ff811540000 	/System/Library/PrivateFrameworks/UIFoundation.framework/Versions/A/UIFoundation
0x00007ff81e963000 	/System/Library/PrivateFrameworks/RemoteViewServices.framework/Versions/A/RemoteViewServices
0x00007ff816c3c000 	/System/Library/PrivateFrameworks/XCTTargetBootstrap.framework/Versions/A/XCTTargetBootstrap
0x00007ff81a7f9000 	/System/Library/PrivateFrameworks/InternationalSupport.framework/Versions/A/InternationalSupport
0x00007ff81a883000 	/System/Library/PrivateFrameworks/UserActivity.framework/Versions/A/UserActivity
0x00007ff819bd1000 	/usr/lib/libspindump.dylib
0x00007ff8117cf000 	/System/Library/Frameworks/UniformTypeIdentifiers.framework/Versions/A/UniformTypeIdentifiers
0x00007ff815361000 	/usr/lib/libapp_launch_measurement.dylib
0x00007ff814598000 	/System/Library/PrivateFrameworks/CoreAnalytics.framework/Versions/A/CoreAnalytics
0x00007ff815364000 	/System/Library/PrivateFrameworks/CoreAutoLayout.framework/Versions/A/CoreAutoLayout
0x00007ff816594000 	/System/Library/Frameworks/Metal.framework/Versions/A/Metal
0x00007ff8172c3000 	/usr/lib/liblangid.dylib
0x00007ff816c41000 	/System/Library/PrivateFrameworks/CoreSVG.framework/Versions/A/CoreSVG
0x00007ff812bba000 	/System/Library/PrivateFrameworks/SkyLight.framework/Versions/A/SkyLight
0x00007ff812f59000 	/System/Library/Frameworks/CoreGraphics.framework/Versions/A/CoreGraphics
0x00007ff81f025000 	/System/Library/Frameworks/Accelerate.framework/Versions/A/Accelerate
0x00007ff819650000 	/System/Library/PrivateFrameworks/IconServices.framework/Versions/A/IconServices
0x00007ff816579000 	/System/Library/Frameworks/IOSurface.framework/Versions/A/IOSurface
0x00007ff8145c6000 	/usr/lib/libDiagnosticMessagesClient.dylib
0x00007ff818909000 	/usr/lib/libz.1.dylib
0x00007ff822721000 	/System/Library/Frameworks/ApplicationServices.framework/Versions/A/ApplicationServices
0x00007ff816c28000 	/System/Library/PrivateFrameworks/DFRFoundation.framework/Versions/A/DFRFoundation
0x00007ff80ff94000 	/usr/lib/libicucore.A.dylib
0x00007ff81b5ef000 	/System/Library/Frameworks/AudioToolbox.framework/Versions/A/AudioToolbox
0x00007ff81a805000 	/System/Library/PrivateFrameworks/DataDetectorsCore.framework/Versions/A/DataDetectorsCore
0x00007ff916d09000 	/System/Library/PrivateFrameworks/TextInput.framework/Versions/A/TextInput
0x00007ff812b3d000 	/usr/lib/libMobileGestalt.dylib
0x00007ff816934000 	/System/Library/Frameworks/Carbon.framework/Versions/A/Frameworks/HIToolbox.framework/Versions/A/HIToolbox
0x00007ff814d63000 	/System/Library/Frameworks/QuartzCore.framework/Versions/A/QuartzCore
0x00007ff80fc39000 	/System/Library/Frameworks/Security.framework/Versions/A/Security
0x00007ff81e99b000 	/System/Library/Frameworks/Carbon.framework/Versions/A/Frameworks/SpeechRecognition.framework/Versions/A/SpeechRecognition
0x00007ff8150c1000 	/System/Library/PrivateFrameworks/CoreUI.framework/Versions/A/CoreUI
0x00007ff80f503000 	/System/Library/Frameworks/CoreAudio.framework/Versions/A/CoreAudio
0x00007ff8146b5000 	/System/Library/Frameworks/DiskArbitration.framework/Versions/A/DiskArbitration
0x00007ff819fc2000 	/System/Library/PrivateFrameworks/MultitouchSupport.framework/Versions/A/MultitouchSupport
0x00007ff812b3c000 	/usr/lib/libenergytrace.dylib
0x00007ff810598000 	/System/Library/Frameworks/IOKit.framework/Versions/A/IOKit
0x00007ff81ed8d000 	/System/Library/Frameworks/CoreServices.framework/Versions/A/CoreServices
0x00007ff8152fb000 	/System/Library/PrivateFrameworks/PerformanceAnalysis.framework/Versions/A/PerformanceAnalysis
0x00007ffa269d7000 	/System/Library/Frameworks/OpenGL.framework/Versions/A/OpenGL
0x00007ff817f25000 	/System/Library/PrivateFrameworks/MobileKeyBag.framework/Versions/A/MobileKeyBag
0x00007ff80da77000 	/usr/lib/libobjc.A.dylib
0x00007ff813625000 	/System/Library/Frameworks/ColorSync.framework/Versions/A/ColorSync
0x00007ff80dc32000 	/System/Library/Frameworks/CoreFoundation.framework/Versions/A/CoreFoundation
0x00007ff816eb9000 	/System/Library/Frameworks/CoreImage.framework/Versions/A/CoreImage
0x00007ff80f317000 	/System/Library/Frameworks/CoreText.framework/Versions/A/CoreText
0x00007ff816c71000 	/System/Library/Frameworks/ImageIO.framework/Versions/A/ImageIO
0x00007ff8189ef000 	/System/Library/PrivateFrameworks/SoftLinking.framework/Versions/A/SoftLinking
0x00007ff8153ac000 	/usr/lib/libxml2.2.dylib
0x00007ff80db3e000 	/usr/lib/libc++.1.dylib
0x00007ff818c73000 	/usr/lib/libcompression.dylib
0x00007ff81a72c000 	/System/Library/PrivateFrameworks/TextureIO.framework/Versions/A/TextureIO
0x00007ff819361000 	/usr/lib/libate.dylib
0x00007ff8189e4000 	/usr/lib/system/libcache.dylib
0x00007ff8189a0000 	/usr/lib/system/libcommonCrypto.dylib
0x00007ff8189c9000 	/usr/lib/system/libcompiler_rt.dylib
0x00007ff8189bf000 	/usr/lib/system/libcopyfile.dylib
0x00007ff80d972000 	/usr/lib/system/libcorecrypto.dylib
0x00007ff80da30000 	/usr/lib/system/libdispatch.dylib
0x00007ff80dbf1000 	/usr/lib/system/libdyld.dylib
0x00007ff8189db000 	/usr/lib/system/libkeymgr.dylib
0x00007ff81897e000 	/usr/lib/system/libmacho.dylib
0x00007ff817fff000 	/usr/lib/system/libquarantine.dylib
0x00007ff8189d9000 	/usr/lib/system/libremovefile.dylib
0x00007ff812b8a000 	/usr/lib/system/libsystem_asl.dylib
0x00007ff80d91b000 	/usr/lib/system/libsystem_blocks.dylib
0x00007ff80dab5000 	/usr/lib/system/libsystem_c.dylib
0x00007ff8189d1000 	/usr/lib/system/libsystem_collections.dylib
0x00007ff8172b3000 	/usr/lib/system/libsystem_configuration.dylib
0x00007ff81655c000 	/usr/lib/system/libsystem_containermanager.dylib
0x00007ff8186b6000 	/usr/lib/system/libsystem_coreservices.dylib
0x00007ff810228000 	/usr/lib/system/libsystem_darwin.dylib
0x00007ff8189dc000 	/usr/lib/system/libsystem_dnssd.dylib
0x00007ff80dab2000 	/usr/lib/system/libsystem_featureflags.dylib
0x00007ff80dc07000 	/usr/lib/system/libsystem_info.dylib
0x00007ff81891c000 	/usr/lib/system/libsystem_m.dylib
0x00007ff80da04000 	/usr/lib/system/libsystem_malloc.dylib
0x00007ff812b25000 	/usr/lib/system/libsystem_networkextension.dylib
0x00007ff810652000 	/usr/lib/system/libsystem_notify.dylib
0x00007ff81ec60000 	/usr/lib/system/libsystem_product_info_filter.dylib
0x00007ff8172b7000 	/usr/lib/system/libsystem_sandbox.dylib
0x00007ff8189d6000 	/usr/lib/system/libsystem_secinit.dylib
0x00007ff80dbad000 	/usr/lib/system/libsystem_kernel.dylib
0x00007ff80dbfd000 	/usr/lib/system/libsystem_platform.dylib
0x00007ff80dbe5000 	/usr/lib/system/libsystem_pthread.dylib
0x00007ff8143d8000 	/usr/lib/system/libsystem_symptoms.dylib
0x00007ff80d959000 	/usr/lib/system/libsystem_trace.dylib
0x00007ff8189ac000 	/usr/lib/system/libunwind.dylib
0x00007ff80d91d000 	/usr/lib/system/libxpc.dylib
0x00007ff80db97000 	/usr/lib/libc++abi.dylib
0x00007ff8189b7000 	/usr/lib/liboah.dylib
0x00007ff81913d000 	/usr/lib/liblzma.5.dylib
0x00007ff80e7c1000 	/System/Library/Frameworks/SystemConfiguration.framework/Versions/A/SystemConfiguration
0x00007ff8189eb000 	/usr/lib/libfakelink.dylib
0x00007ff812696000 	/System/Library/Frameworks/CFNetwork.framework/Versions/A/CFNetwork
0x00007ff818b2c000 	/usr/lib/libarchive.2.dylib
0x00007ff8172bf000 	/System/Library/PrivateFrameworks/AppleSystemInfo.framework/Versions/A/AppleSystemInfo
0x00007ff818026000 	/usr/lib/libbsm.0.dylib
0x00007ff811ca5000 	/usr/lib/libnetwork.dylib
0x00007ff818984000 	/usr/lib/system/libkxld.dylib
0x00007ff817c59000 	/System/Library/PrivateFrameworks/IOMobileFramebuffer.framework/Versions/A/IOMobileFramebuffer
0x00007ffb2638d000 	/usr/lib/libCoreEntitlements.dylib
0x00007ff818698000 	/System/Library/PrivateFrameworks/AppleFSCompression.framework/Versions/A/AppleFSCompression
0x00007ff81800e000 	/usr/lib/libcoretls.dylib
0x00007ff819157000 	/usr/lib/libcoretls_cfhelpers.dylib
0x00007ff818c6d000 	/usr/lib/libpam.2.dylib
0x00007ff813ff7000 	/usr/lib/libsqlite3.dylib
0x00007ff8191c6000 	/usr/lib/libxar.1.dylib
0x00007ff8186a8000 	/usr/lib/libbz2.1.0.dylib
0x00007ff8189f0000 	/usr/lib/libpcap.A.dylib
0x00007ff8143d0000 	/usr/lib/libdns_services.dylib
0x00007ff818c3d000 	/usr/lib/libapple_nghttp2.dylib
0x00007ff818a2a000 	/usr/lib/libiconv.2.dylib
0x00007ff81897d000 	/usr/lib/libcharset.1.dylib
0x00007ff81532f000 	/System/Library/Frameworks/CoreServices.framework/Versions/A/Frameworks/FSEvents.framework/Versions/A/FSEvents
0x00007ff810232000 	/System/Library/Frameworks/CoreServices.framework/Versions/A/Frameworks/CarbonCore.framework/Versions/A/CarbonCore
0x00007ff814619000 	/System/Library/Frameworks/CoreServices.framework/Versions/A/Frameworks/Metadata.framework/Versions/A/Metadata
0x00007ff8186bb000 	/System/Library/Frameworks/CoreServices.framework/Versions/A/Frameworks/OSServices.framework/Versions/A/OSServices
0x00007ff818bb2000 	/System/Library/Frameworks/CoreServices.framework/Versions/A/Frameworks/SearchKit.framework/Versions/A/SearchKit
0x00007ff814362000 	/System/Library/Frameworks/CoreServices.framework/Versions/A/Frameworks/AE.framework/Versions/A/AE
0x00007ff80e135000 	/System/Library/Frameworks/CoreServices.framework/Versions/A/Frameworks/LaunchServices.framework/Versions/A/LaunchServices
0x00007ff8190ee000 	/System/Library/Frameworks/CoreServices.framework/Versions/A/Frameworks/DictionaryServices.framework/Versions/A/DictionaryServices
0x00007ff81533c000 	/System/Library/Frameworks/CoreServices.framework/Versions/A/Frameworks/SharedFileList.framework/Versions/A/SharedFileList
0x00007ff818002000 	/usr/lib/libCheckFix.dylib
0x00007ff812ba1000 	/System/Library/PrivateFrameworks/TCC.framework/Versions/A/TCC
0x00007ff8172c5000 	/System/Library/PrivateFrameworks/CoreNLP.framework/Versions/A/CoreNLP
0x00007ff8145c9000 	/System/Library/PrivateFrameworks/MetadataUtilities.framework/Versions/A/MetadataUtilities
0x00007ff80e872000 	/usr/lib/libmecabra.dylib
0x00007ff818036000 	/usr/lib/libmecab.dylib
0x00007ff80e83d000 	/usr/lib/libCRFSuite.dylib
0x00007ff818090000 	/usr/lib/libgermantok.dylib
0x00007ff818c18000 	/usr/lib/libThaiTokenizer.dylib
0x00007ff8146bc000 	/System/Library/Frameworks/Accelerate.framework/Versions/A/Frameworks/vImage.framework/Versions/A/vImage
0x00007ff81ed64000 	/System/Library/Frameworks/Accelerate.framework/Versions/A/Frameworks/vecLib.framework/Versions/A/vecLib
0x00007ff819207000 	/System/Library/Frameworks/Accelerate.framework/Versions/A/Frameworks/vecLib.framework/Versions/A/libvMisc.dylib
0x00007ff817a84000 	/System/Library/Frameworks/Accelerate.framework/Versions/A/Frameworks/vecLib.framework/Versions/A/libvDSP.dylib
0x00007ff80e4b1000 	/System/Library/Frameworks/Accelerate.framework/Versions/A/Frameworks/vecLib.framework/Versions/A/libBLAS.dylib
0x00007ff818d50000 	/System/Library/Frameworks/Accelerate.framework/Versions/A/Frameworks/vecLib.framework/Versions/A/libLAPACK.dylib
0x00007ff818093000 	/System/Library/Frameworks/Accelerate.framework/Versions/A/Frameworks/vecLib.framework/Versions/A/libLinearAlgebra.dylib
0x00007ff818c55000 	/System/Library/Frameworks/Accelerate.framework/Versions/A/Frameworks/vecLib.framework/Versions/A/libSparseBLAS.dylib
0x00007ff818d4a000 	/System/Library/Frameworks/Accelerate.framework/Versions/A/Frameworks/vecLib.framework/Versions/A/libQuadrature.dylib
0x00007ff8173b0000 	/System/Library/Frameworks/Accelerate.framework/Versions/A/Frameworks/vecLib.framework/Versions/A/libBNNS.dylib
0x00007ff80e74b000 	/System/Library/Frameworks/Accelerate.framework/Versions/A/Frameworks/vecLib.framework/Versions/A/libSparse.dylib
0x00007ff8173a9000 	/System/Library/PrivateFrameworks/LinguisticData.framework/Versions/A/LinguisticData
0x00007ff80e701000 	/System/Library/PrivateFrameworks/Lexicon.framework/Versions/A/Lexicon
0x00007ff819200000 	/usr/lib/libChineseTokenizer.dylib
0x00007ff80ee6c000 	/System/Library/PrivateFrameworks/LanguageModeling.framework/Versions/A/LanguageModeling
0x00007ff818c1a000 	/System/Library/PrivateFrameworks/AppleSauce.framework/Versions/A/AppleSauce
0x00007ff817c47000 	/System/Library/PrivateFrameworks/CoreEmoji.framework/Versions/A/CoreEmoji
0x00007ff818b1b000 	/usr/lib/libcmph.dylib
0x00007ff815313000 	/System/Library/Frameworks/OpenDirectory.framework/Versions/A/Frameworks/CFOpenDirectory.framework/Versions/A/CFOpenDirectory
0x00007ff815307000 	/System/Library/Frameworks/OpenDirectory.framework/Versions/A/OpenDirectory
0x00007ff819159000 	/System/Library/PrivateFrameworks/APFS.framework/Versions/A/APFS
0x00007ff817f5d000 	/System/Library/Frameworks/SecurityFoundation.framework/Versions/A/SecurityFoundation
0x00007ff8191d4000 	/usr/lib/libutil.dylib
0x00007ff81055c000 	/System/Library/PrivateFrameworks/CoreServicesStore.framework/Versions/A/CoreServicesStore
0x00007ff8191d8000 	/usr/lib/libxslt.1.dylib
0x00007ff817fea000 	/System/Library/PrivateFrameworks/BackgroundTaskManagement.framework/Versions/A/BackgroundTaskManagement
0x00007ff81a64c000 	/System/Library/Frameworks/ImageIO.framework/Versions/A/Resources/libRadiance.dylib
0x00007ff81a655000 	/System/Library/Frameworks/ImageIO.framework/Versions/A/Resources/libJPEG.dylib
0x00007ff81a5a1000 	/System/Library/Frameworks/ImageIO.framework/Versions/A/Resources/libPng.dylib
0x00007ff81a5c2000 	/System/Library/Frameworks/ImageIO.framework/Versions/A/Resources/libTIFF.dylib
0x00007ff81a6b5000 	/System/Library/Frameworks/ImageIO.framework/Versions/A/Resources/libGIF.dylib
0x00007ff819edb000 	/System/Library/Frameworks/ImageIO.framework/Versions/A/Resources/libJP2.dylib
0x00007ff819616000 	/usr/lib/libexpat.1.dylib
0x00007ff819e90000 	/System/Library/PrivateFrameworks/AppleJPEG.framework/Versions/A/AppleJPEG
0x00007ff8167f9000 	/System/Library/PrivateFrameworks/FontServices.framework/libFontParser.dylib
0x00007ff81430c000 	/System/Library/PrivateFrameworks/RunningBoardServices.framework/Versions/A/RunningBoardServices
0x00007ff825038000 	/System/Library/PrivateFrameworks/IOSurfaceAccelerator.framework/Versions/A/IOSurfaceAccelerator
0x00007ff819fbe000 	/System/Library/PrivateFrameworks/WatchdogClient.framework/Versions/A/WatchdogClient
0x00007ff80ef5a000 	/System/Library/Frameworks/CoreDisplay.framework/Versions/A/CoreDisplay
0x00007ff8166f7000 	/System/Library/Frameworks/CoreMedia.framework/Versions/A/CoreMedia
0x00007ff81658b000 	/System/Library/PrivateFrameworks/IOAccelerator.framework/Versions/A/IOAccelerator
0x00007ff815490000 	/System/Library/Frameworks/CoreVideo.framework/Versions/A/CoreVideo
0x00007ff818c6b000 	/System/Library/Frameworks/MetalPerformanceShaders.framework/Versions/A/MetalPerformanceShaders
0x00007ff819ffb000 	/System/Library/Frameworks/VideoToolbox.framework/Versions/A/VideoToolbox
0x00007ff814256000 	/System/Library/PrivateFrameworks/BaseBoard.framework/Versions/A/BaseBoard
0x00007ff813fdd000 	/System/Library/PrivateFrameworks/ProtocolBuffer.framework/Versions/A/ProtocolBuffer
0x00007ff81a645000 	/System/Library/PrivateFrameworks/GPUWrangler.framework/Versions/A/GPUWrangler
0x00007ff81a629000 	/System/Library/PrivateFrameworks/IOPresentment.framework/Versions/A/IOPresentment
0x00007ff81a64f000 	/System/Library/PrivateFrameworks/DSExternalDisplay.framework/Versions/A/DSExternalDisplay
0x00007ffa269cb000 	/System/Library/Frameworks/OpenGL.framework/Versions/A/Libraries/libCoreFSCache.dylib
0x00007ffb13aa0000 	/System/Library/PrivateFrameworks/GPUCompiler.framework/Versions/31001/Libraries/libGPUCompilerUtils.dylib
0x00007ff81a6ba000 	/System/Library/PrivateFrameworks/CMCaptureCore.framework/Versions/A/CMCaptureCore
0x00007ff819bbf000 	/System/Library/PrivateFrameworks/AppServerSupport.framework/Versions/A/AppServerSupport
0x00007ff81be88000 	/System/Library/PrivateFrameworks/perfdata.framework/Versions/A/perfdata
0x00007ff80f086000 	/System/Library/PrivateFrameworks/AudioToolboxCore.framework/Versions/A/AudioToolboxCore
0x00007ff8166d5000 	/System/Library/PrivateFrameworks/caulk.framework/Versions/A/caulk
0x00007ff81b79a000 	/usr/lib/libAudioStatistics.dylib
0x00007ff91348e000 	/System/Library/PrivateFrameworks/SystemPolicy.framework/Versions/A/SystemPolicy
0x00007ff81b9f5000 	/usr/lib/libSMC.dylib
0x00007ff824930000 	/System/Library/Frameworks/CoreMIDI.framework/Versions/A/CoreMIDI
0x00007ff81a570000 	/usr/lib/libAudioToolboxUtility.dylib
0x00007ff90f6ae000 	/System/Library/PrivateFrameworks/OSAServicesClient.framework/Versions/A/OSAServicesClient
0x00007ff81be95000 	/usr/lib/libperfcheck.dylib
0x00007ff913f3f000 	/usr/lib/libmis.dylib
0x00007ffa26a26000 	/System/Library/Frameworks/OpenGL.framework/Versions/A/Libraries/libGLU.dylib
0x00007ffa269ea000 	/System/Library/Frameworks/OpenGL.framework/Versions/A/Libraries/libGFXShared.dylib
0x00007ffa26bf3000 	/System/Library/Frameworks/OpenGL.framework/Versions/A/Libraries/libGL.dylib
0x00007ffa269f3000 	/System/Library/Frameworks/OpenGL.framework/Versions/A/Libraries/libGLImage.dylib
0x00007ffa269e7000 	/System/Library/Frameworks/OpenGL.framework/Versions/A/Libraries/libCVMSPluginSupport.dylib
0x00007ffa269d2000 	/System/Library/Frameworks/OpenGL.framework/Versions/A/Libraries/libCoreVMClient.dylib
0x00007ff817241000 	/System/Library/Frameworks/MetalPerformanceShaders.framework/Versions/A/Frameworks/MPSCore.framework/Versions/A/MPSCore
0x00007ff818603000 	/System/Library/Frameworks/MetalPerformanceShaders.framework/Versions/A/Frameworks/MPSImage.framework/Versions/A/MPSImage
0x00007ff8180a9000 	/System/Library/Frameworks/MetalPerformanceShaders.framework/Versions/A/Frameworks/MPSNeuralNetwork.framework/Versions/A/MPSNeuralNetwork
0x00007ff81851d000 	/System/Library/Frameworks/MetalPerformanceShaders.framework/Versions/A/Frameworks/MPSMatrix.framework/Versions/A/MPSMatrix
0x00007ff8182d8000 	/System/Library/Frameworks/MetalPerformanceShaders.framework/Versions/A/Frameworks/MPSRayIntersector.framework/Versions/A/MPSRayIntersector
0x00007ff818555000 	/System/Library/Frameworks/MetalPerformanceShaders.framework/Versions/A/Frameworks/MPSNDArray.framework/Versions/A/MPSNDArray
0x00007ffa2c4ab000 	/System/Library/Frameworks/MetalPerformanceShaders.framework/Versions/A/Frameworks/MPSFunctions.framework/Versions/A/MPSFunctions
0x00007ff80e38d000 	/System/Library/PrivateFrameworks/MetalTools.framework/Versions/A/MetalTools
0x00007ff8172bd000 	/System/Library/PrivateFrameworks/AggregateDictionary.framework/Versions/A/AggregateDictionary
0x00007ff8193f8000 	/usr/lib/libIOReport.dylib
0x00007ffa28002000 	/System/Library/Frameworks/OpenCL.framework/Versions/A/OpenCL
0x00007ff81975d000 	/System/Library/PrivateFrameworks/FaceCore.framework/Versions/A/FaceCore
0x00007ff81974e000 	/System/Library/PrivateFrameworks/GraphVisualizer.framework/Versions/A/GraphVisualizer
0x00007ffb139ab000 	/System/Library/PrivateFrameworks/FontServices.framework/Versions/A/FontServices
0x00007ff819b77000 	/System/Library/PrivateFrameworks/OTSVG.framework/Versions/A/OTSVG
0x00007ff815076000 	/System/Library/Frameworks/ApplicationServices.framework/Versions/A/Frameworks/ATS.framework/Versions/A/Resources/libFontRegistry.dylib
0x00007ff819bc7000 	/System/Library/PrivateFrameworks/FontServices.framework/libhvf.dylib
0x00007ffb139ac000 	/System/Library/PrivateFrameworks/FontServices.framework/libXTFontStaticRegistryData.dylib
0x00007ff8195c6000 	/System/Library/PrivateFrameworks/AppleVA.framework/Versions/A/AppleVA
0x00007ff81b7ba000 	/System/Library/Frameworks/ApplicationServices.framework/Versions/A/Frameworks/ATS.framework/Versions/A/ATS
0x00007ff813723000 	/System/Library/Frameworks/ApplicationServices.framework/Versions/A/Frameworks/HIServices.framework/Versions/A/HIServices
0x00007ff81a6c4000 	/System/Library/Frameworks/ApplicationServices.framework/Versions/A/Frameworks/PrintCore.framework/Versions/A/PrintCore
0x00007ff81bb48000 	/System/Library/Frameworks/ApplicationServices.framework/Versions/A/Frameworks/QD.framework/Versions/A/QD
0x00007ff81bb40000 	/System/Library/Frameworks/ApplicationServices.framework/Versions/A/Frameworks/ColorSyncLegacy.framework/Versions/A/ColorSyncLegacy
0x00007ff81b7aa000 	/System/Library/Frameworks/ApplicationServices.framework/Versions/A/Frameworks/SpeechSynthesis.framework/Versions/A/SpeechSynthesis
0x00007ff81a685000 	/System/Library/Frameworks/ApplicationServices.framework/Versions/A/Frameworks/ATSUI.framework/Versions/A/ATSUI
0x00007ff81bad5000 	/usr/lib/libcups.2.dylib
0x00007ff81bea4000 	/System/Library/Frameworks/Kerberos.framework/Versions/A/Kerberos
0x00007ff81beb3000 	/System/Library/Frameworks/GSS.framework/Versions/A/GSS
0x00007ff81b826000 	/usr/lib/libresolv.9.dylib
0x00007ff819bd6000 	/System/Library/PrivateFrameworks/Heimdal.framework/Versions/A/Heimdal
0x00007ff822ab3000 	/System/Library/Frameworks/Kerberos.framework/Versions/A/Libraries/libHeimdalProxy.dylib
0x00007ff8143e0000 	/System/Library/Frameworks/Network.framework/Versions/A/Network
0x00007ff819631000 	/usr/lib/libheimdal-asn1.dylib
0x00007ff81befe000 	/System/Library/PrivateFrameworks/CommonAuth.framework/Versions/A/CommonAuth
0x00007ff81b72c000 	/System/Library/PrivateFrameworks/AudioSession.framework/Versions/A/AudioSession
0x00007ff8196c1000 	/System/Library/PrivateFrameworks/MediaExperience.framework/Versions/A/MediaExperience
0x00007ff81b5be000 	/System/Library/PrivateFrameworks/AudioSession.framework/libSessionUtility.dylib
0x00007ff81bb54000 	/System/Library/PrivateFrameworks/AudioResourceArbitration.framework/Versions/A/AudioResourceArbitration
0x00007ff81fbd7000 	/System/Library/PrivateFrameworks/PowerLog.framework/Versions/A/PowerLog
0x00007ff81963a000 	/System/Library/PrivateFrameworks/IconFoundation.framework/Versions/A/IconFoundation
0x00007ff81e98b000 	/System/Library/PrivateFrameworks/SpeechRecognitionCore.framework/Versions/A/SpeechRecognitionCore
0x00007ffa13447000 	/System/Library/CoreServices/Encodings/libJapaneseConverter.dylib
0x000000010c576000 	/Library/Java/JavaVirtualMachines/jdk-11.jdk/Contents/Home/lib/server/libjvm.dylib
0x000000010b378000 	/Library/Java/JavaVirtualMachines/jdk-11.jdk/Contents/Home/lib/libverify.dylib
0x000000010b3bb000 	/Library/Java/JavaVirtualMachines/jdk-11.jdk/Contents/Home/lib/libjava.dylib
0x000000010b38c000 	/Library/Java/JavaVirtualMachines/jdk-11.jdk/Contents/Home/lib/libjimage.dylib
0x000000010b3ab000 	/Library/Java/JavaVirtualMachines/jdk-11.jdk/Contents/Home/lib/libzip.dylib
0x000000010b669000 	/Library/Java/JavaVirtualMachines/jdk-11.jdk/Contents/Home/lib/libnio.dylib
0x000000010b6a0000 	/Library/Java/JavaVirtualMachines/jdk-11.jdk/Contents/Home/lib/libnet.dylib
0x000000010b6f9000 	/private/var/folders/0r/b1_lsbz908x1qv7hr1m66z580000gn/T/libgdxsawanotaijun/5c7c35de/libgdx64.dylib
0x000000010c48c000 	/Library/Java/JavaVirtualMachines/jdk-11.jdk/Contents/Home/lib/libawt.dylib
0x000000012bf01000 	/Library/Java/JavaVirtualMachines/jdk-11.jdk/Contents/Home/lib/libmlib_image.dylib
0x00007ffa2c414000 	/System/Library/Frameworks/JavaRuntimeSupport.framework/Versions/A/JavaRuntimeSupport
0x00007ff912fb2000 	/System/Library/Frameworks/Carbon.framework/Versions/A/Carbon
0x00007ff820e52000 	/System/Library/PrivateFrameworks/CoreSymbolication.framework/Versions/A/CoreSymbolication
0x00007ff8263f7000 	/System/Library/Frameworks/Carbon.framework/Versions/A/Frameworks/CommonPanels.framework/Versions/A/CommonPanels
0x00007ff822488000 	/System/Library/Frameworks/Carbon.framework/Versions/A/Frameworks/Help.framework/Versions/A/Help
0x00007ff8263fb000 	/System/Library/Frameworks/Carbon.framework/Versions/A/Frameworks/ImageCapture.framework/Versions/A/ImageCapture
0x00007ff8263cb000 	/System/Library/Frameworks/Carbon.framework/Versions/A/Frameworks/OpenScripting.framework/Versions/A/OpenScripting
0x00007ff8263f3000 	/System/Library/Frameworks/Carbon.framework/Versions/A/Frameworks/Ink.framework/Versions/A/Ink
0x00007ff912fae000 	/System/Library/Frameworks/Carbon.framework/Versions/A/Frameworks/Print.framework/Versions/A/Print
0x00007ff8263ef000 	/System/Library/Frameworks/Carbon.framework/Versions/A/Frameworks/SecurityHI.framework/Versions/A/SecurityHI
0x00007ff820e17000 	/System/Library/PrivateFrameworks/DebugSymbols.framework/Versions/A/DebugSymbols
0x000000012c06f000 	/Library/Java/JavaVirtualMachines/jdk-11.jdk/Contents/Home/lib/libawt_lwawt.dylib
0x000000010c407000 	/Library/Java/JavaVirtualMachines/jdk-11.jdk/Contents/Home/lib/libosxapp.dylib
0x00007ff91227c000 	/System/Library/Frameworks/ExceptionHandling.framework/Versions/A/ExceptionHandling
0x000000012c327000 	/Library/Java/JavaVirtualMachines/jdk-11.jdk/Contents/Home/lib/libfontmanager.dylib
0x000000012c173000 	/Library/Java/JavaVirtualMachines/jdk-11.jdk/Contents/Home/lib/libfreetype.dylib
0x00007ff81051e000 	/System/Library/PrivateFrameworks/CoreServicesInternal.framework/Versions/A/CoreServicesInternal
0x00007ff8201c8000 	/System/Library/Frameworks/FileProvider.framework/Versions/A/FileProvider
0x00007ff8141c3000 	/System/Library/Frameworks/Accounts.framework/Versions/A/Accounts
0x00007ff820341000 	/System/Library/PrivateFrameworks/GenerationalStorage.framework/Versions/A/GenerationalStorage
0x00007ff81fbcc000 	/System/Library/PrivateFrameworks/SymptomDiagnosticReporter.framework/Versions/A/SymptomDiagnosticReporter
0x00007ff8117e3000 	/System/Library/PrivateFrameworks/DesktopServicesPriv.framework/Versions/A/DesktopServicesPriv
0x00007ff810661000 	/usr/lib/libsandbox.1.dylib
0x00007ff81550f000 	/System/Library/PrivateFrameworks/UserManagement.framework/Versions/A/UserManagement
0x00007ff81bb35000 	/System/Library/PrivateFrameworks/NetAuth.framework/Versions/A/NetAuth
0x00007ff81ca44000 	/System/Library/PrivateFrameworks/Sharing.framework/Versions/A/Sharing
0x00007ff8154e2000 	/System/Library/PrivateFrameworks/login.framework/Versions/A/Frameworks/loginsupport.framework/Versions/A/loginsupport
0x00007ff821fb6000 	/System/Library/PrivateFrameworks/Apple80211.framework/Versions/A/Apple80211
0x00007ff8186e8000 	/System/Library/PrivateFrameworks/AuthKit.framework/Versions/A/AuthKit
0x00007ff817d3d000 	/System/Library/PrivateFrameworks/CoreUtils.framework/Versions/A/CoreUtils
0x00007ff817c64000 	/System/Library/Frameworks/CoreWLAN.framework/Versions/A/CoreWLAN
0x00007ff81cba3000 	/System/Library/Frameworks/IOBluetooth.framework/Versions/A/IOBluetooth
0x00007ff82201e000 	/System/Library/PrivateFrameworks/CoreWiFi.framework/Versions/A/CoreWiFi
0x00007ff8209eb000 	/System/Library/PrivateFrameworks/FrontBoardServices.framework/Versions/A/FrontBoardServices
0x00007ff820a7c000 	/System/Library/PrivateFrameworks/BoardServices.framework/Versions/A/BoardServices
0x00007ff817f4c000 	/System/Library/PrivateFrameworks/AssertionServices.framework/Versions/A/AssertionServices
0x00007ff8221a1000 	/System/Library/PrivateFrameworks/BackBoardServices.framework/Versions/A/BackBoardServices
0x00007ff81bf8f000 	/System/Library/PrivateFrameworks/CorePhoneNumbers.framework/Versions/A/CorePhoneNumbers
0x00007ff81b853000 	/System/Library/PrivateFrameworks/MultiverseSupport.framework/Versions/A/MultiverseSupport
0x00007ff822415000 	/System/Library/PrivateFrameworks/RemoteServiceDiscovery.framework/Versions/A/RemoteServiceDiscovery
0x00007ff81fce9000 	/System/Library/PrivateFrameworks/DiskManagement.framework/Versions/A/DiskManagement
0x00007ff81fbfd000 	/System/Library/PrivateFrameworks/AppleIDAuthSupport.framework/Versions/A/AppleIDAuthSupport
0x00007ffb0e327000 	/System/Library/PrivateFrameworks/AAAFoundation.framework/Versions/A/AAAFoundation
0x00007ff81bf70000 	/System/Library/PrivateFrameworks/KeychainCircle.framework/Versions/A/KeychainCircle
0x00007ff822425000 	/System/Library/PrivateFrameworks/RemoteXPC.framework/Versions/A/RemoteXPC
0x00007ff81fcb5000 	/System/Library/PrivateFrameworks/MediaKit.framework/Versions/A/MediaKit
0x00007ff81fc09000 	/System/Library/Frameworks/DiscRecording.framework/Versions/A/DiscRecording
0x00007ff81953e000 	/usr/lib/libCoreStorage.dylib
0x00007ff822490000 	/usr/lib/libcsfde.dylib
0x00007ff81cc70000 	/System/Library/PrivateFrameworks/ProtectedCloudStorage.framework/Versions/A/ProtectedCloudStorage
0x00007ff82248c000 	/System/Library/PrivateFrameworks/EFILogin.framework/Versions/A/EFILogin
0x00007ff820367000 	/System/Library/PrivateFrameworks/OctagonTrust.framework/Versions/A/OctagonTrust
0x00007ffb12c0f000 	/System/Library/PrivateFrameworks/CoreUtilsExtras.framework/Versions/A/CoreUtilsExtras
0x00007ff81fb30000 	/System/Library/Frameworks/CoreBluetooth.framework/Versions/A/CoreBluetooth
0x00007ff822b38000 	/System/Library/Frameworks/AudioUnit.framework/Versions/A/AudioUnit
0x00007ff819536000 	/usr/lib/libMatch.1.dylib
0x00007ff91ad3f000 	/System/Library/CoreServices/RawCamera.bundle/Contents/MacOS/RawCamera
0x00007ff81bf0e000 	/System/Library/PrivateFrameworks/MobileAsset.framework/Versions/A/MobileAsset
0x00007ff822b5f000 	/System/Library/PrivateFrameworks/StreamingZip.framework/Versions/A/StreamingZip
0x00007ffb0ff03000 	/System/Library/PrivateFrameworks/CMPhoto.framework/Versions/A/CMPhoto
0x00007ff820ced000 	/System/Library/PrivateFrameworks/AppleVPA.framework/Versions/A/AppleVPA
0x00007ff81a8ee000 	/System/Library/Frameworks/MediaToolbox.framework/Versions/A/MediaToolbox
0x00007ff820198000 	/System/Library/PrivateFrameworks/CoreAVCHD.framework/Versions/A/CoreAVCHD
0x00007ff81f06d000 	/System/Library/Frameworks/MediaAccessibility.framework/Versions/A/MediaAccessibility
0x00007ff820194000 	/System/Library/PrivateFrameworks/Mangrove.framework/Versions/A/Mangrove
0x00007ff81f078000 	/System/Library/PrivateFrameworks/AlgosScoreFramework.framework/Versions/A/AlgosScoreFramework
0x00007ff81fdd9000 	/System/Library/PrivateFrameworks/CoreAUC.framework/Versions/A/CoreAUC
0x00007ff918568000 	/System/Library/Frameworks/Accelerate.framework/Versions/A/Frameworks/vImage.framework/Versions/A/Libraries/libCGInterfaces.dylib
0x000000012c03a000 	/usr/lib/libobjc-trampolines.dylib
0x00007ff815207000 	/System/Library/PrivateFrameworks/ViewBridge.framework/Versions/A/ViewBridge
0x0000000134936000 	/private/var/folders/0r/b1_lsbz908x1qv7hr1m66z580000gn/T/libgdxsawanotaijun/f7649394/liblwjgl.dylib
0x000000012c029000 	/Library/Java/JavaVirtualMachines/jdk-11.jdk/Contents/Home/lib/libjawt.dylib
0x00000001348b4000 	/private/var/folders/0r/b1_lsbz908x1qv7hr1m66z580000gn/T/libgdxsawanotaijun/f7649394/openal.dylib
0x0000000134c9f000 	/System/Library/Components/CoreAudio.component/Contents/MacOS/CoreAudio
0x0000000134910000 	/System/Library/Extensions/AppleHDA.kext/Contents/PlugIns/AppleHDAHALPlugIn.bundle/Contents/MacOS/AppleHDAHALPlugIn
0x00007ffa2d690000 	/System/Library/Frameworks/OpenAL.framework/Versions/A/OpenAL
0x00000001360fe000 	/System/Library/Components/AudioDSP.component/Contents/MacOS/AudioDSP
0x00007ff9132a6000 	/System/Library/Frameworks/AVFoundation.framework/Versions/A/AVFoundation
0x00007ffa2b0c2000 	/System/Library/Frameworks/AVFAudio.framework/Versions/A/AVFAudio
0x00007ff8207fb000 	/System/Library/PrivateFrameworks/AVFCore.framework/Versions/A/AVFCore
0x00007ff827ab7000 	/System/Library/PrivateFrameworks/AVFCapture.framework/Versions/A/AVFCapture
0x00007ff911f19000 	/System/Library/PrivateFrameworks/AirPlaySync.framework/Versions/A/AirPlaySync
0x00007ffb0feec000 	/System/Library/PrivateFrameworks/CMImaging.framework/Versions/A/CMImaging
0x00007ff827c09000 	/System/Library/PrivateFrameworks/Quagga.framework/Versions/A/Quagga
0x00007ff90d91b000 	/System/Library/PrivateFrameworks/CMCapture.framework/Versions/A/CMCapture
0x00007ff81b915000 	/System/Library/Frameworks/CoreMediaIO.framework/Versions/A/CoreMediaIO
0x00007ff822c60000 	/System/Library/PrivateFrameworks/Espresso.framework/Versions/A/Espresso
0x00007ff822529000 	/System/Library/PrivateFrameworks/AppSupport.framework/Versions/A/AppSupport
0x00007ffa1963d000 	/System/Library/PrivateFrameworks/ANECompiler.framework/Versions/A/ANECompiler
0x00007ff8248b0000 	/System/Library/PrivateFrameworks/AppleNeuralEngine.framework/Versions/A/AppleNeuralEngine
0x00007ffb164a0000 	/System/Library/PrivateFrameworks/MIL.framework/Versions/A/MIL
0x00007ffa2c4be000 	/System/Library/Frameworks/MetalPerformanceShadersGraph.framework/Versions/A/MetalPerformanceShadersGraph
0x00007ff8237ff000 	/System/Library/PrivateFrameworks/ANEServices.framework/Versions/A/ANEServices
0x00007ff917d0f000 	/usr/lib/libncurses.5.4.dylib
0x00007ffb26321000 	/usr/lib/libAudioDSPCore.dylib
0x00007ffa26bfe000 	/System/Library/Frameworks/OpenGL.framework/Versions/A/Resources/GLEngine.bundle/GLEngine
0x00007ffa26a64000 	/System/Library/Frameworks/OpenGL.framework/Versions/A/Libraries/libGLProgrammability.dylib
0x00007ffa219a9000 	/System/Library/Extensions/AppleIntelHD5000GraphicsGLDriver.bundle/Contents/MacOS/AppleIntelHD5000GraphicsGLDriver
0x00007ff91e0df000 	/System/Library/PrivateFrameworks/GPUSupport.framework/Versions/A/Libraries/libGPUSupportMercury.dylib
0x00007ffa26d88000 	/System/Library/Frameworks/OpenGL.framework/Versions/A/Resources/GLRendererFloat.bundle/GLRendererFloat
0x00007ff819c8e000 	/System/Library/PrivateFrameworks/login.framework/Versions/A/login


VM Arguments:
jvm_args: -Dfile.encoding=UTF-8 -Duser.country=JP -Duser.language=ja -Duser.variant 
java_command: com.frappagames.gdx2048.desktop.DesktopLauncher
java_class_path (initial): /Users/sawanotaijun/Downloads/android/libgdx13/gdx2048/desktop/build/classes/java/main:/Users/sawanotaijun/Downloads/android/libgdx13/gdx2048/desktop/build/resources/main:/Users/sawanotaijun/.gradle/caches/modules-2/files-2.1/com.badlogicgames.gdx/gdx-backend-lwjgl/1.12.0/cd2ccf53d2c0ae63cc821c3d7b9969cd16b66da8/gdx-backend-lwjgl-1.12.0.jar:/Users/sawanotaijun/.gradle/caches/modules-2/files-2.1/com.badlogicgames.gdx/gdx-platform/1.12.0/47e1147f66a38eb0fad40582df5175f6326ce5b8/gdx-platform-1.12.0-natives-desktop.jar:/Users/sawanotaijun/.gradle/caches/modules-2/files-2.1/com.badlogicgames.gdx/gdx-box2d-platform/1.12.0/7b6b430c4a58354e86722759298472948f341f3b/gdx-box2d-platform-1.12.0-natives-desktop.jar:/Users/sawanotaijun/.gradle/caches/modules-2/files-2.1/de.tomgrill.gdxdialogs/gdx-dialogs-desktop/1.2.5/233048054a845d7a59d86c54e9d74f95749f74b5/gdx-dialogs-desktop-1.2.5.jar:/Users/sawanotaijun/.gradle/caches/modules-2/files-2.1/com.badlogicgames.gdx/gdx-freetype-platform/1.12.0/d123cfd023644940ddbb195c36215c656fa26569/gdx-freetype-platform-1.12.0-natives-desktop.jar:/Users/sawanotaijun/Downloads/android/libgdx13/gdx2048/core/build/libs/core-1.0.0.jar:/Users/sawanotaijun/.gradle/caches/modules-2/files-2.1/de.tomgrill.gdxdialogs/gdx-dialogs-core/1.2.5/c55ef7e82d013ea7d99a66dcbdc24cfa7127337e/gdx-dialogs-core-1.2.5.jar:/Users/sawanotaijun/.gradle/caches/modules-2/files-2.1/com.github.antzGames/gdx-ode4j/master-SNAPSHOT/694742ea02ad6d289b7f5af89c6293eafdfd7a98/gdx-ode4j-master-SNAPSHOT.jar:/Users/sawanotaijun/.gradle/caches/modules-2/files-2.1/com.badlogicgames.gdx/gdx-box2d/1.12.0/aea4c00da8a8faad8cfe6345d804277229e70aba/gdx-box2d-1.12.0.jar:/Users/sawanotaijun/.gradle/caches/modules-2/files-2.1/com.kotcrab.vis/vis-ui/1.3.0/639741faa66a560197ee06a9412949402c831796/vis-ui-1.3.0.jar:/Users/sawanotaijun/.gradle/caches/modules-2/files-2.1/com.badlogicgames.gdx/gdx-freetype/1.12.0/5c9ce57d7e95c35dead37f674d23c023c1a4167d/gdx-freetype-1.12.0.jar:/
Launcher Type: SUN_STANDARD

[Global flags]
     intx CICompilerCount                          = 3                                         {product} {ergonomic}
     uint ConcGCThreads                            = 1                                         {product} {ergonomic}
     uint G1ConcRefinementThreads                  = 4                                         {product} {ergonomic}
   size_t G1HeapRegionSize                         = 1048576                                   {product} {ergonomic}
    uintx GCDrainStackTargetSize                   = 64                                        {product} {ergonomic}
   size_t InitialHeapSize                          = 134217728                                 {product} {ergonomic}
   size_t MarkStackSize                            = 4194304                                   {product} {ergonomic}
   size_t MaxHeapSize                              = 2147483648                                {product} {ergonomic}
   size_t MaxNewSize                               = 1287651328                                {product} {ergonomic}
   size_t MinHeapDeltaBytes                        = 1048576                                   {product} {ergonomic}
    uintx NonNMethodCodeHeapSize                   = 5830732                                {pd product} {ergonomic}
    uintx NonProfiledCodeHeapSize                  = 122913754                              {pd product} {ergonomic}
    uintx ProfiledCodeHeapSize                     = 122913754                              {pd product} {ergonomic}
    uintx ReservedCodeCacheSize                    = 251658240                              {pd product} {ergonomic}
     bool SegmentedCodeCache                       = true                                      {product} {ergonomic}
     bool UseCompressedClassPointers               = true                                 {lp64_product} {ergonomic}
     bool UseCompressedOops                        = true                                 {lp64_product} {ergonomic}
     bool UseG1GC                                  = true                                      {product} {ergonomic}

Logging:
Log output configuration:
 #0: stdout all=warning uptime,level,tags
 #1: stderr all=off uptime,level,tags

Environment Variables:
JAVA_HOME=/Library/Java/JavaVirtualMachines/jdk-11.jdk/Contents/Home/
PATH=/Library/Frameworks/Python.framework/Versions/3.7/bin:/Users/sawanotaijun/Downloads/android-sdk-macosx/tools:/Users/sawanotaijun/Downloads/android-sdk-macosx/platform-tools:/Users/sawanotaijun/Downloads/android-sdk-macosx:/Users/sawanotaijun/Downloads/android/cocos/cocos2d-x-3.17.2/templates:/Users/sawanotaijun/Downloads/android/cocos:/Users/sawanotaijun/Downloads/android/cocos/cocos2d-x-3.17.2/tools/cocos2d-console/bin:/Users/sawanotaijun/Documents/workspace/j2swift/bin:/Users/sawanotaijun/.rbenv/shims:/Users/sawanotaijun/.rbenv/bin:/Users/sawanotaijun/Downloads/j2objc/j2objc-master/dist:/Users/sawanotaijun/Download/libgdx-1/sources:/Users/sawanotaijun/Download/libgdx-1:/Users/sawanotaijun/.rbenv/shims/ruby:/Users/sawanotaijun/.gem/ruby/2.7.0/bin:/Users/sawanotaijun/Downloads/apache-maven-3.3.9/bin:/Users/sawanotaijun/bin:~/bin:/Users/sawanotaijun/.nodebrew/current/bin:/Users/sawanotaijun/Downloads/android-sdk-macosx/platform-tools/:/Users/sawanotaijun/scripts:/Users/sawanotaijun/Downloads/android/cocos/cocos2d-x-3.17.2/templates:/Users/sawanotaijun/Downloads/android/cocos:/Users/sawanotaijun/Downloads/android/cocos/cocos2d-x-3.17.2/tools/cocos2d-console/bin:/usr/local/bin:/usr/bin:/bin:/usr/sbin:/sbin:/usr/local/share/dotnet:/opt/X11/bin:~/.dotnet/tools:/Library/Apple/usr/bin:/Library/Frameworks/Mono.framework/Versions/Current/Commands:/Applications/Xamarin Workbooks.app/Contents/SharedSupport/path-bin:/usr/bin:/bin:/Users/sawanotaijun/bin:~/bin:/Users/sawanotaijun/.nodebrew/current/bin:/Users/sawanotaijun/Downloads/android-sdk-macosx/platform-tools/:/Users/sawanotaijun/scripts:/Users/sawanotaijun/Downloads/android/cocos/cocos2d-x-3.17.2/templates:/Users/sawanotaijun/Downloads/android/cocos:/Users/sawanotaijun/Downloads/android/cocos/cocos2d-x-3.17.2/tools/cocos2d-console/bin:/usr/local/bin:/usr/bin:/bin:/usr/sbin:/sbin:/usr/local/share/dotnet:/opt/X11/bin:~/.dotnet/tools:/Library/Apple/usr/bin:/Library/Frameworks/Mono.framework/Versions/Current/Commands:/Applic
LD_LIBRARY_PATH=/Library/Developer/CommandLineTools/SDKs/MacOSX10.14.sdk/System/Library/Frameworks/Foundation.framework/Versions/C/Headers/:/usr/local/lib:/usr/lib
SHELL=/bin/zsh
DISPLAY=/private/tmp/com.apple.launchd.XaDbwzgKpN/org.macosforge.xquartz:0

Signal Handlers:
SIGSEGV: [libjvm.dylib+0x791ee6], sa_mask[0]=11111111011111110111111111111111, sa_flags=SA_ONSTACK|SA_RESTART|SA_SIGINFO
SIGBUS: [libjvm.dylib+0x791ee6], sa_mask[0]=11111111011111110111111111111111, sa_flags=SA_RESTART|SA_SIGINFO
SIGFPE: [libjvm.dylib+0x791ee6], sa_mask[0]=11111111011111110111111111111111, sa_flags=SA_RESTART|SA_SIGINFO
SIGPIPE: [libjvm.dylib+0x6441d8], sa_mask[0]=11111111011111110111111111111111, sa_flags=SA_RESTART|SA_SIGINFO
SIGXFSZ: [libjvm.dylib+0x6441d8], sa_mask[0]=11111111011111110111111111111111, sa_flags=SA_RESTART|SA_SIGINFO
SIGILL: [libjvm.dylib+0x791ee6], sa_mask[0]=11111111011111110111111111111111, sa_flags=SA_RESTART|SA_SIGINFO
SIGUSR2: [libjvm.dylib+0x6447ec], sa_mask[0]=00100000000000000000000000000000, sa_flags=SA_RESTART|SA_SIGINFO
SIGHUP: [libjvm.dylib+0x64320b], sa_mask[0]=11111111011111110111111111111111, sa_flags=SA_RESTART|SA_SIGINFO
SIGINT: [libjvm.dylib+0x64320b], sa_mask[0]=11111111011111110111111111111111, sa_flags=SA_RESTART|SA_SIGINFO
SIGTERM: [libjvm.dylib+0x64320b], sa_mask[0]=11111111011111110111111111111111, sa_flags=SA_RESTART|SA_SIGINFO
SIGQUIT: [libjvm.dylib+0x64320b], sa_mask[0]=11111111011111110111111111111111, sa_flags=SA_RESTART|SA_SIGINFO


---------------  S Y S T E M  ---------------

OS:uname:Darwin 21.6.0 Darwin Kernel Version 21.6.0: Mon Jun 24 00:56:10 PDT 2024; root:xnu-8020.240.18.709.2~1/RELEASE_X86_64 x86_64
rlimit: STACK 8192k, CORE 0k, NPROC 1392, NOFILE 10240, AS infinity, DATA infinity, FSIZE infinity
load average:1.75 2.09 2.23

CPU:total 4 (initial active 4) (2 cores per cpu, 2 threads per core) family 6 model 69 stepping 1 microcode 0x26, cmov, cx8, fxsr, mmx, sse, sse2, sse3, ssse3, sse4.1, sse4.2, popcnt, avx, avx2, aes, clmul, erms, lzcnt, ht, tsc, tscinvbit, bmi1, bmi2, fma

Memory: 4k page, physical 8388608k(36220k free)

vm_info: Java HotSpot(TM) 64-Bit Server VM (11.0.21+9-LTS-193) for bsd-amd64 JRE (11.0.21+9-LTS-193), built on Sep 13 2023 10:08:23 by "mach5one" with gcc Apple LLVM 12.0.0 (clang-1200.0.32.29)

END.
